********
VERSION1
********
Processing type HRT
Information for Project 2008-115 ICE-L
---------------------------------------------
FY=2008
CY=2007
  Project Mgr(s):  Jorgen Jensen
    Scientist(s):  Andy Heymsfield
   Programmer(s):  Chris Webster
Production Proc.:  
MSS Project Directory Name:  ICE-L
MSS Read Password:
---------------------------------------------------
#  16 Job(s) submitted on Thu, 25 Sep 2008 16:15:56 local
ssh -x bora msput_job -pe 32767 -pr 41113009 -wpwd RAFDMG  /scr/raf2/Prod_Data/ICE-L/ICE-Lrf01h.nc
mss:/ATD/DATA/2007/ICE-L/C130_N130AR/HRT/RF01.20071107.175400_222200.PNI.nc
ssh -x bora msput_job -pe 32767 -pr 41113009 -wpwd RAFDMG  /scr/raf2/Prod_Data/ICE-L/ICE-Lrf02h.nc
mss:/ATD/DATA/2007/ICE-L/C130_N130AR/HRT/RF02.20071113.155700_195840.PNI.nc
ssh -x bora msput_job -pe 32767 -pr 41113009 -wpwd RAFDMG  /scr/raf2/Prod_Data/ICE-L/ICE-Lrf03h.nc
mss:/ATD/DATA/2007/ICE-L/C130_N130AR/HRT/RF03.20071116.165800_230800.PNI.nc
ssh -x bora msput_job -pe 32767 -pr 41113009 -wpwd RAFDMG  /scr/raf2/Prod_Data/ICE-L/ICE-Lrf04h.nc
mss:/ATD/DATA/2007/ICE-L/C130_N130AR/HRT/RF04.20071118.185620_235400.PNI.nc
ssh -x bora msput_job -pe 32767 -pr 41113009 -wpwd RAFDMG  /scr/raf2/Prod_Data/ICE-L/ICE-Lrf05h.nc
mss:/ATD/DATA/2007/ICE-L/C130_N130AR/HRT/RF05.20071120.165900_002530.PNI.nc
ssh -x bora msput_job -pe 32767 -pr 41113009 -wpwd RAFDMG  /scr/raf2/Prod_Data/ICE-L/ICE-Lrf06h.nc
mss:/ATD/DATA/2007/ICE-L/C130_N130AR/HRT/RF06.20071129.160400_221250.PNI.nc
ssh -x bora msput_job -pe 32767 -pr 41113009 -wpwd RAFDMG  /scr/raf2/Prod_Data/ICE-L/ICE-Lrf07h.nc
mss:/ATD/DATA/2007/ICE-L/C130_N130AR/HRT/RF07.20071130.155800_203700.PNI.nc
ssh -x bora msput_job -pe 32767 -pr 41113009 -wpwd RAFDMG  /scr/raf2/Prod_Data/ICE-L/ICE-Lrf08h.nc
mss:/ATD/DATA/2007/ICE-L/C130_N130AR/HRT/RF08.20071204.172800_201450.PNI.nc
ssh -x bora msput_job -pe 32767 -pr 41113009 -wpwd RAFDMG  /scr/raf2/Prod_Data/ICE-L/ICE-Lrf09h.nc
mss:/ATD/DATA/2007/ICE-L/C130_N130AR/HRT/RF09.20071210.162400_200130.PNI.nc
ssh -x bora msput_job -pe 32767 -pr 41113009 -wpwd RAFDMG  /scr/raf2/Prod_Data/ICE-L/ICE-Lrf10h.nc
mss:/ATD/DATA/2007/ICE-L/C130_N130AR/HRT/RF10.20071211.190300_234200.PNI.nc
ssh -x bora msput_job -pe 32767 -pr 41113009 -wpwd RAFDMG  /scr/raf2/Prod_Data/ICE-L/ICE-Lrf11h.nc
mss:/ATD/DATA/2007/ICE-L/C130_N130AR/HRT/RF11.20071213.160100_212841.PNI.nc
ssh -x bora msput_job -pe 32767 -pr 41113009 -wpwd RAFDMG  /scr/raf2/Prod_Data/ICE-L/ICE-Lrf12h.nc
mss:/ATD/DATA/2007/ICE-L/C130_N130AR/HRT/RF12.20071216.161000_201610.PNI.nc
ssh -x bora msput_job -pe 32767 -pr 41113009 -wpwd RAFDMG  /scr/raf2/Prod_Data/ICE-L/ICE-Ltf01h.nc
mss:/ATD/DATA/2007/ICE-L/C130_N130AR/HRT/TF01.20071029.181500_193850.PNI.nc
ssh -x bora msput_job -pe 32767 -pr 41113009 -wpwd RAFDMG  /scr/raf2/Prod_Data/ICE-L/ICE-Ltf02h.nc
mss:/ATD/DATA/2007/ICE-L/C130_N130AR/HRT/TF02.20071101.210400_235300.PNI.nc
ssh -x bora msput_job -pe 32767 -pr 41113009 -wpwd RAFDMG  /scr/raf2/Prod_Data/ICE-L/ICE-Ltf03h.nc
mss:/ATD/DATA/2007/ICE-L/C130_N130AR/HRT/TF03.20071105.202700_230900.PNI.nc
ssh -x bora msput_job -pe 32767 -pr 41113009 -wpwd RAFDMG  /scr/raf2/Prod_Data/ICE-L/ICE-Ltf04h.nc
mss:/ATD/DATA/2007/ICE-L/C130_N130AR/HRT/TF04.20071212.190500_220040.PNI.nc
Run the commands as listed? yes == enter, no == anything else: 
#  msrcp job for HRT/RF01.20071107.175400_222200.PNI.nc -- OK -- Thu, 25 Sep 2008 16:16:29 local
#  msrcp job for HRT/RF02.20071113.155700_195840.PNI.nc -- OK -- Thu, 25 Sep 2008 16:17:06 local
#  msrcp job for HRT/RF03.20071116.165800_230800.PNI.nc -- OK -- Thu, 25 Sep 2008 16:18:30 local
#  msrcp job for HRT/RF04.20071118.185620_235400.PNI.nc -- OK -- Thu, 25 Sep 2008 16:19:44 local
#  msrcp job for HRT/RF05.20071120.165900_002530.PNI.nc -- OK -- Thu, 25 Sep 2008 16:20:20 local
#  msrcp job for HRT/RF06.20071129.160400_221250.PNI.nc -- OK -- Thu, 25 Sep 2008 16:20:50 local
#  msrcp job for HRT/RF07.20071130.155800_203700.PNI.nc -- OK -- Thu, 25 Sep 2008 16:21:51 local
#  msrcp job for HRT/RF08.20071204.172800_201450.PNI.nc -- OK -- Thu, 25 Sep 2008 16:22:18 local
#  msrcp job for HRT/RF09.20071210.162400_200130.PNI.nc -- OK -- Thu, 25 Sep 2008 16:22:43 local
#  msrcp job for HRT/RF10.20071211.190300_234200.PNI.nc -- OK -- Thu, 25 Sep 2008 16:23:23 local
#  msrcp job for HRT/RF11.20071213.160100_212841.PNI.nc -- OK -- Thu, 25 Sep 2008 16:23:50 local
#  msrcp job for HRT/RF12.20071216.161000_201610.PNI.nc -- OK -- Thu, 25 Sep 2008 16:24:32 local
#  msrcp job for HRT/TF01.20071029.181500_193850.PNI.nc -- OK -- Thu, 25 Sep 2008 16:24:41 local
#  msrcp job for HRT/TF02.20071101.210400_235300.PNI.nc -- OK -- Thu, 25 Sep 2008 16:25:05 local
#  msrcp job for HRT/TF03.20071105.202700_230900.PNI.nc -- OK -- Thu, 25 Sep 2008 16:25:29 local
#  msrcp job for HRT/TF04.20071212.190500_220040.PNI.nc -- OK -- Thu, 25 Sep 2008 16:26:00 local
#   Successful completion on Thu, 25 Sep 2008 16:26:00 local

********
VERSION2
********
Processing type HRT
Information for Project 2008-115 ICE-L
---------------------------------------------
FY=2008
CY=2007
  Project Mgr(s):  Jorgen Jensen
    Scientist(s):  Andy Heymsfield
   Programmer(s):  Chris Webster
Production Proc.:  
MSS Project Directory Name:  ICE-L
MSS Read Password:
Digital camera file source directory:  /scr/raf2/Raw_Data/ICE-L/Camera
---------------------------------------------------

#  16 Job(s) submitted on Wed, 17 Dec 2008 15:31:13 local
ssh -x bora msput_job -pe 32767 -pr 41113009 -wpwd RAFDMG  /scr/raf2/Prod_Data/ICE-L/HRT/ICE-Lrf01h.nc
mss:/ATD/DATA/2007/ICE-L/C130_N130AR/HRT/RF01.20071107.175400_222200.PNI.nc
ssh -x bora msput_job -pe 32767 -pr 41113009 -wpwd RAFDMG  /scr/raf2/Prod_Data/ICE-L/HRT/ICE-Lrf02h.nc
mss:/ATD/DATA/2007/ICE-L/C130_N130AR/HRT/RF02.20071113.155700_195840.PNI.nc
ssh -x bora msput_job -pe 32767 -pr 41113009 -wpwd RAFDMG  /scr/raf2/Prod_Data/ICE-L/HRT/ICE-Lrf03h.nc
mss:/ATD/DATA/2007/ICE-L/C130_N130AR/HRT/RF03.20071116.165800_230800.PNI.nc
ssh -x bora msput_job -pe 32767 -pr 41113009 -wpwd RAFDMG  /scr/raf2/Prod_Data/ICE-L/HRT/ICE-Lrf04h.nc
mss:/ATD/DATA/2007/ICE-L/C130_N130AR/HRT/RF04.20071118.185620_235400.PNI.nc
ssh -x bora msput_job -pe 32767 -pr 41113009 -wpwd RAFDMG  /scr/raf2/Prod_Data/ICE-L/HRT/ICE-Lrf05h.nc
mss:/ATD/DATA/2007/ICE-L/C130_N130AR/HRT/RF05.20071120.165900_002530.PNI.nc
ssh -x bora msput_job -pe 32767 -pr 41113009 -wpwd RAFDMG  /scr/raf2/Prod_Data/ICE-L/HRT/ICE-Lrf06h.nc
mss:/ATD/DATA/2007/ICE-L/C130_N130AR/HRT/RF06.20071129.160400_221250.PNI.nc
ssh -x bora msput_job -pe 32767 -pr 41113009 -wpwd RAFDMG  /scr/raf2/Prod_Data/ICE-L/HRT/ICE-Lrf07h.nc
mss:/ATD/DATA/2007/ICE-L/C130_N130AR/HRT/RF07.20071130.155800_203700.PNI.nc
ssh -x bora msput_job -pe 32767 -pr 41113009 -wpwd RAFDMG  /scr/raf2/Prod_Data/ICE-L/HRT/ICE-Lrf08h.nc
mss:/ATD/DATA/2007/ICE-L/C130_N130AR/HRT/RF08.20071204.172800_201450.PNI.nc
ssh -x bora msput_job -pe 32767 -pr 41113009 -wpwd RAFDMG  /scr/raf2/Prod_Data/ICE-L/HRT/ICE-Lrf09h.nc
mss:/ATD/DATA/2007/ICE-L/C130_N130AR/HRT/RF09.20071210.162400_200130.PNI.nc
ssh -x bora msput_job -pe 32767 -pr 41113009 -wpwd RAFDMG  /scr/raf2/Prod_Data/ICE-L/HRT/ICE-Lrf10h.nc
mss:/ATD/DATA/2007/ICE-L/C130_N130AR/HRT/RF10.20071211.190300_234200.PNI.nc
ssh -x bora msput_job -pe 32767 -pr 41113009 -wpwd RAFDMG  /scr/raf2/Prod_Data/ICE-L/HRT/ICE-Lrf11h.nc
mss:/ATD/DATA/2007/ICE-L/C130_N130AR/HRT/RF11.20071213.160100_212841.PNI.nc
ssh -x bora msput_job -pe 32767 -pr 41113009 -wpwd RAFDMG  /scr/raf2/Prod_Data/ICE-L/HRT/ICE-Lrf12h.nc
mss:/ATD/DATA/2007/ICE-L/C130_N130AR/HRT/RF12.20071216.161000_201610.PNI.nc
ssh -x bora msput_job -pe 32767 -pr 41113009 -wpwd RAFDMG  /scr/raf2/Prod_Data/ICE-L/HRT/ICE-Ltf01h.nc
mss:/ATD/DATA/2007/ICE-L/C130_N130AR/HRT/TF01.20071029.181500_193850.PNI.nc
ssh -x bora msput_job -pe 32767 -pr 41113009 -wpwd RAFDMG  /scr/raf2/Prod_Data/ICE-L/HRT/ICE-Ltf02h.nc
mss:/ATD/DATA/2007/ICE-L/C130_N130AR/HRT/TF02.20071101.210400_235300.PNI.nc
ssh -x bora msput_job -pe 32767 -pr 41113009 -wpwd RAFDMG  /scr/raf2/Prod_Data/ICE-L/HRT/ICE-Ltf03h.nc
mss:/ATD/DATA/2007/ICE-L/C130_N130AR/HRT/TF03.20071105.202700_230900.PNI.nc
ssh -x bora msput_job -pe 32767 -pr 41113009 -wpwd RAFDMG  /scr/raf2/Prod_Data/ICE-L/HRT/ICE-Ltf04h.nc
mss:/ATD/DATA/2007/ICE-L/C130_N130AR/HRT/TF04.20071212.190500_220040.PNI.nc
Run the commands as listed? yes == enter, no == anything else: 
#  msrcp job for HRT/RF01.20071107.175400_222200.PNI.nc -- OK -- Wed, 17 Dec 2008 15:31:42 local
#  msrcp job for HRT/RF02.20071113.155700_195840.PNI.nc -- OK -- Wed, 17 Dec 2008 15:32:05 local
#  msrcp job for HRT/RF03.20071116.165800_230800.PNI.nc -- OK -- Wed, 17 Dec 2008 15:33:38 local
#  msrcp job for HRT/RF04.20071118.185620_235400.PNI.nc -- OK -- Wed, 17 Dec 2008 15:34:06 local
#  msrcp job for HRT/RF05.20071120.165900_002530.PNI.nc -- OK -- Wed, 17 Dec 2008 15:35:40 local
#  msrcp job for HRT/RF06.20071129.160400_221250.PNI.nc -- OK -- Wed, 17 Dec 2008 15:37:47 local
#  msrcp job for HRT/RF07.20071130.155800_203700.PNI.nc -- OK -- Wed, 17 Dec 2008 15:38:58 local
#  msrcp job for HRT/RF08.20071204.172800_201450.PNI.nc -- OK -- Wed, 17 Dec 2008 15:39:26 local
#  msrcp job for HRT/RF09.20071210.162400_200130.PNI.nc -- OK -- Wed, 17 Dec 2008 15:39:42 local
#  msrcp job for HRT/RF10.20071211.190300_234200.PNI.nc -- OK -- Wed, 17 Dec 2008 15:40:03 local
#  msrcp job for HRT/RF11.20071213.160100_212841.PNI.nc -- OK -- Wed, 17 Dec 2008 15:41:48 local
#  msrcp job for HRT/RF12.20071216.161000_201610.PNI.nc -- OK -- Wed, 17 Dec 2008 15:42:41 local
#  msrcp job for HRT/TF01.20071029.181500_193850.PNI.nc -- OK -- Wed, 17 Dec 2008 15:42:51 local
#  msrcp job for HRT/TF02.20071101.210400_235300.PNI.nc -- OK -- Wed, 17 Dec 2008 15:45:13 local
#  msrcp job for HRT/TF03.20071105.202700_230900.PNI.nc -- OK -- Wed, 17 Dec 2008 15:45:29 local
#  msrcp job for HRT/TF04.20071212.190500_220040.PNI.nc -- OK -- Wed, 17 Dec 2008 15:46:59 local
#   Successful completion on Wed, 17 Dec 2008 15:46:59 local
