 ./archive_camera started Wed Oct  1 16:20:07 MDT 2008
 archcam.115.fwd:  This is a production run.
  Tar files from RF01 WILL be archived to the CISL Mass Store System (MSS).
#   Completed on Wed Oct  1 16:35:56 MDT 2008
#   Total number of files: 15599
#   5 tar files archived to MSS
 archcam.115.fwd:  This is a production run.
  Tar files from RF03 WILL be archived to the CISL Mass Store System (MSS).
#   Completed on Wed Oct  1 16:58:21 MDT 2008
#   Total number of files: 22129
#   7 tar files archived to MSS
 archcam.115.fwd:  This is a production run.
  Tar files from RF04 WILL be archived to the CISL Mass Store System (MSS).
#   Completed on Wed Oct  1 17:17:52 MDT 2008
#   Total number of files: 17536
#   5 tar files archived to MSS
 archcam.115.fwd:  This is a production run.
  Tar files from RF05 WILL be archived to the CISL Mass Store System (MSS).
#   Completed on Wed Oct  1 18:14:39 MDT 2008
#   Total number of files: 30085
#   10 tar files archived to MSS
 archcam.115.fwd:  This is a production run.
  Tar files from RF06 WILL be archived to the CISL Mass Store System (MSS).
#   Completed on Wed Oct  1 18:29:17 MDT 2008
#   Total number of files: 10679
#   6 tar files archived to MSS
 archcam.115.fwd:  This is a production run.
  Tar files from RF07 WILL be archived to the CISL Mass Store System (MSS).
#   Completed on Wed Oct  1 18:47:33 MDT 2008
#   Total number of files: 19220
#   6 tar files archived to MSS
 archcam.115.fwd:  This is a production run.
  Tar files from RF08 WILL be archived to the CISL Mass Store System (MSS).
#   Completed on Wed Oct  1 18:48:08 MDT 2008
#   Total number of files: 30
#   3 tar files archived to MSS
 archcam.115.fwd:  This is a production run.
  Tar files from RF09 WILL be archived to the CISL Mass Store System (MSS).
#   Completed on Wed Oct  1 19:02:11 MDT 2008
#   Total number of files: 14018
#   10 tar files archived to MSS
 archcam.115.fwd:  This is a production run.
  Tar files from RF10 WILL be archived to the CISL Mass Store System (MSS).
#   Completed on Wed Oct  1 19:37:23 MDT 2008
#   Total number of files: 31558
#   12 tar files archived to MSS
 archcam.115.fwd:  This is a production run.
  Tar files from RF11 WILL be archived to the CISL Mass Store System (MSS).
#   Completed on Wed Oct  1 19:56:08 MDT 2008
#   Total number of files: 20039
#   6 tar files archived to MSS
 archcam.115.fwd:  This is a production run.
  Tar files from RF12 WILL be archived to the CISL Mass Store System (MSS).
#   Completed on Wed Oct  1 20:09:34 MDT 2008
#   Total number of files: 13769
#   5 tar files archived to MSS
 archcam.115.fwd:  This is a production run.
  Tar files from TF01 WILL be archived to the CISL Mass Store System (MSS).
#   Completed on Wed Oct  1 20:13:59 MDT 2008
#   Total number of files: 5175
#   2 tar files archived to MSS
