Information for Project 2008-115 ICE-L
---------------------------------------------
FY=2008
CY=2007
  Project Mgr(s):  Jorgen Jensen
    Scientist(s):  Andy Heymsfield
   Programmer(s):  Chris Webster
Production Proc.:  
MSS Project Directory Name:  ICE-L
MSS Read Password:
---------------------------------------------------
Creating tarfile for /scr/raf2/Raw_Data/ICE-L/sid-2h/RF01-Nov07
-rw-rw-r-- dcrogers/proj     136688 2007-11-07 21:00:32 RF01-Nov07/07Nov07#2030-003.srd
-rw-rw-r-- dcrogers/proj      18840 2007-11-07 18:33:22 RF01-Nov07/07Nov07#1803-003.srd
-rw-rw-r-- dcrogers/proj     199084 2007-11-07 20:19:00 RF01-Nov07/07Nov07#2008-001.srd
-rw-rw-r-- dcrogers/proj      26260 2007-11-07 18:23:22 RF01-Nov07/07Nov07#1803-002.srd
-rw-rw-r-- dcrogers/proj   13588280 2007-11-07 20:50:32 RF01-Nov07/07Nov07#2030-002.srd
-rw-rw-r-- dcrogers/proj     121568 2007-11-07 22:00:32 RF01-Nov07/07Nov07#2030-009.srd
-rw-rw-r-- dcrogers/proj     993068 2007-11-07 18:02:58 RF01-Nov07/07Nov07#1756-001.srd
-rw-rw-r-- dcrogers/proj      17164 2007-11-07 20:30:22 RF01-Nov07/07Nov07#2008-003.srd
-rw-rw-r-- dcrogers/proj     313712 2007-11-07 19:19:42 RF01-Nov07/07Nov07#1803-008.srd
-rw-rw-r-- dcrogers/proj     122996 2007-11-07 20:29:00 RF01-Nov07/07Nov07#2008-002.srd
-rw-rw-r-- dcrogers/proj      32748 2007-11-07 18:13:22 RF01-Nov07/07Nov07#1803-001.srd
-rw-rw-r-- dcrogers/proj    8971448 2007-11-07 20:40:32 RF01-Nov07/07Nov07#2030-001.srd
-rw-rw-r-- dcrogers/proj     128708 2007-11-07 21:50:32 RF01-Nov07/07Nov07#2030-008.srd
-rw-rw-r-- dcrogers/proj      14544 2007-11-07 20:08:52 RF01-Nov07/07Nov07#1947-003.srd
-rw-rw-r-- dcrogers/proj      20556 2007-11-07 22:02:08 RF01-Nov07/07Nov07#2030-010.srd
-rw-rw-r-- dcrogers/proj     120376 2007-11-07 19:31:40 RF01-Nov07/07Nov07#1921-001.srd
-rw-rw-r-- dcrogers/proj     264368 2007-11-07 21:20:32 RF01-Nov07/07Nov07#2030-005.srd
-rw-rw-r-- dcrogers/proj      48420 2007-11-07 18:53:22 RF01-Nov07/07Nov07#1803-005.srd
-rw-rw-r-- dcrogers/proj      95872 2007-11-07 18:43:22 RF01-Nov07/07Nov07#1803-004.srd
-rw-rw-r-- dcrogers/proj      23208 2007-11-07 16:37:38 RF01-Nov07/07Nov07#1635-001.srd
-rw-rw-r-- dcrogers/proj   10101492 2007-11-07 21:10:32 RF01-Nov07/07Nov07#2030-004.srd
-rw-rw-r-- dcrogers/proj   12168160 2007-11-07 20:07:48 RF01-Nov07/07Nov07#1947-002.srd
-rw-rw-r-- dcrogers/proj     584844 2007-11-07 21:30:32 RF01-Nov07/07Nov07#2030-006.srd
-rw-rw-r-- dcrogers/proj     129716 2007-11-07 19:41:40 RF01-Nov07/07Nov07#1921-002.srd
-rw-rw-r-- dcrogers/proj      45072 2007-11-07 19:03:22 RF01-Nov07/07Nov07#1803-006.srd
-rw-rw-r-- dcrogers/proj    3701048 2007-11-07 19:13:22 RF01-Nov07/07Nov07#1803-007.srd
-rw-rw-r-- dcrogers/proj       5732 2007-11-07 16:52:34 RF01-Nov07/07Nov07#1651-001.srd
-rw-rw-r-- dcrogers/proj     120460 2007-11-07 19:57:48 RF01-Nov07/07Nov07#1947-001.srd
-rw-rw-r-- dcrogers/proj    5354188 2007-11-07 19:47:34 RF01-Nov07/07Nov07#1921-003.srd
-rw-rw-r-- dcrogers/proj     121568 2007-11-07 21:40:32 RF01-Nov07/07Nov07#2030-007.srd
Creating tarfile for /scr/raf2/Raw_Data/ICE-L/sid-2h/RF02-Nov13
-rw-rw-r-- dcrogers/proj   15812480 2007-11-13 18:14:42 RF02-Nov13/13Nov07#1754-005.srd
-rw-rw-r-- dcrogers/proj     774124 2007-11-13 10:35:12 RF02-Nov13/13Nov07#1725-001.srd
-rw-rw-r-- dcrogers/proj     121988 2007-11-13 18:54:42 RF02-Nov13/13Nov07#1754-010.srd
-rw-rw-r-- dcrogers/proj   21866020 2007-11-13 09:00:07 RF02-Nov13/13Nov07#1558-002.srd
-rw-rw-r-- dcrogers/proj      71104 2007-11-13 10:07:46 RF02-Nov13/13Nov07#1601-007.srd
-rw-rw-r-- dcrogers/proj     121484 2007-11-13 10:01:51 RF02-Nov13/13Nov07#1601-006.srd
-rw-rw-r-- dcrogers/proj        404 2007-11-13 10:24:33 RF02-Nov13/13Nov07#1723-002.srd
-rw-rw-r-- dcrogers/proj   21861024 2007-11-13 09:00:37 RF02-Nov13/13Nov07#1558-003.srd
-rw-rw-r-- dcrogers/proj   21133464 2007-11-13 18:14:14 RF02-Nov13/13Nov07#1754-004.srd
-rw-rw-r-- dcrogers/proj    2122544 2007-11-13 19:04:42 RF02-Nov13/13Nov07#1754-011.srd
-rw-rw-r-- dcrogers/proj    2460404 2007-11-13 19:24:42 RF02-Nov13/13Nov07#1754-013.srd
-rw-rw-r-- dcrogers/proj   20289420 2007-11-13 14:58:25 RF02-Nov13/13Nov07#1725-002.srd
-rw-rw-r-- dcrogers/proj   21020288 2007-11-13 18:16:34 RF02-Nov13/13Nov07#1754-006.srd
-rw-rw-r-- dcrogers/proj   21181712 2007-11-13 15:59:38 RF02-Nov13/13Nov07#1558-001.srd
-rw-rw-r-- dcrogers/proj     121484 2007-11-13 09:41:51 RF02-Nov13/13Nov07#1601-004.srd
-rw-rw-r-- dcrogers/proj       4132 2007-11-13 10:23:09 RF02-Nov13/13Nov07#1722-001.srd
-rw-rw-r-- dcrogers/proj     121568 2007-11-13 09:51:51 RF02-Nov13/13Nov07#1601-005.srd
-rw-rw-r-- dcrogers/proj   10101068 2007-11-13 19:14:42 RF02-Nov13/13Nov07#1754-012.srd
-rw-rw-r-- dcrogers/proj   17039388 2007-11-13 18:24:42 RF02-Nov13/13Nov07#1754-007.srd
-rw-rw-r-- dcrogers/proj   21261184 2007-11-13 17:51:28 RF02-Nov13/13Nov07#1725-003.srd
-rw-rw-r-- dcrogers/proj    5627884 2007-11-13 09:00:45 RF02-Nov13/13Nov07#1558-004.srd
-rw-rw-r-- dcrogers/proj   21243760 2007-11-13 18:13:38 RF02-Nov13/13Nov07#1754-003.srd
-rw-rw-r-- dcrogers/proj       6164 2007-11-13 10:12:48 RF02-Nov13/13Nov07#1712-001.srd
-rw-rw-r-- dcrogers/proj     122056 2007-11-13 09:11:51 RF02-Nov13/13Nov07#1601-001.srd
-rw-rw-r-- dcrogers/proj    4768584 2007-11-13 10:13:46 RF02-Nov13/13Nov07#1713-001.srd
-rw-rw-r-- dcrogers/proj       8028 2007-11-13 10:11:41 RF02-Nov13/13Nov07#1710-001.srd
-rw-rw-r-- dcrogers/proj      72716 2007-11-13 19:41:10 RF02-Nov13/13Nov07#1934-001.srd
-rw-rw-r-- dcrogers/proj   21242768 2007-11-13 18:12:40 RF02-Nov13/13Nov07#1754-002.srd
-rw-rw-r-- dcrogers/proj    2003752 2007-11-13 18:44:42 RF02-Nov13/13Nov07#1754-009.srd
-rw-rw-r-- dcrogers/proj   21509568 2007-11-13 17:52:50 RF02-Nov13/13Nov07#1725-004.srd
-rw-rw-r-- dcrogers/proj     121568 2007-11-13 09:21:51 RF02-Nov13/13Nov07#1601-002.srd
-rw-rw-r-- dcrogers/proj       6164 2007-11-13 10:10:16 RF02-Nov13/13Nov07#1709-001.srd
-rw-rw-r-- dcrogers/proj     121568 2007-11-13 09:31:51 RF02-Nov13/13Nov07#1601-003.srd
-rw-rw-r-- dcrogers/proj       3964 2007-11-13 10:15:35 RF02-Nov13/13Nov07#1715-001.srd
-rw-rw-r-- dcrogers/proj       5996 2007-11-13 10:09:07 RF02-Nov13/13Nov07#1708-001.srd
-rw-rw-r-- dcrogers/proj     179192 2007-11-13 18:04:42 RF02-Nov13/13Nov07#1754-001.srd
-rw-rw-r-- dcrogers/proj    7342992 2007-11-13 17:53:54 RF02-Nov13/13Nov07#1725-005.srd
-rw-rw-r-- dcrogers/proj     104940 2007-11-13 19:33:24 RF02-Nov13/13Nov07#1754-014.srd
-rw-rw-r-- dcrogers/proj    2891696 2007-11-13 10:14:38 RF02-Nov13/13Nov07#1714-001.srd
-rw-rw-r-- dcrogers/proj    3728600 2007-11-13 18:34:42 RF02-Nov13/13Nov07#1754-008.srd
Creating tarfile for /scr/raf2/Raw_Data/ICE-L/sid-2h/RF03-Nov16
-rw-rw-r-- dcrogers/proj     126356 2007-11-16 17:09:56 RF03-Nov16/16Nov07#1659-001.srd
-rw-rw-r-- dcrogers/proj     121820 2007-11-16 17:19:56 RF03-Nov16/16Nov07#1659-002.srd
-rw-rw-r-- dcrogers/proj      73052 2007-11-16 17:26:04 RF03-Nov16/16Nov07#1659-003.srd
-rw-rw-r-- dcrogers/proj      26232 2007-11-16 17:29:34 RF03-Nov16/16Nov07#1727-001.srd
-rw-rw-r-- dcrogers/proj     117016 2007-11-16 17:40:14 RF03-Nov16/16Nov07#1730-001.srd
-rw-rw-r-- dcrogers/proj     121484 2007-11-16 17:50:14 RF03-Nov16/16Nov07#1730-002.srd
-rw-rw-r-- dcrogers/proj     167784 2007-11-16 18:00:14 RF03-Nov16/16Nov07#1730-003.srd
-rw-rw-r-- dcrogers/proj    1765464 2007-11-16 18:10:14 RF03-Nov16/16Nov07#1730-004.srd
-rw-rw-r-- dcrogers/proj    1078116 2007-11-16 18:20:14 RF03-Nov16/16Nov07#1730-005.srd
-rw-rw-r-- dcrogers/proj     121468 2007-11-16 18:30:14 RF03-Nov16/16Nov07#1730-006.srd
-rw-rw-r-- dcrogers/proj     144852 2007-11-16 18:40:14 RF03-Nov16/16Nov07#1730-007.srd
-rw-rw-r-- dcrogers/proj     157520 2007-11-16 18:50:14 RF03-Nov16/16Nov07#1730-008.srd
-rw-rw-r-- dcrogers/proj     156176 2007-11-16 19:00:14 RF03-Nov16/16Nov07#1730-009.srd
-rw-rw-r-- dcrogers/proj     159368 2007-11-16 19:10:14 RF03-Nov16/16Nov07#1730-010.srd
-rw-rw-r-- dcrogers/proj    1430440 2007-11-16 19:20:14 RF03-Nov16/16Nov07#1730-011.srd
-rw-rw-r-- dcrogers/proj     165668 2007-11-16 19:30:14 RF03-Nov16/16Nov07#1730-012.srd
-rw-rw-r-- dcrogers/proj     142904 2007-11-16 19:40:14 RF03-Nov16/16Nov07#1730-013.srd
-rw-rw-r-- dcrogers/proj    4951776 2007-11-16 19:50:14 RF03-Nov16/16Nov07#1730-014.srd
-rw-rw-r-- dcrogers/proj   15066984 2007-11-16 20:00:14 RF03-Nov16/16Nov07#1730-015.srd
-rw-rw-r-- dcrogers/proj     144248 2007-11-16 20:10:14 RF03-Nov16/16Nov07#1730-016.srd
-rw-rw-r-- dcrogers/proj     136772 2007-11-16 20:20:14 RF03-Nov16/16Nov07#1730-017.srd
-rw-rw-r-- dcrogers/proj   16351140 2007-11-16 20:30:14 RF03-Nov16/16Nov07#1730-018.srd
-rw-rw-r-- dcrogers/proj   12086316 2007-11-16 20:40:14 RF03-Nov16/16Nov07#1730-019.srd
-rw-rw-r-- dcrogers/proj   21438312 2007-11-16 20:47:16 RF03-Nov16/16Nov07#1730-020.srd
-rw-rw-r-- dcrogers/proj    3856480 2007-11-16 20:50:14 RF03-Nov16/16Nov07#1730-021.srd
-rw-rw-r-- dcrogers/proj   21197600 2007-11-16 20:53:24 RF03-Nov16/16Nov07#1730-022.srd
-rw-rw-r-- dcrogers/proj      10480 2007-11-16 22:50:26 RF03-Nov16/16Nov07#2229-003.srd
-rw-rw-r-- dcrogers/proj   17601812 2007-11-16 21:10:14 RF03-Nov16/16Nov07#1730-025.srd
-rw-rw-r-- dcrogers/proj   21240780 2007-11-16 21:13:52 RF03-Nov16/16Nov07#1730-026.srd
-rw-rw-r-- dcrogers/proj   21369688 2007-11-16 21:20:04 RF03-Nov16/16Nov07#1730-027.srd
-rw-rw-r-- dcrogers/proj    2416380 2007-11-16 21:20:14 RF03-Nov16/16Nov07#1730-028.srd
-rw-rw-r-- dcrogers/proj   16601956 2007-11-16 17:21:05 RF03-Nov16/16Nov07#1730-029.srd
-rw-rw-r-- dcrogers/proj   21604896 2007-11-16 21:32:50 RF03-Nov16/16Nov07#1730-030.srd
-rw-rw-r-- dcrogers/proj    3455124 2007-11-16 21:37:46 RF03-Nov16/16Nov07#1730-031.srd
-rw-rw-r-- dcrogers/proj   21651092 2007-11-16 21:42:32 RF03-Nov16/16Nov07#2138-001.srd
-rw-rw-r-- dcrogers/proj   13377668 2007-11-16 21:43:08 RF03-Nov16/16Nov07#2138-002.srd
-rw-rw-r-- dcrogers/proj      14628 2007-11-16 21:44:52 RF03-Nov16/16Nov07#2143-001.srd
-rw-rw-r-- dcrogers/proj      18896 2007-11-16 21:46:38 RF03-Nov16/16Nov07#2145-001.srd
-rw-rw-r-- dcrogers/proj    4548656 2007-11-16 21:48:10 RF03-Nov16/16Nov07#2146-001.srd
-rw-rw-r-- dcrogers/proj   20983492 2007-11-16 21:57:48 RF03-Nov16/16Nov07#2148-001.srd
-rw-rw-r-- dcrogers/proj     251928 2007-11-16 21:58:56 RF03-Nov16/16Nov07#2148-002.srd
-rw-rw-r-- dcrogers/proj    6117624 2007-11-16 22:08:56 RF03-Nov16/16Nov07#2148-003.srd
-rw-rw-r-- dcrogers/proj      72868 2007-11-16 22:14:48 RF03-Nov16/16Nov07#2148-004.srd
-rw-rw-r-- dcrogers/proj      55908 2007-11-16 22:19:26 RF03-Nov16/16Nov07#2215-001.srd
-rw-rw-r-- dcrogers/proj     149864 2007-11-16 22:28:42 RF03-Nov16/16Nov07#2219-001.srd
-rw-rw-r-- dcrogers/proj     119032 2007-11-16 22:39:32 RF03-Nov16/16Nov07#2229-001.srd
-rw-rw-r-- dcrogers/proj     121568 2007-11-16 22:49:32 RF03-Nov16/16Nov07#2229-002.srd
-rw-rw-r-- dcrogers/proj    8042888 2007-11-16 21:00:14 RF03-Nov16/16Nov07#1730-023.srd
-rw-rw-r-- dcrogers/proj   21218452 2007-11-16 21:03:44 RF03-Nov16/16Nov07#1730-024.srd
Creating tarfile for /scr/raf2/Raw_Data/ICE-L/sid-2h/RF04-Nov18
-rw-rw-r-- dcrogers/proj      46552 2007-11-18 18:21:24 RF04-Nov18/18Nov07#1817-001.srd
-rw-rw-r-- dcrogers/proj     121300 2007-11-18 19:06:26 RF04-Nov18/18Nov07#1856-001.srd
-rw-rw-r-- dcrogers/proj      10816 2007-11-18 19:07:18 RF04-Nov18/18Nov07#1856-002.srd
-rw-rw-r-- dcrogers/proj     104892 2007-11-18 19:17:06 RF04-Nov18/18Nov07#1908-001.srd
-rw-rw-r-- dcrogers/proj       6164 2007-11-18 19:18:52 RF04-Nov18/18Nov07#1918-001.srd
-rw-rw-r-- dcrogers/proj    4227060 2007-11-18 19:19:52 RF04-Nov18/18Nov07#1919-001.srd
-rw-rw-r-- dcrogers/proj       8196 2007-11-18 19:21:14 RF04-Nov18/18Nov07#1920-001.srd
-rw-rw-r-- dcrogers/proj    3931132 2007-11-18 19:21:58 RF04-Nov18/18Nov07#1921-001.srd
-rw-rw-r-- dcrogers/proj    1503984 2007-11-18 19:23:06 RF04-Nov18/18Nov07#1922-001.srd
-rw-rw-r-- dcrogers/proj      22084 2007-11-18 19:25:26 RF04-Nov18/18Nov07#1923-001.srd
-rw-rw-r-- dcrogers/proj       8028 2007-11-18 19:29:02 RF04-Nov18/18Nov07#1928-001.srd
-rw-rw-r-- dcrogers/proj       2480 2007-11-18 19:30:24 RF04-Nov18/18Nov07#1929-001.srd
-rw-rw-r-- dcrogers/proj       3460 2007-11-18 19:31:14 RF04-Nov18/18Nov07#1930-001.srd
-rw-rw-r-- dcrogers/proj    1989212 2007-11-18 19:32:06 RF04-Nov18/18Nov07#1931-001.srd
-rw-rw-r-- dcrogers/proj       3712 2007-11-18 19:33:04 RF04-Nov18/18Nov07#1932-001.srd
-rw-rw-r-- dcrogers/proj    1198696 2007-11-18 19:34:56 RF04-Nov18/18Nov07#1933-001.srd
-rw-rw-r-- dcrogers/proj    2878872 2007-11-18 19:37:10 RF04-Nov18/18Nov07#1935-001.srd
-rw-rw-r-- dcrogers/proj    4316056 2007-11-18 19:48:00 RF04-Nov18/18Nov07#1937-001.srd
-rw-rw-r-- dcrogers/proj     121484 2007-11-18 19:58:00 RF04-Nov18/18Nov07#1937-002.srd
-rw-rw-r-- dcrogers/proj     121568 2007-11-18 20:08:00 RF04-Nov18/18Nov07#1937-003.srd
-rw-rw-r-- dcrogers/proj     121568 2007-11-18 20:18:00 RF04-Nov18/18Nov07#1937-004.srd
-rw-rw-r-- dcrogers/proj     121568 2007-11-18 20:28:00 RF04-Nov18/18Nov07#1937-005.srd
-rw-rw-r-- dcrogers/proj     135848 2007-11-18 20:38:00 RF04-Nov18/18Nov07#1937-006.srd
-rw-rw-r-- dcrogers/proj   21631252 2007-11-18 20:44:42 RF04-Nov18/18Nov07#1937-007.srd
-rw-rw-r-- dcrogers/proj   10132304 2007-11-18 20:48:00 RF04-Nov18/18Nov07#1937-008.srd
-rw-rw-r-- dcrogers/proj   18128616 2007-11-18 20:58:00 RF04-Nov18/18Nov07#1937-009.srd
-rw-rw-r-- dcrogers/proj      91716 2007-11-18 21:04:08 RF04-Nov18/18Nov07#1937-010.srd
-rw-rw-r-- dcrogers/proj     119032 2007-11-18 21:14:44 RF04-Nov18/18Nov07#2104-001.srd
-rw-rw-r-- dcrogers/proj     121568 2007-11-18 21:24:44 RF04-Nov18/18Nov07#2104-002.srd
-rw-rw-r-- dcrogers/proj     121484 2007-11-18 21:34:44 RF04-Nov18/18Nov07#2104-003.srd
-rw-rw-r-- dcrogers/proj     121568 2007-11-18 21:44:44 RF04-Nov18/18Nov07#2104-004.srd
-rw-rw-r-- dcrogers/proj     121568 2007-11-18 21:54:44 RF04-Nov18/18Nov07#2104-005.srd
-rw-rw-r-- dcrogers/proj     128120 2007-11-18 22:04:44 RF04-Nov18/18Nov07#2104-006.srd
-rw-rw-r-- dcrogers/proj   21597576 2007-11-18 22:09:46 RF04-Nov18/18Nov07#2104-007.srd
-rw-rw-r-- dcrogers/proj   12390408 2007-11-18 22:14:44 RF04-Nov18/18Nov07#2104-008.srd
-rw-rw-r-- dcrogers/proj   21161052 2007-11-18 22:23:02 RF04-Nov18/18Nov07#2104-009.srd
-rw-rw-r-- dcrogers/proj   20979412 2007-11-18 22:24:00 RF04-Nov18/18Nov07#2104-010.srd
-rw-rw-r-- dcrogers/proj     126568 2007-11-18 22:24:44 RF04-Nov18/18Nov07#2104-011.srd
-rw-rw-r-- dcrogers/proj   14692976 2007-11-18 22:34:44 RF04-Nov18/18Nov07#2104-012.srd
-rw-rw-r-- dcrogers/proj   21151092 2007-11-18 22:44:32 RF04-Nov18/18Nov07#2104-013.srd
-rw-rw-r-- dcrogers/proj    1866188 2007-11-18 22:44:44 RF04-Nov18/18Nov07#2104-014.srd
-rw-rw-r-- dcrogers/proj     170876 2007-11-18 22:54:44 RF04-Nov18/18Nov07#2104-015.srd
-rw-rw-r-- dcrogers/proj     121988 2007-11-18 23:04:44 RF04-Nov18/18Nov07#2104-016.srd
-rw-rw-r-- dcrogers/proj     121484 2007-11-18 23:14:44 RF04-Nov18/18Nov07#2104-017.srd
-rw-rw-r-- dcrogers/proj     121568 2007-11-18 23:24:44 RF04-Nov18/18Nov07#2104-018.srd
-rw-rw-r-- dcrogers/proj     121484 2007-11-18 23:34:44 RF04-Nov18/18Nov07#2104-019.srd
-rw-rw-r-- dcrogers/proj      58996 2007-11-18 23:39:32 RF04-Nov18/18Nov07#2104-020.srd
Creating tarfile for /scr/raf2/Raw_Data/ICE-L/sid-2h/RF05-Nov20
-rw-rw-r-- dcrogers/proj    1355484 2007-11-20 10:05:20 RF05-Nov20/20Nov07#1655-001.srd
-rw-rw-r-- dcrogers/proj   22344100 2007-11-20 10:10:15 RF05-Nov20/20Nov07#1655-002.srd
-rw-rw-r-- dcrogers/proj   22014920 2007-11-20 10:10:45 RF05-Nov20/20Nov07#1655-003.srd
-rw-rw-r-- dcrogers/proj   22111364 2007-11-20 10:11:15 RF05-Nov20/20Nov07#1655-004.srd
-rw-rw-r-- dcrogers/proj   22231248 2007-11-20 10:11:45 RF05-Nov20/20Nov07#1655-005.srd
-rw-rw-r-- dcrogers/proj   22213196 2007-11-20 10:12:15 RF05-Nov20/20Nov07#1655-006.srd
-rw-rw-r-- dcrogers/proj   22202336 2007-11-20 10:12:45 RF05-Nov20/20Nov07#1655-007.srd
-rw-rw-r-- dcrogers/proj   22158204 2007-11-20 10:13:15 RF05-Nov20/20Nov07#1655-008.srd
-rw-rw-r-- dcrogers/proj   22312872 2007-11-20 10:13:45 RF05-Nov20/20Nov07#1655-009.srd
-rw-rw-r-- dcrogers/proj   22342796 2007-11-20 10:14:15 RF05-Nov20/20Nov07#1655-010.srd
-rw-rw-r-- dcrogers/proj   21864388 2007-11-20 10:14:45 RF05-Nov20/20Nov07#1655-011.srd
-rw-rw-r-- dcrogers/proj   22065704 2007-11-20 10:15:15 RF05-Nov20/20Nov07#1655-012.srd
-rw-rw-r-- dcrogers/proj    3441092 2007-11-20 10:15:20 RF05-Nov20/20Nov07#1655-013.srd
-rw-rw-r-- dcrogers/proj   10769324 2007-11-20 10:15:36 RF05-Nov20/20Nov07#1655-014.srd
-rw-rw-r-- dcrogers/proj     216052 2007-11-20 10:26:30 RF05-Nov20/20Nov07#1716-001.srd
-rw-rw-r-- dcrogers/proj     232616 2007-11-20 10:36:30 RF05-Nov20/20Nov07#1716-002.srd
-rw-rw-r-- dcrogers/proj   21667168 2007-11-20 10:44:33 RF05-Nov20/20Nov07#1716-003.srd
-rw-rw-r-- dcrogers/proj   21538508 2007-11-20 10:45:28 RF05-Nov20/20Nov07#1716-004.srd
-rw-rw-r-- dcrogers/proj   20980404 2007-11-20 10:46:08 RF05-Nov20/20Nov07#1716-005.srd
-rw-rw-r-- dcrogers/proj   11552972 2007-11-20 10:46:30 RF05-Nov20/20Nov07#1716-006.srd
-rw-rw-r-- dcrogers/proj   22438188 2007-11-20 10:47:18 RF05-Nov20/20Nov07#1716-007.srd
-rw-rw-r-- dcrogers/proj   21109008 2007-11-20 10:48:00 RF05-Nov20/20Nov07#1716-008.srd
-rw-rw-r-- dcrogers/proj   21848416 2007-11-20 10:48:45 RF05-Nov20/20Nov07#1716-009.srd
-rw-rw-r-- dcrogers/proj   21170488 2007-11-20 10:49:33 RF05-Nov20/20Nov07#1716-010.srd
-rw-rw-r-- dcrogers/proj   21614684 2007-11-20 10:50:23 RF05-Nov20/20Nov07#1716-011.srd
-rw-rw-r-- dcrogers/proj   22223904 2007-11-20 10:51:05 RF05-Nov20/20Nov07#1716-012.srd
-rw-rw-r-- dcrogers/proj   21113492 2007-11-20 10:51:43 RF05-Nov20/20Nov07#1716-013.srd
-rw-rw-r-- dcrogers/proj   21961668 2007-11-20 10:56:14 RF05-Nov20/20Nov07#1716-014.srd
-rw-rw-r-- dcrogers/proj    7969684 2007-11-20 10:56:31 RF05-Nov20/20Nov07#1716-015.srd
-rw-rw-r-- dcrogers/proj   21736004 2007-11-20 10:57:09 RF05-Nov20/20Nov07#1716-016.srd
-rw-rw-r-- dcrogers/proj   20987624 2007-11-20 10:58:22 RF05-Nov20/20Nov07#1716-017.srd
-rw-rw-r-- dcrogers/proj   21034404 2007-11-20 11:00:37 RF05-Nov20/20Nov07#1716-018.srd
-rw-rw-r-- dcrogers/proj   21388640 2007-11-20 11:03:07 RF05-Nov20/20Nov07#1716-019.srd
-rw-rw-r-- dcrogers/proj   22102420 2007-11-20 11:03:42 RF05-Nov20/20Nov07#1716-020.srd
-rw-rw-r-- dcrogers/proj   21682100 2007-11-20 11:04:17 RF05-Nov20/20Nov07#1716-021.srd
-rw-rw-r-- dcrogers/proj   21344036 2007-11-20 11:04:52 RF05-Nov20/20Nov07#1716-022.srd
-rw-rw-r-- dcrogers/proj   21708444 2007-11-20 11:05:30 RF05-Nov20/20Nov07#1716-023.srd
-rw-rw-r-- dcrogers/proj   21995804 2007-11-20 11:06:07 RF05-Nov20/20Nov07#1716-024.srd
-rw-rw-r-- dcrogers/proj   13488184 2007-11-20 11:06:30 RF05-Nov20/20Nov07#1716-025.srd
-rw-rw-r-- dcrogers/proj   21635720 2007-11-20 11:07:05 RF05-Nov20/20Nov07#1716-026.srd
-rw-rw-r-- dcrogers/proj   21732628 2007-11-20 11:07:42 RF05-Nov20/20Nov07#1716-027.srd
-rw-rw-r-- dcrogers/proj   21057344 2007-11-20 11:08:30 RF05-Nov20/20Nov07#1716-028.srd
-rw-rw-r-- dcrogers/proj   21365688 2007-11-20 11:09:37 RF05-Nov20/20Nov07#1716-029.srd
-rw-rw-r-- dcrogers/proj   21189460 2007-11-20 11:11:58 RF05-Nov20/20Nov07#1716-030.srd
-rw-rw-r-- dcrogers/proj    4378736 2007-11-20 11:16:30 RF05-Nov20/20Nov07#1716-031.srd
-rw-rw-r-- dcrogers/proj   22004748 2007-11-20 11:26:16 RF05-Nov20/20Nov07#1716-032.srd
-rw-rw-r-- dcrogers/proj    5261964 2007-11-20 11:26:30 RF05-Nov20/20Nov07#1716-033.srd
-rw-rw-r-- dcrogers/proj   21061792 2007-11-20 11:27:20 RF05-Nov20/20Nov07#1716-034.srd
-rw-rw-r-- dcrogers/proj   21119984 2007-11-20 11:28:13 RF05-Nov20/20Nov07#1716-035.srd
-rw-rw-r-- dcrogers/proj   21527724 2007-11-20 11:28:55 RF05-Nov20/20Nov07#1716-036.srd
-rw-rw-r-- dcrogers/proj   21603056 2007-11-20 11:29:30 RF05-Nov20/20Nov07#1716-037.srd
-rw-rw-r-- dcrogers/proj   21212084 2007-11-20 11:30:05 RF05-Nov20/20Nov07#1716-038.srd
-rw-rw-r-- dcrogers/proj   21492284 2007-11-20 11:30:35 RF05-Nov20/20Nov07#1716-039.srd
-rw-rw-r-- dcrogers/proj   21292556 2007-11-20 11:31:10 RF05-Nov20/20Nov07#1716-040.srd
-rw-rw-r-- dcrogers/proj   20990188 2007-11-20 11:31:43 RF05-Nov20/20Nov07#1716-041.srd
-rw-rw-r-- dcrogers/proj   22366972 2007-11-20 11:32:15 RF05-Nov20/20Nov07#1716-042.srd
-rw-rw-r-- dcrogers/proj   21541616 2007-11-20 11:32:55 RF05-Nov20/20Nov07#1716-043.srd
-rw-rw-r-- dcrogers/proj   21869052 2007-11-20 11:33:33 RF05-Nov20/20Nov07#1716-044.srd
-rw-rw-r-- dcrogers/proj   21267664 2007-11-20 11:34:08 RF05-Nov20/20Nov07#1716-045.srd
-rw-rw-r-- dcrogers/proj   21298328 2007-11-20 11:35:20 RF05-Nov20/20Nov07#1716-046.srd
-rw-rw-r-- dcrogers/proj   17724276 2007-11-20 11:36:30 RF05-Nov20/20Nov07#1716-047.srd
-rw-rw-r-- dcrogers/proj   21209840 2007-11-20 11:37:51 RF05-Nov20/20Nov07#1716-048.srd
-rw-rw-r-- dcrogers/proj   12491420 2007-11-20 11:46:29 RF05-Nov20/20Nov07#1716-049.srd
-rw-rw-r-- dcrogers/proj     331904 2007-11-20 11:56:29 RF05-Nov20/20Nov07#1716-050.srd
-rw-rw-r-- dcrogers/proj    1470316 2007-11-20 12:06:29 RF05-Nov20/20Nov07#1716-051.srd
-rw-rw-r-- dcrogers/proj     126104 2007-11-20 12:16:29 RF05-Nov20/20Nov07#1716-052.srd
-rw-rw-r-- dcrogers/proj     118880 2007-11-20 12:26:29 RF05-Nov20/20Nov07#1716-053.srd
-rw-rw-r-- dcrogers/proj     149288 2007-11-20 12:36:29 RF05-Nov20/20Nov07#1716-054.srd
-rw-rw-r-- dcrogers/proj     632456 2007-11-20 12:46:28 RF05-Nov20/20Nov07#1716-055.srd
-rw-rw-r-- dcrogers/proj   21065208 2007-11-20 12:51:23 RF05-Nov20/20Nov07#1716-056.srd
-rw-rw-r-- dcrogers/proj   22326700 2007-11-20 12:52:11 RF05-Nov20/20Nov07#1716-057.srd
-rw-rw-r-- dcrogers/proj   21440776 2007-11-20 12:52:51 RF05-Nov20/20Nov07#1716-058.srd
-rw-rw-r-- dcrogers/proj   22210204 2007-11-20 12:53:31 RF05-Nov20/20Nov07#1716-059.srd
-rw-rw-r-- dcrogers/proj   22323464 2007-11-20 12:54:11 RF05-Nov20/20Nov07#1716-060.srd
-rw-rw-r-- dcrogers/proj   21194088 2007-11-20 12:54:56 RF05-Nov20/20Nov07#1716-061.srd
-rw-rw-r-- dcrogers/proj   21229544 2007-11-20 12:55:33 RF05-Nov20/20Nov07#1716-062.srd
-rw-rw-r-- dcrogers/proj   21271720 2007-11-20 12:56:08 RF05-Nov20/20Nov07#1716-063.srd
-rw-rw-r-- dcrogers/proj   11208900 2007-11-20 12:56:28 RF05-Nov20/20Nov07#1716-064.srd
-rw-rw-r-- dcrogers/proj   21133472 2007-11-20 12:58:06 RF05-Nov20/20Nov07#1716-065.srd
-rw-rw-r-- dcrogers/proj    2134628 2007-11-20 13:01:48 RF05-Nov20/20Nov07#1716-066.srd
-rw-rw-r-- dcrogers/proj       2100 2007-11-20 14:10:12 RF05-Nov20/20Nov07#2109-001.srd
-rw-rw-r-- dcrogers/proj      44352 2007-11-20 14:14:24 RF05-Nov20/20Nov07#2110-001.srd
-rw-rw-r-- dcrogers/proj   21650684 2007-11-20 14:23:09 RF05-Nov20/20Nov07#2114-001.srd
-rw-rw-r-- dcrogers/proj   21798564 2007-11-20 14:23:57 RF05-Nov20/20Nov07#2114-002.srd
-rw-rw-r-- dcrogers/proj   11926268 2007-11-20 14:24:47 RF05-Nov20/20Nov07#2114-003.srd
-rw-rw-r-- dcrogers/proj    6254992 2007-11-20 14:34:47 RF05-Nov20/20Nov07#2114-004.srd
-rw-rw-r-- dcrogers/proj   22280040 2007-11-20 14:36:02 RF05-Nov20/20Nov07#2114-005.srd
-rw-rw-r-- dcrogers/proj   20098388 2007-11-20 14:38:05 RF05-Nov20/20Nov07#2114-006.srd
-rw-rw-r-- dcrogers/proj        404 2007-11-20 14:38:55 RF05-Nov20/20Nov07#2138-001.srd
-rw-rw-r-- dcrogers/proj   22320728 2007-11-20 14:40:13 RF05-Nov20/20Nov07#2139-001.srd
-rw-rw-r-- dcrogers/proj   21558512 2007-11-20 14:41:18 RF05-Nov20/20Nov07#2139-002.srd
-rw-rw-r-- dcrogers/proj   22177472 2007-11-20 14:41:51 RF05-Nov20/20Nov07#2139-003.srd
-rw-rw-r-- dcrogers/proj   21644196 2007-11-20 14:42:53 RF05-Nov20/20Nov07#2139-004.srd
-rw-rw-r-- dcrogers/proj   22070736 2007-11-20 14:43:28 RF05-Nov20/20Nov07#2139-005.srd
-rw-rw-r-- dcrogers/proj   21473296 2007-11-20 14:44:06 RF05-Nov20/20Nov07#2139-006.srd
-rw-rw-r-- dcrogers/proj   21300720 2007-11-20 14:44:38 RF05-Nov20/20Nov07#2139-007.srd
-rw-rw-r-- dcrogers/proj   22021416 2007-11-20 14:45:11 RF05-Nov20/20Nov07#2139-008.srd
-rw-rw-r-- dcrogers/proj   22431200 2007-11-20 14:45:46 RF05-Nov20/20Nov07#2139-009.srd
-rw-rw-r-- dcrogers/proj   22698840 2007-11-20 14:46:19 RF05-Nov20/20Nov07#2139-010.srd
-rw-rw-r-- dcrogers/proj   21440256 2007-11-20 14:46:51 RF05-Nov20/20Nov07#2139-011.srd
-rw-rw-r-- dcrogers/proj   13992256 2007-11-20 14:48:37 RF05-Nov20/20Nov07#2139-012.srd
-rw-rw-r-- dcrogers/proj   22259668 2007-11-20 14:52:34 RF05-Nov20/20Nov07#2139-013.srd
-rw-rw-r-- dcrogers/proj   11821800 2007-11-20 14:52:51 RF05-Nov20/20Nov07#2139-014.srd
-rw-rw-r-- dcrogers/proj      21636 2007-11-20 14:54:12 RF05-Nov20/20Nov07#2153-001.srd
-rw-rw-r-- dcrogers/proj   21773960 2007-11-20 14:55:18 RF05-Nov20/20Nov07#2154-001.srd
-rw-rw-r-- dcrogers/proj    9092232 2007-11-20 14:55:40 RF05-Nov20/20Nov07#2154-002.srd
-rw-rw-r-- dcrogers/proj   21767992 2007-11-20 15:01:30 RF05-Nov20/20Nov07#2156-001.srd
-rw-rw-r-- dcrogers/proj   21388684 2007-11-20 15:04:40 RF05-Nov20/20Nov07#2156-002.srd
-rw-rw-r-- dcrogers/proj   13819816 2007-11-20 15:06:02 RF05-Nov20/20Nov07#2156-003.srd
-rw-rw-r-- dcrogers/proj        404 2007-11-20 15:06:04 RF05-Nov20/20Nov07#2156-004.srd
-rw-rw-r-- dcrogers/proj   21504012 2007-11-20 15:14:15 RF05-Nov20/20Nov07#2207-001.srd
-rw-rw-r-- dcrogers/proj   21908556 2007-11-20 15:17:10 RF05-Nov20/20Nov07#2207-002.srd
-rw-rw-r-- dcrogers/proj    4260096 2007-11-20 15:17:23 RF05-Nov20/20Nov07#2207-003.srd
-rw-rw-r-- dcrogers/proj      50096 2007-11-20 15:21:28 RF05-Nov20/20Nov07#2207-004.srd
-rw-rw-r-- dcrogers/proj     120544 2007-11-20 15:32:25 RF05-Nov20/20Nov07#2222-001.srd
-rw-rw-r-- dcrogers/proj     109964 2007-11-20 15:41:28 RF05-Nov20/20Nov07#2222-002.srd
-rw-rw-r-- dcrogers/proj     119956 2007-11-20 15:52:10 RF05-Nov20/20Nov07#2242-001.srd
-rw-rw-r-- dcrogers/proj   21790452 2007-11-20 15:53:44 RF05-Nov20/20Nov07#2242-002.srd
-rw-rw-r-- dcrogers/proj   10742468 2007-11-20 15:55:00 RF05-Nov20/20Nov07#2242-003.srd
-rw-rw-r-- dcrogers/proj   21034284 2007-11-20 16:00:17 RF05-Nov20/20Nov07#2255-001.srd
-rw-rw-r-- dcrogers/proj   21583732 2007-11-20 16:01:45 RF05-Nov20/20Nov07#2255-002.srd
-rw-rw-r-- dcrogers/proj   21023712 2007-11-20 16:02:45 RF05-Nov20/20Nov07#2255-003.srd
-rw-rw-r-- dcrogers/proj   21736540 2007-11-20 16:03:30 RF05-Nov20/20Nov07#2255-004.srd
-rw-rw-r-- dcrogers/proj   21044676 2007-11-20 16:04:07 RF05-Nov20/20Nov07#2255-005.srd
-rw-rw-r-- dcrogers/proj   21020876 2007-11-20 16:04:52 RF05-Nov20/20Nov07#2255-006.srd
-rw-rw-r-- dcrogers/proj   13008256 2007-11-20 16:05:20 RF05-Nov20/20Nov07#2255-007.srd
-rw-rw-r-- dcrogers/proj   14410652 2007-11-20 16:05:49 RF05-Nov20/20Nov07#2255-008.srd
-rw-rw-r-- dcrogers/proj   20973944 2007-11-20 16:06:55 RF05-Nov20/20Nov07#2306-001.srd
-rw-rw-r-- dcrogers/proj   21784036 2007-11-20 17:15:07 RF05-Nov20/21Nov07#0007-003.srd
-rw-rw-r-- dcrogers/proj   21802052 2007-11-20 17:15:50 RF05-Nov20/21Nov07#0007-004.srd
-rw-rw-r-- dcrogers/proj   21685104 2007-11-20 17:16:22 RF05-Nov20/21Nov07#0007-005.srd
-rw-rw-r-- dcrogers/proj   21589924 2007-11-20 17:16:55 RF05-Nov20/21Nov07#0007-006.srd
-rw-rw-r-- dcrogers/proj    2392676 2007-11-20 17:17:04 RF05-Nov20/21Nov07#0007-007.srd
-rw-rw-r-- dcrogers/proj    6324628 2007-11-20 17:25:39 RF05-Nov20/21Nov07#0007-008.srd
-rw-rw-r-- dcrogers/proj   21585352 2007-11-20 16:10:56 RF05-Nov20/20Nov07#2306-002.srd
-rw-rw-r-- dcrogers/proj   21036096 2007-11-20 16:11:33 RF05-Nov20/20Nov07#2306-003.srd
-rw-rw-r-- dcrogers/proj   22336368 2007-11-20 16:12:08 RF05-Nov20/20Nov07#2306-004.srd
-rw-rw-r-- dcrogers/proj   22004700 2007-11-20 16:12:43 RF05-Nov20/20Nov07#2306-005.srd
-rw-rw-r-- dcrogers/proj   22392376 2007-11-20 16:13:21 RF05-Nov20/20Nov07#2306-006.srd
-rw-rw-r-- dcrogers/proj   22156188 2007-11-20 16:13:58 RF05-Nov20/20Nov07#2306-007.srd
-rw-rw-r-- dcrogers/proj   18444324 2007-11-20 16:16:09 RF05-Nov20/20Nov07#2306-008.srd
-rw-rw-r-- dcrogers/proj   21174520 2007-11-20 16:19:14 RF05-Nov20/20Nov07#2306-009.srd
-rw-rw-r-- dcrogers/proj   21513988 2007-11-20 16:19:54 RF05-Nov20/20Nov07#2306-010.srd
-rw-rw-r-- dcrogers/proj   14968208 2007-11-20 16:21:26 RF05-Nov20/20Nov07#2306-011.srd
-rw-rw-r-- dcrogers/proj    1250752 2007-11-20 16:33:11 RF05-Nov20/20Nov07#2323-001.srd
-rw-rw-r-- dcrogers/proj   22141528 2007-11-20 16:33:57 RF05-Nov20/20Nov07#2323-002.srd
-rw-rw-r-- dcrogers/proj   21856248 2007-11-20 16:34:32 RF05-Nov20/20Nov07#2323-003.srd
-rw-rw-r-- dcrogers/proj   21936460 2007-11-20 16:35:10 RF05-Nov20/20Nov07#2323-004.srd
-rw-rw-r-- dcrogers/proj   21471256 2007-11-20 16:35:52 RF05-Nov20/20Nov07#2323-005.srd
-rw-rw-r-- dcrogers/proj   21831444 2007-11-20 16:36:32 RF05-Nov20/20Nov07#2323-006.srd
-rw-rw-r-- dcrogers/proj   21891064 2007-11-20 16:37:10 RF05-Nov20/20Nov07#2323-007.srd
-rw-rw-r-- dcrogers/proj   22185884 2007-11-20 16:37:47 RF05-Nov20/20Nov07#2323-008.srd
-rw-rw-r-- dcrogers/proj   22218428 2007-11-20 16:38:25 RF05-Nov20/20Nov07#2323-009.srd
-rw-rw-r-- dcrogers/proj     793904 2007-11-20 16:43:11 RF05-Nov20/20Nov07#2323-010.srd
-rw-rw-r-- dcrogers/proj   22137900 2007-11-20 16:46:38 RF05-Nov20/20Nov07#2323-011.srd
-rw-rw-r-- dcrogers/proj   21769120 2007-11-20 16:47:23 RF05-Nov20/20Nov07#2323-012.srd
-rw-rw-r-- dcrogers/proj   21910860 2007-11-20 16:48:06 RF05-Nov20/20Nov07#2323-013.srd
-rw-rw-r-- dcrogers/proj   22191264 2007-11-20 16:49:08 RF05-Nov20/20Nov07#2323-014.srd
-rw-rw-r-- dcrogers/proj   22068612 2007-11-20 16:49:59 RF05-Nov20/20Nov07#2323-015.srd
-rw-rw-r-- dcrogers/proj   22139668 2007-11-20 16:50:44 RF05-Nov20/20Nov07#2323-016.srd
-rw-rw-r-- dcrogers/proj   21396736 2007-11-20 16:51:31 RF05-Nov20/20Nov07#2323-017.srd
-rw-rw-r-- dcrogers/proj   21594016 2007-11-20 16:52:19 RF05-Nov20/20Nov07#2323-018.srd
-rw-rw-r-- dcrogers/proj   21191880 2007-11-20 16:53:11 RF05-Nov20/20Nov07#2323-019.srd
-rw-rw-r-- dcrogers/proj   21037724 2007-11-20 16:54:26 RF05-Nov20/20Nov07#2323-020.srd
-rw-rw-r-- dcrogers/proj   21341748 2007-11-20 17:00:07 RF05-Nov20/20Nov07#2323-021.srd
-rw-rw-r-- dcrogers/proj   22093012 2007-11-20 17:00:47 RF05-Nov20/20Nov07#2323-022.srd
-rw-rw-r-- dcrogers/proj   22091092 2007-11-20 17:01:24 RF05-Nov20/20Nov07#2323-023.srd
-rw-rw-r-- dcrogers/proj   21860624 2007-11-20 17:01:54 RF05-Nov20/20Nov07#2323-024.srd
-rw-rw-r-- dcrogers/proj   21709936 2007-11-20 17:02:24 RF05-Nov20/20Nov07#2323-025.srd
-rw-rw-r-- dcrogers/proj   21531320 2007-11-20 17:02:57 RF05-Nov20/20Nov07#2323-026.srd
-rw-rw-r-- dcrogers/proj   10571084 2007-11-20 17:03:11 RF05-Nov20/20Nov07#2323-027.srd
-rw-rw-r-- dcrogers/proj    9075176 2007-11-20 17:03:24 RF05-Nov20/20Nov07#2323-028.srd
-rw-rw-r-- dcrogers/proj   22066220 2007-11-20 17:04:34 RF05-Nov20/21Nov07#0003-001.srd
-rw-rw-r-- dcrogers/proj   21791000 2007-11-20 17:05:17 RF05-Nov20/21Nov07#0003-002.srd
-rw-rw-r-- dcrogers/proj   10165432 2007-11-20 17:05:53 RF05-Nov20/21Nov07#0003-003.srd
-rw-rw-r-- dcrogers/proj   20977500 2007-11-20 17:08:23 RF05-Nov20/21Nov07#0007-001.srd
-rw-rw-r-- dcrogers/proj   21523704 2007-11-20 17:09:01 RF05-Nov20/21Nov07#0007-002.srd
Creating tarfile for /scr/raf2/Raw_Data/ICE-L/sid-2h/RF06-Nov29
-rw-rw-r-- dcrogers/proj     132188 2007-11-29 16:07:48 RF06-Nov29/29Nov07#1557-001.srd
-rw-rw-r-- dcrogers/proj     124424 2007-11-29 16:17:48 RF06-Nov29/29Nov07#1557-002.srd
-rw-rw-r-- dcrogers/proj     121736 2007-11-29 16:27:48 RF06-Nov29/29Nov07#1557-003.srd
-rw-rw-r-- dcrogers/proj     198512 2007-11-29 16:37:48 RF06-Nov29/29Nov07#1557-004.srd
-rw-rw-r-- dcrogers/proj     121568 2007-11-29 16:47:48 RF06-Nov29/29Nov07#1557-005.srd
-rw-rw-r-- dcrogers/proj     121484 2007-11-29 16:57:48 RF06-Nov29/29Nov07#1557-006.srd
-rw-rw-r-- dcrogers/proj     121568 2007-11-29 17:07:48 RF06-Nov29/29Nov07#1557-007.srd
-rw-rw-r-- dcrogers/proj     121568 2007-11-29 17:17:48 RF06-Nov29/29Nov07#1557-008.srd
-rw-rw-r-- dcrogers/proj     121484 2007-11-29 17:27:48 RF06-Nov29/29Nov07#1557-009.srd
-rw-rw-r-- dcrogers/proj     122576 2007-11-29 17:37:48 RF06-Nov29/29Nov07#1557-010.srd
-rw-rw-r-- dcrogers/proj     138956 2007-11-29 17:47:48 RF06-Nov29/29Nov07#1557-011.srd
-rw-rw-r-- dcrogers/proj     190280 2007-11-29 17:57:48 RF06-Nov29/29Nov07#1557-012.srd
-rw-rw-r-- dcrogers/proj   21911424 2007-11-29 18:07:10 RF06-Nov29/29Nov07#1557-013.srd
-rw-rw-r-- dcrogers/proj    3528612 2007-11-29 18:07:48 RF06-Nov29/29Nov07#1557-014.srd
-rw-rw-r-- dcrogers/proj    4777052 2007-11-29 18:17:48 RF06-Nov29/29Nov07#1557-015.srd
-rw-rw-r-- dcrogers/proj     121568 2007-11-29 18:27:48 RF06-Nov29/29Nov07#1557-016.srd
-rw-rw-r-- dcrogers/proj   10620468 2007-11-29 18:37:48 RF06-Nov29/29Nov07#1557-017.srd
-rw-rw-r-- dcrogers/proj   13367608 2007-11-29 18:47:48 RF06-Nov29/29Nov07#1557-018.srd
-rw-rw-r-- dcrogers/proj    5620984 2007-11-29 18:57:48 RF06-Nov29/29Nov07#1557-019.srd
-rw-rw-r-- dcrogers/proj   21424700 2007-11-29 19:05:56 RF06-Nov29/29Nov07#1557-020.srd
-rw-rw-r-- dcrogers/proj     566432 2007-11-29 19:07:48 RF06-Nov29/29Nov07#1557-021.srd
-rw-rw-r-- dcrogers/proj    7410648 2007-11-29 19:17:48 RF06-Nov29/29Nov07#1557-022.srd
-rw-rw-r-- dcrogers/proj    5495252 2007-11-29 19:27:48 RF06-Nov29/29Nov07#1557-023.srd
-rw-rw-r-- dcrogers/proj     953860 2007-11-29 19:34:02 RF06-Nov29/29Nov07#1557-024.srd
-rw-rw-r-- dcrogers/proj   21282292 2007-11-29 19:45:40 RF06-Nov29/29Nov07#1939-001.srd
-rw-rw-r-- dcrogers/proj      76824 2007-11-29 19:49:56 RF06-Nov29/29Nov07#1939-002.srd
-rw-rw-r-- dcrogers/proj     121904 2007-11-29 19:59:56 RF06-Nov29/29Nov07#1939-003.srd
-rw-rw-r-- dcrogers/proj     121652 2007-11-29 20:09:56 RF06-Nov29/29Nov07#1939-004.srd
-rw-rw-r-- dcrogers/proj     121484 2007-11-29 20:19:56 RF06-Nov29/29Nov07#1939-005.srd
-rw-rw-r-- dcrogers/proj     121652 2007-11-29 20:29:56 RF06-Nov29/29Nov07#1939-006.srd
-rw-rw-r-- dcrogers/proj     121484 2007-11-29 20:39:56 RF06-Nov29/29Nov07#1939-007.srd
-rw-rw-r-- dcrogers/proj     121568 2007-11-29 20:49:56 RF06-Nov29/29Nov07#1939-008.srd
-rw-rw-r-- dcrogers/proj     121484 2007-11-29 20:59:56 RF06-Nov29/29Nov07#1939-009.srd
-rw-rw-r-- dcrogers/proj     121568 2007-11-29 21:09:56 RF06-Nov29/29Nov07#1939-010.srd
-rw-rw-r-- dcrogers/proj     123080 2007-11-29 21:19:56 RF06-Nov29/29Nov07#1939-011.srd
-rw-rw-r-- dcrogers/proj     134840 2007-11-29 21:29:56 RF06-Nov29/29Nov07#1939-012.srd
-rw-rw-r-- dcrogers/proj     126692 2007-11-29 21:39:56 RF06-Nov29/29Nov07#1939-013.srd
-rw-rw-r-- dcrogers/proj     125768 2007-11-29 21:49:56 RF06-Nov29/29Nov07#1939-014.srd
-rw-rw-r-- dcrogers/proj     126104 2007-11-29 21:59:56 RF06-Nov29/29Nov07#1939-015.srd
-rw-rw-r-- dcrogers/proj     124844 2007-11-29 22:09:56 RF06-Nov29/29Nov07#1939-016.srd
-rw-rw-r-- dcrogers/proj      35068 2007-11-29 22:12:10 RF06-Nov29/29Nov07#1939-017.srd
Creating tarfile for /scr/raf2/Raw_Data/ICE-L/sid-2h/RF07-Nov30
-rw-rw-r-- dcrogers/proj     119788 2007-11-30 15:57:30 RF07-Nov30/30Nov07#1547-001.srd
-rw-rw-r-- dcrogers/proj     128120 2007-11-30 16:07:30 RF07-Nov30/30Nov07#1547-002.srd
-rw-rw-r-- dcrogers/proj      30984 2007-11-30 16:09:54 RF07-Nov30/30Nov07#1547-003.srd
-rw-rw-r-- dcrogers/proj     135664 2007-11-30 16:20:34 RF07-Nov30/30Nov07#1610-001.srd
-rw-rw-r-- dcrogers/proj     137276 2007-11-30 16:30:34 RF07-Nov30/30Nov07#1610-002.srd
-rw-rw-r-- dcrogers/proj     149288 2007-11-30 16:40:34 RF07-Nov30/30Nov07#1610-003.srd
-rw-rw-r-- dcrogers/proj     238580 2007-11-30 16:50:34 RF07-Nov30/30Nov07#1610-004.srd
-rw-rw-r-- dcrogers/proj     126692 2007-11-30 17:00:34 RF07-Nov30/30Nov07#1610-005.srd
-rw-rw-r-- dcrogers/proj    1247076 2007-11-30 17:10:34 RF07-Nov30/30Nov07#1610-006.srd
-rw-rw-r-- dcrogers/proj     137192 2007-11-30 17:20:34 RF07-Nov30/30Nov07#1610-007.srd
-rw-rw-r-- dcrogers/proj    4594000 2007-11-30 17:30:32 RF07-Nov30/30Nov07#1610-008.srd
-rw-rw-r-- dcrogers/proj     266024 2007-11-30 17:40:32 RF07-Nov30/30Nov07#1610-009.srd
-rw-rw-r-- dcrogers/proj     146264 2007-11-30 17:50:32 RF07-Nov30/30Nov07#1610-010.srd
-rw-rw-r-- dcrogers/proj     156260 2007-11-30 18:00:32 RF07-Nov30/30Nov07#1610-011.srd
-rw-rw-r-- dcrogers/proj   21183216 2007-11-30 18:03:06 RF07-Nov30/30Nov07#1610-012.srd
-rw-rw-r-- dcrogers/proj     329008 2007-11-30 18:10:32 RF07-Nov30/30Nov07#1610-013.srd
-rw-rw-r-- dcrogers/proj     123836 2007-11-30 18:20:32 RF07-Nov30/30Nov07#1610-014.srd
-rw-rw-r-- dcrogers/proj     124508 2007-11-30 18:30:32 RF07-Nov30/30Nov07#1610-015.srd
-rw-rw-r-- dcrogers/proj     124172 2007-11-30 18:40:32 RF07-Nov30/30Nov07#1610-016.srd
-rw-rw-r-- dcrogers/proj     153572 2007-11-30 18:50:32 RF07-Nov30/30Nov07#1610-017.srd
-rw-rw-r-- dcrogers/proj     161048 2007-11-30 19:00:32 RF07-Nov30/30Nov07#1610-018.srd
-rw-rw-r-- dcrogers/proj     147356 2007-11-30 19:10:32 RF07-Nov30/30Nov07#1610-019.srd
-rw-rw-r-- dcrogers/proj   22049420 2007-11-30 19:13:08 RF07-Nov30/30Nov07#1610-020.srd
-rw-rw-r-- dcrogers/proj    8662916 2007-11-30 19:20:32 RF07-Nov30/30Nov07#1610-021.srd
-rw-rw-r-- dcrogers/proj   21136212 2007-11-30 19:25:14 RF07-Nov30/30Nov07#1610-022.srd
-rw-rw-r-- dcrogers/proj    9639992 2007-11-30 19:30:32 RF07-Nov30/30Nov07#1610-023.srd
-rw-rw-r-- dcrogers/proj    7221368 2007-11-30 19:40:32 RF07-Nov30/30Nov07#1610-024.srd
-rw-rw-r-- dcrogers/proj    2739924 2007-11-30 19:50:32 RF07-Nov30/30Nov07#1610-025.srd
-rw-rw-r-- dcrogers/proj    1694200 2007-11-30 20:00:32 RF07-Nov30/30Nov07#1610-026.srd
-rw-rw-r-- dcrogers/proj    2553460 2007-11-30 20:10:32 RF07-Nov30/30Nov07#1610-027.srd
-rw-rw-r-- dcrogers/proj     129296 2007-11-30 20:20:32 RF07-Nov30/30Nov07#1610-028.srd
-rw-rw-r-- dcrogers/proj     132992 2007-11-30 20:30:32 RF07-Nov30/30Nov07#1610-029.srd
-rw-rw-r-- dcrogers/proj      41300 2007-11-30 20:33:02 RF07-Nov30/30Nov07#1610-030.srd
-rw-rw-r-- dcrogers/proj      63568 2007-11-30 20:37:42 RF07-Nov30/30Nov07#2033-001.srd
Creating tarfile for /scr/raf2/Raw_Data/ICE-L/sid-2h/RF08-Dec04
-rw-rw-r-- dcrogers/proj     121736 2007-12-04 20:02:44 RF08-Dec04/04Dec07#1732-018.srd
-rw-rw-r-- dcrogers/proj     125768 2007-12-04 20:12:44 RF08-Dec04/04Dec07#1732-019.srd
-rw-rw-r-- dcrogers/proj      68108 2007-12-04 20:17:18 RF08-Dec04/04Dec07#1732-020.srd
-rw-rw-r-- dcrogers/proj     122896 2007-12-04 17:28:18 RF08-Dec04/04Dec07#1718-001.srd
-rw-rw-r-- dcrogers/proj      56500 2007-12-04 17:31:18 RF08-Dec04/04Dec07#1718-002.srd
-rw-rw-r-- dcrogers/proj     134068 2007-12-04 17:42:44 RF08-Dec04/04Dec07#1732-001.srd
-rw-rw-r-- dcrogers/proj     488276 2007-12-04 17:52:44 RF08-Dec04/04Dec07#1732-002.srd
-rw-rw-r-- dcrogers/proj     121484 2007-12-04 18:02:44 RF08-Dec04/04Dec07#1732-003.srd
-rw-rw-r-- dcrogers/proj    2488476 2007-12-04 18:12:44 RF08-Dec04/04Dec07#1732-004.srd
-rw-rw-r-- dcrogers/proj    2880600 2007-12-04 18:22:44 RF08-Dec04/04Dec07#1732-005.srd
-rw-rw-r-- dcrogers/proj     121568 2007-12-04 18:32:44 RF08-Dec04/04Dec07#1732-006.srd
-rw-rw-r-- dcrogers/proj     121568 2007-12-04 18:42:44 RF08-Dec04/04Dec07#1732-007.srd
-rw-rw-r-- dcrogers/proj   21082900 2007-12-04 18:46:44 RF08-Dec04/04Dec07#1732-008.srd
-rw-rw-r-- dcrogers/proj   21329740 2007-12-04 18:50:02 RF08-Dec04/04Dec07#1732-009.srd
-rw-rw-r-- dcrogers/proj   14463600 2007-12-04 18:52:44 RF08-Dec04/04Dec07#1732-010.srd
-rw-rw-r-- dcrogers/proj   20998380 2007-12-04 18:58:10 RF08-Dec04/04Dec07#1732-011.srd
-rw-rw-r-- dcrogers/proj    6923468 2007-12-04 19:02:44 RF08-Dec04/04Dec07#1732-012.srd
-rw-rw-r-- dcrogers/proj    5429820 2007-12-04 19:12:44 RF08-Dec04/04Dec07#1732-013.srd
-rw-rw-r-- dcrogers/proj   13815304 2007-12-04 19:22:44 RF08-Dec04/04Dec07#1732-014.srd
-rw-rw-r-- dcrogers/proj    6154832 2007-12-04 19:32:44 RF08-Dec04/04Dec07#1732-015.srd
-rw-rw-r-- dcrogers/proj     121568 2007-12-04 19:42:44 RF08-Dec04/04Dec07#1732-016.srd
-rw-rw-r-- dcrogers/proj     121484 2007-12-04 19:52:44 RF08-Dec04/04Dec07#1732-017.srd
Creating tarfile for /scr/raf2/Raw_Data/ICE-L/sid-2h/RF09-Dec10
-rw-rw-r-- dcrogers/proj     113356 2007-12-10 15:57:10 RF09-Dec10/10Dec07#1547-001.srd
-rw-rw-r-- dcrogers/proj     119536 2007-12-10 16:07:10 RF09-Dec10/10Dec07#1547-002.srd
-rw-rw-r-- dcrogers/proj     121568 2007-12-10 16:17:10 RF09-Dec10/10Dec07#1547-003.srd
-rw-rw-r-- dcrogers/proj     128120 2007-12-10 16:27:12 RF09-Dec10/10Dec07#1547-004.srd
-rw-rw-r-- dcrogers/proj     122844 2007-12-10 16:37:12 RF09-Dec10/10Dec07#1547-005.srd
-rw-rw-r-- dcrogers/proj     121568 2007-12-10 16:47:12 RF09-Dec10/10Dec07#1547-006.srd
-rw-rw-r-- dcrogers/proj     121400 2007-12-10 16:57:12 RF09-Dec10/10Dec07#1547-007.srd
-rw-rw-r-- dcrogers/proj     121568 2007-12-10 17:07:12 RF09-Dec10/10Dec07#1547-008.srd
-rw-rw-r-- dcrogers/proj     121484 2007-12-10 17:17:12 RF09-Dec10/10Dec07#1547-009.srd
-rw-rw-r-- dcrogers/proj     121652 2007-12-10 17:27:12 RF09-Dec10/10Dec07#1547-010.srd
-rw-rw-r-- dcrogers/proj     559880 2007-12-10 17:37:12 RF09-Dec10/10Dec07#1547-011.srd
-rw-rw-r-- dcrogers/proj      36740 2007-12-10 17:40:12 RF09-Dec10/10Dec07#1547-012.srd
-rw-rw-r-- dcrogers/proj      54668 2007-12-10 17:47:12 RF09-Dec10/10Dec07#1742-001.srd
-rw-rw-r-- dcrogers/proj     121484 2007-12-10 17:57:12 RF09-Dec10/10Dec07#1742-002.srd
-rw-rw-r-- dcrogers/proj     121568 2007-12-10 18:07:10 RF09-Dec10/10Dec07#1742-003.srd
-rw-rw-r-- dcrogers/proj   20998704 2007-12-10 18:16:00 RF09-Dec10/10Dec07#1742-004.srd
-rw-rw-r-- dcrogers/proj    8103804 2007-12-10 18:17:10 RF09-Dec10/10Dec07#1742-005.srd
-rw-rw-r-- dcrogers/proj   21693508 2007-12-10 18:21:06 RF09-Dec10/10Dec07#1742-006.srd
-rw-rw-r-- dcrogers/proj   17133992 2007-12-10 18:27:10 RF09-Dec10/10Dec07#1742-007.srd
-rw-rw-r-- dcrogers/proj   21451860 2007-12-10 18:36:52 RF09-Dec10/10Dec07#1742-008.srd
-rw-rw-r-- dcrogers/proj    4482992 2007-12-10 18:37:10 RF09-Dec10/10Dec07#1742-009.srd
-rw-rw-r-- dcrogers/proj    7688552 2007-12-10 18:47:10 RF09-Dec10/10Dec07#1742-010.srd
-rw-rw-r-- dcrogers/proj     140720 2007-12-10 18:57:10 RF09-Dec10/10Dec07#1742-011.srd
-rw-rw-r-- dcrogers/proj     121736 2007-12-10 19:07:10 RF09-Dec10/10Dec07#1742-012.srd
-rw-rw-r-- dcrogers/proj     121484 2007-12-10 19:17:10 RF09-Dec10/10Dec07#1742-013.srd
-rw-rw-r-- dcrogers/proj    5326128 2007-12-10 19:27:10 RF09-Dec10/10Dec07#1742-014.srd
-rw-rw-r-- dcrogers/proj     137276 2007-12-10 19:37:10 RF09-Dec10/10Dec07#1742-015.srd
-rw-rw-r-- dcrogers/proj     122072 2007-12-10 19:47:10 RF09-Dec10/10Dec07#1742-016.srd
-rw-rw-r-- dcrogers/proj     122660 2007-12-10 19:57:10 RF09-Dec10/10Dec07#1742-017.srd
-rw-rw-r-- dcrogers/proj      37064 2007-12-10 20:00:02 RF09-Dec10/10Dec07#1742-018.srd
Creating tarfile for /scr/raf2/Raw_Data/ICE-L/sid-2h/RF10-Dec11
-rw-rw-r-- dcrogers/proj      68736 2007-12-11 19:01:24 RF10-Dec11/11Dec07#1851-001.srd
-rw-rw-r-- dcrogers/proj     152816 2007-12-11 19:11:24 RF10-Dec11/11Dec07#1851-002.srd
-rw-rw-r-- dcrogers/proj   12564636 2007-12-11 19:21:24 RF10-Dec11/11Dec07#1851-003.srd
-rw-rw-r-- dcrogers/proj     260336 2007-12-11 19:31:24 RF10-Dec11/11Dec07#1851-004.srd
-rw-rw-r-- dcrogers/proj     518568 2007-12-11 19:41:24 RF10-Dec11/11Dec07#1851-005.srd
-rw-rw-r-- dcrogers/proj     979796 2007-12-11 19:51:24 RF10-Dec11/11Dec07#1851-006.srd
-rw-rw-r-- dcrogers/proj    3702124 2007-12-11 20:01:24 RF10-Dec11/11Dec07#1851-007.srd
-rw-rw-r-- dcrogers/proj   21593436 2007-12-11 20:04:14 RF10-Dec11/11Dec07#1851-008.srd
-rw-rw-r-- dcrogers/proj   21497820 2007-12-11 20:05:10 RF10-Dec11/11Dec07#1851-009.srd
-rw-rw-r-- dcrogers/proj   21006524 2007-12-11 20:07:56 RF10-Dec11/11Dec07#1851-010.srd
-rw-rw-r-- dcrogers/proj   21365032 2007-12-11 20:09:00 RF10-Dec11/11Dec07#1851-011.srd
-rw-rw-r-- dcrogers/proj   21180112 2007-12-11 20:10:00 RF10-Dec11/11Dec07#1851-012.srd
-rw-rw-r-- dcrogers/proj   21255880 2007-12-11 20:10:44 RF10-Dec11/11Dec07#1851-013.srd
-rw-rw-r-- dcrogers/proj   22276056 2007-12-11 20:11:24 RF10-Dec11/11Dec07#1851-014.srd
-rw-rw-r-- dcrogers/proj     462436 2007-12-11 20:11:24 RF10-Dec11/11Dec07#1851-015.srd
-rw-rw-r-- dcrogers/proj   21368088 2007-12-11 20:12:04 RF10-Dec11/11Dec07#1851-016.srd
-rw-rw-r-- dcrogers/proj   22235588 2007-12-11 20:12:40 RF10-Dec11/11Dec07#1851-017.srd
-rw-rw-r-- dcrogers/proj   21515024 2007-12-11 20:13:14 RF10-Dec11/11Dec07#1851-018.srd
-rw-rw-r-- dcrogers/proj   21658720 2007-12-11 20:13:48 RF10-Dec11/11Dec07#1851-019.srd
-rw-rw-r-- dcrogers/proj   21945200 2007-12-11 20:14:24 RF10-Dec11/11Dec07#1851-020.srd
-rw-rw-r-- dcrogers/proj   15660624 2007-12-11 20:21:24 RF10-Dec11/11Dec07#1851-021.srd
-rw-rw-r-- dcrogers/proj     828596 2007-12-11 20:31:24 RF10-Dec11/11Dec07#1851-022.srd
-rw-rw-r-- dcrogers/proj     701672 2007-12-11 20:41:24 RF10-Dec11/11Dec07#1851-023.srd
-rw-rw-r-- dcrogers/proj     640520 2007-12-11 20:51:24 RF10-Dec11/11Dec07#1851-024.srd
-rw-rw-r-- dcrogers/proj     770092 2007-12-11 21:01:24 RF10-Dec11/11Dec07#1851-025.srd
-rw-rw-r-- dcrogers/proj   22061856 2007-12-11 21:05:30 RF10-Dec11/11Dec07#1851-026.srd
-rw-rw-r-- dcrogers/proj   18776428 2007-12-11 21:11:24 RF10-Dec11/11Dec07#1851-027.srd
-rw-rw-r-- dcrogers/proj   21004040 2007-12-11 21:16:26 RF10-Dec11/11Dec07#1851-028.srd
-rw-rw-r-- dcrogers/proj   15458080 2007-12-11 21:21:24 RF10-Dec11/11Dec07#1851-029.srd
-rw-rw-r-- dcrogers/proj   22322088 2007-12-11 21:22:26 RF10-Dec11/11Dec07#1851-030.srd
-rw-rw-r-- dcrogers/proj   21996552 2007-12-11 21:23:02 RF10-Dec11/11Dec07#1851-031.srd
-rw-rw-r-- dcrogers/proj   21926104 2007-12-11 21:23:40 RF10-Dec11/11Dec07#1851-032.srd
-rw-rw-r-- dcrogers/proj   21555308 2007-12-11 21:24:16 RF10-Dec11/11Dec07#1851-033.srd
-rw-rw-r-- dcrogers/proj   22539152 2007-12-11 21:24:52 RF10-Dec11/11Dec07#1851-034.srd
-rw-rw-r-- dcrogers/proj   21724736 2007-12-11 21:25:32 RF10-Dec11/11Dec07#1851-035.srd
-rw-rw-r-- dcrogers/proj   21344580 2007-12-11 21:31:14 RF10-Dec11/11Dec07#1851-036.srd
-rw-rw-r-- dcrogers/proj    1326276 2007-12-11 21:31:24 RF10-Dec11/11Dec07#1851-037.srd
-rw-rw-r-- dcrogers/proj   21909300 2007-12-11 21:33:58 RF10-Dec11/11Dec07#1851-038.srd
-rw-rw-r-- dcrogers/proj   21144168 2007-12-11 21:40:22 RF10-Dec11/11Dec07#1851-039.srd
-rw-rw-r-- dcrogers/proj   21643256 2007-12-11 21:41:24 RF10-Dec11/11Dec07#1851-040.srd
-rw-rw-r-- dcrogers/proj   21264408 2007-12-11 21:42:14 RF10-Dec11/11Dec07#1851-041.srd
-rw-rw-r-- dcrogers/proj   21553320 2007-12-11 21:43:40 RF10-Dec11/11Dec07#1851-042.srd
-rw-rw-r-- dcrogers/proj    5784200 2007-12-11 21:51:24 RF10-Dec11/11Dec07#1851-043.srd
-rw-rw-r-- dcrogers/proj     528884 2007-12-11 22:01:24 RF10-Dec11/11Dec07#1851-044.srd
-rw-rw-r-- dcrogers/proj     872696 2007-12-11 22:11:24 RF10-Dec11/11Dec07#1851-045.srd
-rw-rw-r-- dcrogers/proj     611792 2007-12-11 22:21:24 RF10-Dec11/11Dec07#1851-046.srd
-rw-rw-r-- dcrogers/proj     566516 2007-12-11 22:31:24 RF10-Dec11/11Dec07#1851-047.srd
-rw-rw-r-- dcrogers/proj     934604 2007-12-11 22:41:24 RF10-Dec11/11Dec07#1851-048.srd
-rw-rw-r-- dcrogers/proj    1159504 2007-12-11 22:51:24 RF10-Dec11/11Dec07#1851-049.srd
-rw-rw-r-- dcrogers/proj    1299836 2007-12-11 23:01:24 RF10-Dec11/11Dec07#1851-050.srd
-rw-rw-r-- dcrogers/proj     907976 2007-12-11 23:11:24 RF10-Dec11/11Dec07#1851-051.srd
-rw-rw-r-- dcrogers/proj    1048508 2007-12-11 23:21:24 RF10-Dec11/11Dec07#1851-052.srd
-rw-rw-r-- dcrogers/proj     267728 2007-12-11 23:31:24 RF10-Dec11/11Dec07#1851-053.srd
-rw-rw-r-- dcrogers/proj     892268 2007-12-11 23:41:24 RF10-Dec11/11Dec07#1851-054.srd
-rw-rw-r-- dcrogers/proj      76200 2007-12-11 23:42:32 RF10-Dec11/11Dec07#1851-055.srd
Creating tarfile for /scr/raf2/Raw_Data/ICE-L/sid-2h/RF11-Dec13
-rw-rw-r-- dcrogers/proj     119452 2007-12-13 08:45:33 RF11-Dec13/13Dec07#1535-001.srd
-rw-rw-r-- dcrogers/proj     152920 2007-12-13 08:55:33 RF11-Dec13/13Dec07#1535-002.srd
-rw-rw-r-- dcrogers/proj   21527976 2007-12-13 09:02:04 RF11-Dec13/13Dec07#1535-003.srd
-rw-rw-r-- dcrogers/proj   22097400 2007-12-13 09:02:34 RF11-Dec13/13Dec07#1535-004.srd
-rw-rw-r-- dcrogers/proj   21979856 2007-12-13 09:03:09 RF11-Dec13/13Dec07#1535-005.srd
-rw-rw-r-- dcrogers/proj   22212464 2007-12-13 09:03:47 RF11-Dec13/13Dec07#1535-006.srd
-rw-rw-r-- dcrogers/proj   22297348 2007-12-13 09:04:22 RF11-Dec13/13Dec07#1535-007.srd
-rw-rw-r-- dcrogers/proj   22085504 2007-12-13 09:04:52 RF11-Dec13/13Dec07#1535-008.srd
-rw-rw-r-- dcrogers/proj   22733324 2007-12-13 09:05:24 RF11-Dec13/13Dec07#1535-009.srd
-rw-rw-r-- dcrogers/proj     950184 2007-12-13 09:05:33 RF11-Dec13/13Dec07#1535-010.srd
-rw-rw-r-- dcrogers/proj   21046784 2007-12-13 09:07:27 RF11-Dec13/13Dec07#1535-011.srd
-rw-rw-r-- dcrogers/proj   21908688 2007-12-13 09:07:57 RF11-Dec13/13Dec07#1535-012.srd
-rw-rw-r-- dcrogers/proj   21974048 2007-12-13 09:08:45 RF11-Dec13/13Dec07#1535-013.srd
-rw-rw-r-- dcrogers/proj   22551192 2007-12-13 09:09:17 RF11-Dec13/13Dec07#1535-014.srd
-rw-rw-r-- dcrogers/proj   20996184 2007-12-13 09:09:55 RF11-Dec13/13Dec07#1535-015.srd
-rw-rw-r-- dcrogers/proj   22326092 2007-12-13 09:10:25 RF11-Dec13/13Dec07#1535-016.srd
-rw-rw-r-- dcrogers/proj   22124356 2007-12-13 09:10:55 RF11-Dec13/13Dec07#1535-017.srd
-rw-rw-r-- dcrogers/proj   22174044 2007-12-13 09:11:25 RF11-Dec13/13Dec07#1535-018.srd
-rw-rw-r-- dcrogers/proj   22344448 2007-12-13 09:11:55 RF11-Dec13/13Dec07#1535-019.srd
-rw-rw-r-- dcrogers/proj   22262028 2007-12-13 09:12:25 RF11-Dec13/13Dec07#1535-020.srd
-rw-rw-r-- dcrogers/proj   22362316 2007-12-13 09:12:55 RF11-Dec13/13Dec07#1535-021.srd
-rw-rw-r-- dcrogers/proj   22288268 2007-12-13 09:13:25 RF11-Dec13/13Dec07#1535-022.srd
-rw-rw-r-- dcrogers/proj   22300428 2007-12-13 09:13:55 RF11-Dec13/13Dec07#1535-023.srd
-rw-rw-r-- dcrogers/proj   22299340 2007-12-13 09:14:25 RF11-Dec13/13Dec07#1535-024.srd
-rw-rw-r-- dcrogers/proj   22408560 2007-12-13 09:14:55 RF11-Dec13/13Dec07#1535-025.srd
-rw-rw-r-- dcrogers/proj   22399228 2007-12-13 09:15:25 RF11-Dec13/13Dec07#1535-026.srd
-rw-rw-r-- dcrogers/proj    5316660 2007-12-13 09:15:33 RF11-Dec13/13Dec07#1535-027.srd
-rw-rw-r-- dcrogers/proj   21022496 2007-12-13 09:16:01 RF11-Dec13/13Dec07#1535-028.srd
-rw-rw-r-- dcrogers/proj   22049744 2007-12-13 09:16:31 RF11-Dec13/13Dec07#1535-029.srd
-rw-rw-r-- dcrogers/proj   21971388 2007-12-13 09:17:01 RF11-Dec13/13Dec07#1535-030.srd
-rw-rw-r-- dcrogers/proj   21996920 2007-12-13 09:17:33 RF11-Dec13/13Dec07#1535-031.srd
-rw-rw-r-- dcrogers/proj   21561924 2007-12-13 09:18:08 RF11-Dec13/13Dec07#1535-032.srd
-rw-rw-r-- dcrogers/proj    6928820 2007-12-13 09:18:18 RF11-Dec13/13Dec07#1535-033.srd
-rw-rw-r-- dcrogers/proj     120124 2007-12-13 09:28:45 RF11-Dec13/13Dec07#1618-001.srd
-rw-rw-r-- dcrogers/proj     121736 2007-12-13 09:38:45 RF11-Dec13/13Dec07#1618-002.srd
-rw-rw-r-- dcrogers/proj    4336252 2007-12-13 09:48:45 RF11-Dec13/13Dec07#1618-003.srd
-rw-rw-r-- dcrogers/proj    4715440 2007-12-13 09:58:45 RF11-Dec13/13Dec07#1618-004.srd
-rw-rw-r-- dcrogers/proj   21293856 2007-12-13 10:02:25 RF11-Dec13/13Dec07#1618-005.srd
-rw-rw-r-- dcrogers/proj   20213728 2007-12-13 10:08:45 RF11-Dec13/13Dec07#1618-006.srd
-rw-rw-r-- dcrogers/proj   20794636 2007-12-13 10:18:45 RF11-Dec13/13Dec07#1618-007.srd
-rw-rw-r-- dcrogers/proj   21187644 2007-12-13 10:28:00 RF11-Dec13/13Dec07#1618-008.srd
-rw-rw-r-- dcrogers/proj    3259124 2007-12-13 10:28:45 RF11-Dec13/13Dec07#1618-009.srd
-rw-rw-r-- dcrogers/proj   21088928 2007-12-13 10:31:05 RF11-Dec13/13Dec07#1618-010.srd
-rw-rw-r-- dcrogers/proj   21414548 2007-12-13 10:34:15 RF11-Dec13/13Dec07#1618-011.srd
-rw-rw-r-- dcrogers/proj   10022968 2007-12-13 10:38:45 RF11-Dec13/13Dec07#1618-012.srd
-rw-rw-r-- dcrogers/proj   21434336 2007-12-13 10:44:35 RF11-Dec13/13Dec07#1618-013.srd
-rw-rw-r-- dcrogers/proj   11850180 2007-12-13 10:48:45 RF11-Dec13/13Dec07#1618-014.srd
-rw-rw-r-- dcrogers/proj   21345072 2007-12-13 10:52:20 RF11-Dec13/13Dec07#1618-015.srd
-rw-rw-r-- dcrogers/proj   18495024 2007-12-13 10:58:45 RF11-Dec13/13Dec07#1618-016.srd
-rw-rw-r-- dcrogers/proj   16212580 2007-12-13 11:08:45 RF11-Dec13/13Dec07#1618-017.srd
-rw-rw-r-- dcrogers/proj     122408 2007-12-13 11:18:45 RF11-Dec13/13Dec07#1618-018.srd
-rw-rw-r-- dcrogers/proj    6376908 2007-12-13 11:28:45 RF11-Dec13/13Dec07#1618-019.srd
-rw-rw-r-- dcrogers/proj     122744 2007-12-13 11:38:45 RF11-Dec13/13Dec07#1618-020.srd
-rw-rw-r-- dcrogers/proj   21617612 2007-12-13 11:47:12 RF11-Dec13/13Dec07#1618-021.srd
-rw-rw-r-- dcrogers/proj   21175672 2007-12-13 11:48:10 RF11-Dec13/13Dec07#1618-022.srd
-rw-rw-r-- dcrogers/proj     492868 2007-12-13 11:48:45 RF11-Dec13/13Dec07#1618-023.srd
-rw-rw-r-- dcrogers/proj   21684652 2007-12-13 11:52:20 RF11-Dec13/13Dec07#1618-024.srd
-rw-rw-r-- dcrogers/proj   21234192 2007-12-13 11:56:05 RF11-Dec13/13Dec07#1618-025.srd
-rw-rw-r-- dcrogers/proj   17797448 2007-12-13 11:58:45 RF11-Dec13/13Dec07#1618-026.srd
-rw-rw-r-- dcrogers/proj   21107748 2007-12-13 12:01:23 RF11-Dec13/13Dec07#1618-027.srd
-rw-rw-r-- dcrogers/proj   20972460 2007-12-13 12:07:08 RF11-Dec13/13Dec07#1618-028.srd
-rw-rw-r-- dcrogers/proj   21443556 2007-12-13 12:08:33 RF11-Dec13/13Dec07#1618-029.srd
-rw-rw-r-- dcrogers/proj    4547152 2007-12-13 12:08:45 RF11-Dec13/13Dec07#1618-030.srd
-rw-rw-r-- dcrogers/proj   17098544 2007-12-13 12:18:45 RF11-Dec13/13Dec07#1618-031.srd
-rw-rw-r-- dcrogers/proj     701296 2007-12-13 12:28:45 RF11-Dec13/13Dec07#1618-032.srd
-rw-rw-r-- dcrogers/proj   21359852 2007-12-13 12:36:12 RF11-Dec13/13Dec07#1618-033.srd
-rw-rw-r-- dcrogers/proj    3337972 2007-12-13 12:38:45 RF11-Dec13/13Dec07#1618-034.srd
-rw-rw-r-- dcrogers/proj   21394312 2007-12-13 12:44:44 RF11-Dec13/13Dec07#1618-035.srd
-rw-rw-r-- dcrogers/proj   17503324 2007-12-13 12:48:45 RF11-Dec13/13Dec07#1618-036.srd
-rw-rw-r-- dcrogers/proj   21179160 2007-12-13 12:55:15 RF11-Dec13/13Dec07#1618-037.srd
-rw-rw-r-- dcrogers/proj   21142316 2007-12-13 12:56:02 RF11-Dec13/13Dec07#1618-038.srd
-rw-rw-r-- dcrogers/proj   21267424 2007-12-13 12:57:57 RF11-Dec13/13Dec07#1618-039.srd
-rw-rw-r-- dcrogers/proj   13155884 2007-12-13 12:58:45 RF11-Dec13/13Dec07#1618-040.srd
-rw-rw-r-- dcrogers/proj   21980640 2007-12-13 13:00:32 RF11-Dec13/13Dec07#1618-041.srd
-rw-rw-r-- dcrogers/proj   21068128 2007-12-13 13:01:27 RF11-Dec13/13Dec07#1618-042.srd
-rw-rw-r-- dcrogers/proj   21508496 2007-12-13 13:04:46 RF11-Dec13/13Dec07#1618-043.srd
-rw-rw-r-- dcrogers/proj   21927880 2007-12-13 13:05:36 RF11-Dec13/13Dec07#1618-044.srd
-rw-rw-r-- dcrogers/proj    6409324 2007-12-13 13:08:45 RF11-Dec13/13Dec07#1618-045.srd
-rw-rw-r-- dcrogers/proj   21229176 2007-12-13 13:11:29 RF11-Dec13/13Dec07#1618-046.srd
-rw-rw-r-- dcrogers/proj   21158244 2007-12-13 13:12:57 RF11-Dec13/13Dec07#1618-047.srd
-rw-rw-r-- dcrogers/proj   21103816 2007-12-13 13:15:32 RF11-Dec13/13Dec07#1618-048.srd
-rw-rw-r-- dcrogers/proj   21481036 2007-12-13 13:16:42 RF11-Dec13/13Dec07#1618-049.srd
-rw-rw-r-- dcrogers/proj    2613652 2007-12-13 13:18:45 RF11-Dec13/13Dec07#1618-050.srd
-rw-rw-r-- dcrogers/proj    3778276 2007-12-13 13:28:45 RF11-Dec13/13Dec07#1618-051.srd
-rw-rw-r-- dcrogers/proj   21411920 2007-12-13 13:35:38 RF11-Dec13/13Dec07#1618-052.srd
-rw-rw-r-- dcrogers/proj   21791520 2007-12-13 13:36:31 RF11-Dec13/13Dec07#1618-053.srd
-rw-rw-r-- dcrogers/proj   11410044 2007-12-13 13:38:45 RF11-Dec13/13Dec07#1618-054.srd
-rw-rw-r-- dcrogers/proj   21508184 2007-12-13 13:46:11 RF11-Dec13/13Dec07#1618-055.srd
-rw-rw-r-- dcrogers/proj   21011700 2007-12-13 13:48:29 RF11-Dec13/13Dec07#1618-056.srd
-rw-rw-r-- dcrogers/proj    5478684 2007-12-13 13:48:45 RF11-Dec13/13Dec07#1618-057.srd
-rw-rw-r-- dcrogers/proj   21210524 2007-12-13 13:51:54 RF11-Dec13/13Dec07#1618-058.srd
-rw-rw-r-- dcrogers/proj    4837848 2007-12-13 13:58:45 RF11-Dec13/13Dec07#1618-059.srd
-rw-rw-r-- dcrogers/proj   21550732 2007-12-13 14:01:09 RF11-Dec13/13Dec07#1618-060.srd
-rw-rw-r-- dcrogers/proj    3234164 2007-12-13 14:08:45 RF11-Dec13/13Dec07#1618-061.srd
-rw-rw-r-- dcrogers/proj     124508 2007-12-13 14:18:45 RF11-Dec13/13Dec07#1618-062.srd
-rw-rw-r-- dcrogers/proj     135176 2007-12-13 14:28:45 RF11-Dec13/13Dec07#1618-063.srd
-rw-rw-r-- dcrogers/proj      42052 2007-12-13 14:32:06 RF11-Dec13/13Dec07#1618-064.srd
Creating tarfile for /scr/raf2/Raw_Data/ICE-L/sid-2h/RF12-Dec16
-rw-rw-r-- dcrogers/proj      52648 2007-12-16 08:53:18 RF12-Dec16/16Dec07#1548-001.srd
-rw-rw-r-- dcrogers/proj     120628 2007-12-16 09:06:05 RF12-Dec16/16Dec07#1556-001.srd
-rw-rw-r-- dcrogers/proj     127616 2007-12-16 09:16:05 RF12-Dec16/16Dec07#1556-002.srd
-rw-rw-r-- dcrogers/proj     121568 2007-12-16 09:26:05 RF12-Dec16/16Dec07#1556-003.srd
-rw-rw-r-- dcrogers/proj     121568 2007-12-16 09:36:05 RF12-Dec16/16Dec07#1556-004.srd
-rw-rw-r-- dcrogers/proj     121484 2007-12-16 09:46:05 RF12-Dec16/16Dec07#1556-005.srd
-rw-rw-r-- dcrogers/proj     121568 2007-12-16 09:56:05 RF12-Dec16/16Dec07#1556-006.srd
-rw-rw-r-- dcrogers/proj     121484 2007-12-16 10:06:05 RF12-Dec16/16Dec07#1556-007.srd
-rw-rw-r-- dcrogers/proj     121568 2007-12-16 10:16:05 RF12-Dec16/16Dec07#1556-008.srd
-rw-rw-r-- dcrogers/proj    1420956 2007-12-16 10:26:05 RF12-Dec16/16Dec07#1556-009.srd
-rw-rw-r-- dcrogers/proj     121484 2007-12-16 10:36:05 RF12-Dec16/16Dec07#1556-010.srd
-rw-rw-r-- dcrogers/proj     809440 2007-12-16 10:46:05 RF12-Dec16/16Dec07#1556-011.srd
-rw-rw-r-- dcrogers/proj     127868 2007-12-16 10:56:05 RF12-Dec16/16Dec07#1556-012.srd
-rw-rw-r-- dcrogers/proj     121148 2007-12-16 11:06:05 RF12-Dec16/16Dec07#1556-013.srd
-rw-rw-r-- dcrogers/proj   19842744 2007-12-16 11:16:05 RF12-Dec16/16Dec07#1556-014.srd
-rw-rw-r-- dcrogers/proj   21474504 2007-12-16 11:23:10 RF12-Dec16/16Dec07#1556-015.srd
-rw-rw-r-- dcrogers/proj    4178736 2007-12-16 11:26:05 RF12-Dec16/16Dec07#1556-016.srd
-rw-rw-r-- dcrogers/proj    2867444 2007-12-16 11:36:05 RF12-Dec16/16Dec07#1556-017.srd
-rw-rw-r-- dcrogers/proj     124424 2007-12-16 11:46:05 RF12-Dec16/16Dec07#1556-018.srd
-rw-rw-r-- dcrogers/proj   12844808 2007-12-16 11:56:05 RF12-Dec16/16Dec07#1556-019.srd
-rw-rw-r-- dcrogers/proj   10952748 2007-12-16 12:06:05 RF12-Dec16/16Dec07#1556-020.srd
-rw-rw-r-- dcrogers/proj     121568 2007-12-16 12:16:05 RF12-Dec16/16Dec07#1556-021.srd
-rw-rw-r-- dcrogers/proj     121652 2007-12-16 12:26:05 RF12-Dec16/16Dec07#1556-022.srd
-rw-rw-r-- dcrogers/proj     121400 2007-12-16 12:36:05 RF12-Dec16/16Dec07#1556-023.srd
-rw-rw-r-- dcrogers/proj     121484 2007-12-16 12:46:05 RF12-Dec16/16Dec07#1556-024.srd
-rw-rw-r-- dcrogers/proj     121316 2007-12-16 12:56:05 RF12-Dec16/16Dec07#1556-025.srd
-rw-rw-r-- dcrogers/proj     109544 2007-12-16 13:05:06 RF12-Dec16/16Dec07#1556-026.srd
Creating tarfile for /scr/raf2/Raw_Data/ICE-L/sid-2h/tf03-Nov5
-rw-rw-r-- dcrogers/proj   14412796 2007-11-05 22:00:26 tf03-Nov5/05Nov07#2147-002.srd
-rw-rw-r-- dcrogers/proj      34400 2007-11-05 22:40:30 tf03-Nov5/05Nov07#2206-004.srd
-rw-rw-r-- dcrogers/proj   21303928 2007-11-05 21:44:40 tf03-Nov5/05Nov07#2120-009.srd
-rw-rw-r-- dcrogers/proj   21306724 2007-11-05 21:43:30 tf03-Nov5/05Nov07#2120-008.srd
-rw-rw-r-- dcrogers/proj   21065352 2007-11-05 21:30:12 tf03-Nov5/05Nov07#2120-001.srd
-rw-rw-r-- dcrogers/proj      11656 2007-11-05 22:01:14 tf03-Nov5/05Nov07#2147-003.srd
-rw-rw-r-- dcrogers/proj      40604 2007-11-05 21:03:00 tf03-Nov5/05Nov07#2055-001.srd
-rw-rw-r-- dcrogers/proj     773316 2007-11-05 21:50:26 tf03-Nov5/05Nov07#2147-001.srd
-rw-rw-r-- dcrogers/proj   22092084 2007-11-05 21:31:10 tf03-Nov5/05Nov07#2120-003.srd
-rw-rw-r-- dcrogers/proj       1780 2007-11-05 21:07:28 tf03-Nov5/05Nov07#2106-001.srd
-rw-rw-r-- dcrogers/proj       1020 2007-11-05 21:04:58 tf03-Nov5/05Nov07#2103-003.srd
-rw-rw-r-- dcrogers/proj    1992908 2007-11-05 21:30:26 tf03-Nov5/05Nov07#2120-002.srd
-rw-rw-r-- dcrogers/proj        968 2007-11-05 21:20:06 tf03-Nov5/05Nov07#2119-001.srd
-rw-rw-r-- dcrogers/proj       3964 2007-11-05 21:19:00 tf03-Nov5/05Nov07#2118-001.srd
-rw-rw-r-- dcrogers/proj     163904 2007-11-05 22:25:26 tf03-Nov5/05Nov07#2206-002.srd
-rw-rw-r-- dcrogers/proj       4232 2007-11-05 22:43:44 tf03-Nov5/05Nov07#2243-001.srd
-rw-rw-r-- dcrogers/proj        668 2007-11-05 21:15:42 tf03-Nov5/05Nov07#2115-001.srd
-rw-rw-r-- dcrogers/proj       2788 2007-11-05 22:42:40 tf03-Nov5/05Nov07#2242-001.srd
-rw-rw-r-- dcrogers/proj     481096 2007-11-05 21:09:12 tf03-Nov5/05Nov07#2108-001.srd
-rw-rw-r-- dcrogers/proj   16704428 2007-11-05 21:40:26 tf03-Nov5/05Nov07#2120-006.srd
-rw-rw-r-- dcrogers/proj      90672 2007-11-05 23:05:54 tf03-Nov5/05Nov07#2244-003.srd
-rw-rw-r-- dcrogers/proj       1764 2007-11-05 21:14:30 tf03-Nov5/05Nov07#2114-001.srd
-rw-rw-r-- dcrogers/proj       3224 2007-11-05 22:02:08 tf03-Nov5/05Nov07#2201-001.srd
-rw-rw-r-- dcrogers/proj     172388 2007-11-05 23:02:46 tf03-Nov5/05Nov07#2244-002.srd
-rw-rw-r-- dcrogers/proj   21056032 2007-11-05 21:42:16 tf03-Nov5/05Nov07#2120-007.srd
-rw-rw-r-- dcrogers/proj       1344 2007-11-05 22:41:34 tf03-Nov5/05Nov07#2241-001.srd
-rw-rw-r-- dcrogers/proj       3504 2007-11-05 21:17:36 tf03-Nov5/05Nov07#2116-001.srd
-rw-rw-r-- dcrogers/proj       2284 2007-11-05 22:41:08 tf03-Nov5/05Nov07#2240-001.srd
-rw-rw-r-- dcrogers/proj     137360 2007-11-05 22:35:26 tf03-Nov5/05Nov07#2206-003.srd
-rw-rw-r-- dcrogers/proj        924 2007-11-05 21:11:06 tf03-Nov5/05Nov07#2110-001.srd
-rw-rw-r-- dcrogers/proj    1050520 2007-11-05 22:15:26 tf03-Nov5/05Nov07#2206-001.srd
-rw-rw-r-- dcrogers/proj      49340 2007-11-05 22:06:00 tf03-Nov5/05Nov07#2202-002.srd
-rw-rw-r-- dcrogers/proj   21995280 2007-11-05 21:33:02 tf03-Nov5/05Nov07#2120-005.srd
-rw-rw-r-- dcrogers/proj    8506124 2007-11-05 21:47:12 tf03-Nov5/05Nov07#2120-010.srd
-rw-rw-r-- dcrogers/proj   21440744 2007-11-05 21:32:04 tf03-Nov5/05Nov07#2120-004.srd
-rw-rw-r-- dcrogers/proj      70872 2007-11-05 22:52:46 tf03-Nov5/05Nov07#2244-001.srd
-rw-rw-r-- dcrogers/proj    5694276 2007-11-05 20:44:36 tf03-Nov5/05Nov07#2040-001.srd
Creating tarfile for /scr/raf2/Raw_Data/ICE-L/sid-2h/tf04_Dec12
-rw-rw-r-- dcrogers/proj     119284 2007-12-12 11:39:27 tf04_Dec12/12Dec07#1829-001.srd
-rw-rw-r-- dcrogers/proj     121568 2007-12-12 11:49:27 tf04_Dec12/12Dec07#1829-002.srd
-rw-rw-r-- dcrogers/proj     121988 2007-12-12 11:59:27 tf04_Dec12/12Dec07#1829-003.srd
-rw-rw-r-- dcrogers/proj     125432 2007-12-12 12:09:27 tf04_Dec12/12Dec07#1829-004.srd
-rw-rw-r-- dcrogers/proj     128204 2007-12-12 12:19:27 tf04_Dec12/12Dec07#1829-005.srd
-rw-rw-r-- dcrogers/proj     121484 2007-12-12 12:29:27 tf04_Dec12/12Dec07#1829-006.srd
-rw-rw-r-- dcrogers/proj     121568 2007-12-12 12:39:27 tf04_Dec12/12Dec07#1829-007.srd
-rw-rw-r-- dcrogers/proj     121568 2007-12-12 12:49:27 tf04_Dec12/12Dec07#1829-008.srd
-rw-rw-r-- dcrogers/proj     121484 2007-12-12 12:59:27 tf04_Dec12/12Dec07#1829-009.srd
-rw-rw-r-- dcrogers/proj     121568 2007-12-12 13:09:27 tf04_Dec12/12Dec07#1829-010.srd
-rw-rw-r-- dcrogers/proj     121484 2007-12-12 13:19:27 tf04_Dec12/12Dec07#1829-011.srd
-rw-rw-r-- dcrogers/proj     130304 2007-12-12 13:29:27 tf04_Dec12/12Dec07#1829-012.srd
-rw-rw-r-- dcrogers/proj     121400 2007-12-12 13:39:27 tf04_Dec12/12Dec07#1829-013.srd
-rw-rw-r-- dcrogers/proj     121568 2007-12-12 13:49:26 tf04_Dec12/12Dec07#1829-014.srd
-rw-rw-r-- dcrogers/proj     121568 2007-12-12 13:59:26 tf04_Dec12/12Dec07#1829-015.srd
-rw-rw-r-- dcrogers/proj     121484 2007-12-12 14:09:26 tf04_Dec12/12Dec07#1829-016.srd
-rw-rw-r-- dcrogers/proj     121568 2007-12-12 14:19:26 tf04_Dec12/12Dec07#1829-017.srd
-rw-rw-r-- dcrogers/proj     121484 2007-12-12 14:29:26 tf04_Dec12/12Dec07#1829-018.srd
-rw-rw-r-- dcrogers/proj     122912 2007-12-12 14:39:26 tf04_Dec12/12Dec07#1829-019.srd
-rw-rw-r-- dcrogers/proj     128288 2007-12-12 14:49:26 tf04_Dec12/12Dec07#1829-020.srd
-rw-rw-r-- dcrogers/proj     124424 2007-12-12 14:59:26 tf04_Dec12/12Dec07#1829-021.srd
-rw-rw-r-- dcrogers/proj      23888 2007-12-12 15:01:00 tf04_Dec12/12Dec07#1829-022.srd
#  28 Job(s) submitted on Mon, 18 Aug 2008 14:19:54 local
ssh -x bora msput_job -pe 32767 -pr 41113009 -wpwd RAFDMG  /jnet/local/projects/ICE-L/C130_N130AR/Production/archive/RF01-Nov072007.tar mss:/RAF/2008/115/SID2H/RF01-Nov072007.tar
ssh -x bora msput_job -pe 32767 -pr 41113009 -wpwd RAFDMG  /jnet/local/projects/ICE-L/C130_N130AR/Production/archive/RF01-Nov072007.tar.dir mss:/RAF/2008/115/SID2H/RF01-Nov072007.tar.dir
ssh -x bora msput_job -pe 32767 -pr 41113009 -wpwd RAFDMG  /jnet/local/projects/ICE-L/C130_N130AR/Production/archive/RF02-Nov132007.tar mss:/RAF/2008/115/SID2H/RF02-Nov132007.tar
ssh -x bora msput_job -pe 32767 -pr 41113009 -wpwd RAFDMG  /jnet/local/projects/ICE-L/C130_N130AR/Production/archive/RF02-Nov132007.tar.dir mss:/RAF/2008/115/SID2H/RF02-Nov132007.tar.dir
ssh -x bora msput_job -pe 32767 -pr 41113009 -wpwd RAFDMG  /jnet/local/projects/ICE-L/C130_N130AR/Production/archive/RF03-Nov162007.tar mss:/RAF/2008/115/SID2H/RF03-Nov162007.tar
ssh -x bora msput_job -pe 32767 -pr 41113009 -wpwd RAFDMG  /jnet/local/projects/ICE-L/C130_N130AR/Production/archive/RF03-Nov162007.tar.dir mss:/RAF/2008/115/SID2H/RF03-Nov162007.tar.dir
ssh -x bora msput_job -pe 32767 -pr 41113009 -wpwd RAFDMG  /jnet/local/projects/ICE-L/C130_N130AR/Production/archive/RF04-Nov182007.tar mss:/RAF/2008/115/SID2H/RF04-Nov182007.tar
ssh -x bora msput_job -pe 32767 -pr 41113009 -wpwd RAFDMG  /jnet/local/projects/ICE-L/C130_N130AR/Production/archive/RF04-Nov182007.tar.dir mss:/RAF/2008/115/SID2H/RF04-Nov182007.tar.dir
ssh -x bora msput_job -pe 32767 -pr 41113009 -wpwd RAFDMG  /jnet/local/projects/ICE-L/C130_N130AR/Production/archive/RF05-Nov202007.tar mss:/RAF/2008/115/SID2H/RF05-Nov202007.tar
ssh -x bora msput_job -pe 32767 -pr 41113009 -wpwd RAFDMG  /jnet/local/projects/ICE-L/C130_N130AR/Production/archive/RF05-Nov202007.tar.dir mss:/RAF/2008/115/SID2H/RF05-Nov202007.tar.dir
ssh -x bora msput_job -pe 32767 -pr 41113009 -wpwd RAFDMG  /jnet/local/projects/ICE-L/C130_N130AR/Production/archive/RF06-Nov292007.tar mss:/RAF/2008/115/SID2H/RF06-Nov292007.tar
ssh -x bora msput_job -pe 32767 -pr 41113009 -wpwd RAFDMG  /jnet/local/projects/ICE-L/C130_N130AR/Production/archive/RF06-Nov292007.tar.dir mss:/RAF/2008/115/SID2H/RF06-Nov292007.tar.dir
ssh -x bora msput_job -pe 32767 -pr 41113009 -wpwd RAFDMG  /jnet/local/projects/ICE-L/C130_N130AR/Production/archive/RF07-Nov302007.tar mss:/RAF/2008/115/SID2H/RF07-Nov302007.tar
ssh -x bora msput_job -pe 32767 -pr 41113009 -wpwd RAFDMG  /jnet/local/projects/ICE-L/C130_N130AR/Production/archive/RF07-Nov302007.tar.dir mss:/RAF/2008/115/SID2H/RF07-Nov302007.tar.dir
ssh -x bora msput_job -pe 32767 -pr 41113009 -wpwd RAFDMG  /jnet/local/projects/ICE-L/C130_N130AR/Production/archive/RF08-Dec042007.tar mss:/RAF/2008/115/SID2H/RF08-Dec042007.tar
ssh -x bora msput_job -pe 32767 -pr 41113009 -wpwd RAFDMG  /jnet/local/projects/ICE-L/C130_N130AR/Production/archive/RF08-Dec042007.tar.dir mss:/RAF/2008/115/SID2H/RF08-Dec042007.tar.dir
ssh -x bora msput_job -pe 32767 -pr 41113009 -wpwd RAFDMG  /jnet/local/projects/ICE-L/C130_N130AR/Production/archive/RF09-Dec102007.tar mss:/RAF/2008/115/SID2H/RF09-Dec102007.tar
ssh -x bora msput_job -pe 32767 -pr 41113009 -wpwd RAFDMG  /jnet/local/projects/ICE-L/C130_N130AR/Production/archive/RF09-Dec102007.tar.dir mss:/RAF/2008/115/SID2H/RF09-Dec102007.tar.dir
ssh -x bora msput_job -pe 32767 -pr 41113009 -wpwd RAFDMG  /jnet/local/projects/ICE-L/C130_N130AR/Production/archive/RF10-Dec112007.tar mss:/RAF/2008/115/SID2H/RF10-Dec112007.tar
ssh -x bora msput_job -pe 32767 -pr 41113009 -wpwd RAFDMG  /jnet/local/projects/ICE-L/C130_N130AR/Production/archive/RF10-Dec112007.tar.dir mss:/RAF/2008/115/SID2H/RF10-Dec112007.tar.dir
ssh -x bora msput_job -pe 32767 -pr 41113009 -wpwd RAFDMG  /jnet/local/projects/ICE-L/C130_N130AR/Production/archive/RF11-Dec132007.tar mss:/RAF/2008/115/SID2H/RF11-Dec132007.tar
ssh -x bora msput_job -pe 32767 -pr 41113009 -wpwd RAFDMG  /jnet/local/projects/ICE-L/C130_N130AR/Production/archive/RF11-Dec132007.tar.dir mss:/RAF/2008/115/SID2H/RF11-Dec132007.tar.dir
ssh -x bora msput_job -pe 32767 -pr 41113009 -wpwd RAFDMG  /jnet/local/projects/ICE-L/C130_N130AR/Production/archive/RF12-Dec162007.tar mss:/RAF/2008/115/SID2H/RF12-Dec162007.tar
ssh -x bora msput_job -pe 32767 -pr 41113009 -wpwd RAFDMG  /jnet/local/projects/ICE-L/C130_N130AR/Production/archive/RF12-Dec162007.tar.dir mss:/RAF/2008/115/SID2H/RF12-Dec162007.tar.dir
ssh -x bora msput_job -pe 32767 -pr 41113009 -wpwd RAFDMG  /jnet/local/projects/ICE-L/C130_N130AR/Production/archive/tf03-Nov52007.tar mss:/RAF/2008/115/SID2H/tf03-Nov52007.tar
ssh -x bora msput_job -pe 32767 -pr 41113009 -wpwd RAFDMG  /jnet/local/projects/ICE-L/C130_N130AR/Production/archive/tf03-Nov52007.tar.dir mss:/RAF/2008/115/SID2H/tf03-Nov52007.tar.dir
ssh -x bora msput_job -pe 32767 -pr 41113009 -wpwd RAFDMG  /jnet/local/projects/ICE-L/C130_N130AR/Production/archive/tf04_Dec122007.tar mss:/RAF/2008/115/SID2H/tf04_Dec122007.tar
ssh -x bora msput_job -pe 32767 -pr 41113009 -wpwd RAFDMG  /jnet/local/projects/ICE-L/C130_N130AR/Production/archive/tf04_Dec122007.tar.dir mss:/RAF/2008/115/SID2H/tf04_Dec122007.tar.dir
Run the commands as listed? yes == enter, no == anything else: 
#  msrcp job for SID2H/RF01-Nov072007.tar -- OK -- Mon, 18 Aug 2008 14:21:34 local
#  msrcp job for SID2H/RF01-Nov072007.tar.dir -- OK -- Mon, 18 Aug 2008 14:21:58 local
#  msrcp job for SID2H/RF02-Nov132007.tar -- OK -- Mon, 18 Aug 2008 14:22:50 local
#  msrcp job for SID2H/RF02-Nov132007.tar.dir -- OK -- Mon, 18 Aug 2008 14:23:07 local
i
b for SID2H/RF03-Nov162007.tar -- OK -- Mon, 18 Aug 2008 14:26:24 local
#  msrcp job for SID2H/RF03-Nov162007.tar.dir -- OK -- Mon, 18 Aug 2008 14:26:39 local
#  msrcp job for SID2H/RF04-Nov182007.tar -- OK -- Mon, 18 Aug 2008 14:27:20 local
#  msrcp job for SID2H/RF04-Nov182007.tar.dir -- OK -- Mon, 18 Aug 2008 14:27:45 local
#  msrcp job for SID2H/RF05-Nov202007.tar -- OK -- Mon, 18 Aug 2008 14:34:36 local
#  msrcp job for SID2H/RF05-Nov202007.tar.dir -- OK -- Mon, 18 Aug 2008 14:34:41 local
#  msrcp job for SID2H/RF06-Nov292007.tar -- OK -- Mon, 18 Aug 2008 14:35:05 local
#  msrcp job for SID2H/RF06-Nov292007.tar.dir -- OK -- Mon, 18 Aug 2008 14:35:22 local
#  msrcp job for SID2H/RF07-Nov302007.tar -- OK -- Mon, 18 Aug 2008 14:35:45 local
#  msrcp job for SID2H/RF07-Nov302007.tar.dir -- OK -- Mon, 18 Aug 2008 14:35:52 local
#  msrcp job for SID2H/RF08-Dec042007.tar -- OK -- Mon, 18 Aug 2008 14:36:18 local
#  msrcp job for SID2H/RF08-Dec042007.tar.dir -- OK -- Mon, 18 Aug 2008 14:36:24 local
#  msrcp job for SID2H/RF09-Dec102007.tar -- OK -- Mon, 18 Aug 2008 14:36:46 local
#  msrcp job for SID2H/RF09-Dec102007.tar.dir -- OK -- Mon, 18 Aug 2008 14:36:52 local
#  msrcp job for SID2H/RF10-Dec112007.tar -- OK -- Mon, 18 Aug 2008 14:38:16 local
#  msrcp job for SID2H/RF10-Dec112007.tar.dir -- OK -- Mon, 18 Aug 2008 14:38:24 local
#  msrcp job for SID2H/RF11-Dec132007.tar -- OK -- Mon, 18 Aug 2008 14:40:08 local
#  msrcp job for SID2H/RF11-Dec132007.tar.dir -- OK -- Mon, 18 Aug 2008 14:40:14 local
#  msrcp job for SID2H/RF12-Dec162007.tar -- OK -- Mon, 18 Aug 2008 14:40:39 local
#  msrcp job for SID2H/RF12-Dec162007.tar.dir -- OK -- Mon, 18 Aug 2008 14:41:03 local
#  msrcp job for SID2H/tf03-Nov52007.tar -- OK -- Mon, 18 Aug 2008 14:41:20 local
#  msrcp job for SID2H/tf03-Nov52007.tar.dir -- OK -- Mon, 18 Aug 2008 14:41:27 local
#  msrcp job for SID2H/tf04_Dec122007.tar -- OK -- Mon, 18 Aug 2008 14:41:34 local
#  msrcp job for SID2H/tf04_Dec122007.tar.dir -- OK -- Mon, 18 Aug 2008 14:42:31 local
#   Successful completion on Mon, 18 Aug 2008 14:42:31 local

