Processing type UNALTERED/LRT
Information for Project 2008-115 ICE-L
---------------------------------------------
FY=2008
CY=2007
  Project Mgr(s):  Jorgen Jensen
    Scientist(s):  Andy Heymsfield
   Programmer(s):  Chris Webster
Production Proc.:
MSS Project Directory Name:  ICE-L
MSS Read Password:
---------------------------------------------------
#  3 Job(s) submitted on Tue, 23 Sep 2008 14:22:37 local
ssh -x bora msput_job -pe 32767 -pr 41113009 -wpwd RAFDMG
/scr/raf2/Prod_Data/ICE-L/ICE-Lrf01.nc
mss:/RAF/2008/115/UNALTERED/LRT/RF01.20071107.175400_222200.PNI.nc
ssh -x bora msput_job -pe 32767 -pr 41113009 -wpwd RAFDMG
/scr/raf2/Prod_Data/ICE-L/ICE-Lrf11.nc
mss:/RAF/2008/115/UNALTERED/LRT/RF11.20071213.160100_212859.PNI.nc
ssh -x bora msput_job -pe 32767 -pr 41113009 -wpwd RAFDMG
/scr/raf2/Prod_Data/ICE-L/ICE-Ltf01.nc
mss:/RAF/2008/115/UNALTERED/LRT/TF01.20071029.181500_193850.PNI.nc
Run the commands as listed? yes == enter, no == anything else:
#  msrcp job for UNALTERED/LRT/RF01.20071107.175400_222200.PNI.nc -- OK --
#  Tue, 23 Sep 2008 14:22:57 local
#  msrcp job for UNALTERED/LRT/RF11.20071213.160100_212859.PNI.nc -- OK --
#  Tue, 23 Sep 2008 14:23:10 local
#  msrcp job for UNALTERED/LRT/TF01.20071029.181500_193850.PNI.nc -- OK --
#  Tue, 23 Sep 2008 14:23:15 local
#   Successful completion on Tue, 23 Sep 2008 14:23:15 local

Processing type UNALTERED/LRT
Information for Project 2008-115 ICE-L
---------------------------------------------
FY=2008
CY=2007
  Project Mgr(s):  Jorgen Jensen
    Scientist(s):  Andy Heymsfield
   Programmer(s):  Chris Webster
Production Proc.:
MSS Project Directory Name:  ICE-L
MSS Read Password:
---------------------------------------------------
#  3 Job(s) submitted on Tue, 23 Sep 2008 14:23:15 local
ssh -x bora msput_job -pe 32767 -pr 41113009 -wpwd RAFDMG
/scr/raf2/Prod_Data/ICE-L/ICE-Lrf02.nc
mss:/RAF/2008/115/UNALTERED/LRT/RF02.20071113.155700_195840.PNI.nc
ssh -x bora msput_job -pe 32767 -pr 41113009 -wpwd RAFDMG
/scr/raf2/Prod_Data/ICE-L/ICE-Lrf12.nc
mss:/RAF/2008/115/UNALTERED/LRT/RF12.20071216.161000_201610.PNI.nc
ssh -x bora msput_job -pe 32767 -pr 41113009 -wpwd RAFDMG
/scr/raf2/Prod_Data/ICE-L/ICE-Ltf02.nc
mss:/RAF/2008/115/UNALTERED/LRT/TF02.20071101.210400_235300.PNI.nc
Run the commands as listed? yes == enter, no == anything else:
#  msrcp job for UNALTERED/LRT/RF02.20071113.155700_195840.PNI.nc -- OK --
#  Tue, 23 Sep 2008 14:24:17 local
#  msrcp job for UNALTERED/LRT/RF12.20071216.161000_201610.PNI.nc -- OK --
#  Tue, 23 Sep 2008 14:24:26 local
#  msrcp job for UNALTERED/LRT/TF02.20071101.210400_235300.PNI.nc -- OK --
#  Tue, 23 Sep 2008 14:24:34 local
#   Successful completion on Tue, 23 Sep 2008 14:24:34 local

Processing type UNALTERED/LRT
Information for Project 2008-115 ICE-L
---------------------------------------------
FY=2008
CY=2007
  Project Mgr(s):  Jorgen Jensen
    Scientist(s):  Andy Heymsfield
   Programmer(s):  Chris Webster
Production Proc.:
MSS Project Directory Name:  ICE-L
MSS Read Password:
---------------------------------------------------
#  2 Job(s) submitted on Tue, 23 Sep 2008 14:24:34 local
ssh -x bora msput_job -pe 32767 -pr 41113009 -wpwd RAFDMG
/scr/raf2/Prod_Data/ICE-L/ICE-Lrf03.nc
mss:/RAF/2008/115/UNALTERED/LRT/RF03.20071116.165800_230800.PNI.nc
ssh -x bora msput_job -pe 32767 -pr 41113009 -wpwd RAFDMG
/scr/raf2/Prod_Data/ICE-L/ICE-Ltf03.nc
mss:/RAF/2008/115/UNALTERED/LRT/TF03.20071105.202700_230900.PNI.nc
Run the commands as listed? yes == enter, no == anything else:
#  msrcp job for UNALTERED/LRT/RF03.20071116.165800_230800.PNI.nc -- OK --
#  Tue, 23 Sep 2008 14:25:19 local
#  msrcp job for UNALTERED/LRT/TF03.20071105.202700_230900.PNI.nc -- OK --
#  Tue, 23 Sep 2008 14:25:29 local
#   Successful completion on Tue, 23 Sep 2008 14:25:29 local

Processing type UNALTERED/LRT
Information for Project 2008-115 ICE-L
---------------------------------------------
FY=2008
CY=2007
  Project Mgr(s):  Jorgen Jensen
    Scientist(s):  Andy Heymsfield
   Programmer(s):  Chris Webster
Production Proc.:
MSS Project Directory Name:  ICE-L
MSS Read Password:
---------------------------------------------------
#  2 Job(s) submitted on Tue, 23 Sep 2008 14:25:29 local
ssh -x bora msput_job -pe 32767 -pr 41113009 -wpwd RAFDMG
/scr/raf2/Prod_Data/ICE-L/ICE-Lrf04.nc
mss:/RAF/2008/115/UNALTERED/LRT/RF04.20071118.185620_235400.PNI.nc
ssh -x bora msput_job -pe 32767 -pr 41113009 -wpwd RAFDMG
/scr/raf2/Prod_Data/ICE-L/ICE-Ltf04.nc
mss:/RAF/2008/115/UNALTERED/LRT/TF04.20071212.190500_220040.PNI.nc
Run the commands as listed? yes == enter, no == anything else:
#  msrcp job for UNALTERED/LRT/RF04.20071118.185620_235400.PNI.nc -- OK --
#  Tue, 23 Sep 2008 14:25:53 local
#  msrcp job for UNALTERED/LRT/TF04.20071212.190500_220040.PNI.nc -- OK --
#  Tue, 23 Sep 2008 14:26:33 local
#   Successful completion on Tue, 23 Sep 2008 14:26:33 local

Processing type UNALTERED/LRT
Information for Project 2008-115 ICE-L
---------------------------------------------
FY=2008
CY=2007
  Project Mgr(s):  Jorgen Jensen
    Scientist(s):  Andy Heymsfield
   Programmer(s):  Chris Webster
Production Proc.:
MSS Project Directory Name:  ICE-L
MSS Read Password:
---------------------------------------------------
#  1 Job(s) submitted on Tue, 23 Sep 2008 14:26:34 local
ssh -x bora msput_job -pe 32767 -pr 41113009 -wpwd RAFDMG
/scr/raf2/Prod_Data/ICE-L/ICE-Lrf05.nc
mss:/RAF/2008/115/UNALTERED/LRT/RF05.20071120.165900_002530.PNI.nc
Run the commands as listed? yes == enter, no == anything else:
#  msrcp job for UNALTERED/LRT/RF05.20071120.165900_002530.PNI.nc -- OK --
#  Tue, 23 Sep 2008 14:26:57 local
#   Successful completion on Tue, 23 Sep 2008 14:26:57 local

Processing type UNALTERED/LRT
Information for Project 2008-115 ICE-L
---------------------------------------------
FY=2008
CY=2007
  Project Mgr(s):  Jorgen Jensen
    Scientist(s):  Andy Heymsfield
   Programmer(s):  Chris Webster
Production Proc.:
MSS Project Directory Name:  ICE-L
MSS Read Password:
---------------------------------------------------
#  1 Job(s) submitted on Tue, 23 Sep 2008 14:26:57 local
ssh -x bora msput_job -pe 32767 -pr 41113009 -wpwd RAFDMG
/scr/raf2/Prod_Data/ICE-L/ICE-Lrf06.nc
mss:/RAF/2008/115/UNALTERED/LRT/RF06.20071129.160400_221250.PNI.nc
Run the commands as listed? yes == enter, no == anything else:
#  msrcp job for UNALTERED/LRT/RF06.20071129.160400_221250.PNI.nc -- OK --
#  Tue, 23 Sep 2008 14:27:42 local
#   Successful completion on Tue, 23 Sep 2008 14:27:42 local

Processing type UNALTERED/LRT
Information for Project 2008-115 ICE-L
---------------------------------------------
FY=2008
CY=2007
  Project Mgr(s):  Jorgen Jensen
    Scientist(s):  Andy Heymsfield
   Programmer(s):  Chris Webster
Production Proc.:
MSS Project Directory Name:  ICE-L
MSS Read Password:
---------------------------------------------------
#  1 Job(s) submitted on Tue, 23 Sep 2008 14:27:42 local
ssh -x bora msput_job -pe 32767 -pr 41113009 -wpwd RAFDMG
/scr/raf2/Prod_Data/ICE-L/ICE-Lrf07.nc
mss:/RAF/2008/115/UNALTERED/LRT/RF07.20071130.155800_203700.PNI.nc
Run the commands as listed? yes == enter, no == anything else:
#  msrcp job for UNALTERED/LRT/RF07.20071130.155800_203700.PNI.nc -- OK --
#  Tue, 23 Sep 2008 14:28:10 local
#   Successful completion on Tue, 23 Sep 2008 14:28:10 local

Processing type UNALTERED/LRT
Information for Project 2008-115 ICE-L
---------------------------------------------
FY=2008
CY=2007
  Project Mgr(s):  Jorgen Jensen
    Scientist(s):  Andy Heymsfield
   Programmer(s):  Chris Webster
Production Proc.:
MSS Project Directory Name:  ICE-L
MSS Read Password:
---------------------------------------------------
#  1 Job(s) submitted on Tue, 23 Sep 2008 14:28:10 local
ssh -x bora msput_job -pe 32767 -pr 41113009 -wpwd RAFDMG
/scr/raf2/Prod_Data/ICE-L/ICE-Lrf08.nc
mss:/RAF/2008/115/UNALTERED/LRT/RF08.20071204.172800_201450.PNI.nc
Run the commands as listed? yes == enter, no == anything else:
#  msrcp job for UNALTERED/LRT/RF08.20071204.172800_201450.PNI.nc -- OK --
#  Tue, 23 Sep 2008 14:28:46 local
#   Successful completion on Tue, 23 Sep 2008 14:28:46 local

Processing type UNALTERED/LRT
Information for Project 2008-115 ICE-L
---------------------------------------------
FY=2008
CY=2007
  Project Mgr(s):  Jorgen Jensen
    Scientist(s):  Andy Heymsfield
   Programmer(s):  Chris Webster
Production Proc.:
MSS Project Directory Name:  ICE-L
MSS Read Password:
---------------------------------------------------
#  1 Job(s) submitted on Tue, 23 Sep 2008 14:28:46 local
ssh -x bora msput_job -pe 32767 -pr 41113009 -wpwd RAFDMG
/scr/raf2/Prod_Data/ICE-L/ICE-Lrf09.nc
mss:/RAF/2008/115/UNALTERED/LRT/RF09.20071210.162400_200130.PNI.nc
Run the commands as listed? yes == enter, no == anything else:
#  msrcp job for UNALTERED/LRT/RF09.20071210.162400_200130.PNI.nc -- OK --
#  Tue, 23 Sep 2008 14:29:51 local
#   Successful completion on Tue, 23 Sep 2008 14:29:51 local

Processing type UNALTERED/LRT
Information for Project 2008-115 ICE-L
---------------------------------------------
FY=2008
CY=2007
  Project Mgr(s):  Jorgen Jensen
    Scientist(s):  Andy Heymsfield
   Programmer(s):  Chris Webster
Production Proc.:
MSS Project Directory Name:  ICE-L
MSS Read Password:
---------------------------------------------------
#  1 Job(s) submitted on Tue, 23 Sep 2008 14:34:19 local
ssh -x bora msput_job -pe 32767 -pr 41113009 -wpwd RAFDMG
/scr/raf2/Prod_Data/ICE-L/ICE-Lrf10.nc
mss:/RAF/2008/115/UNALTERED/LRT/RF10.20071211.190300_234200.PNI.nc
Run the commands as listed? yes == enter, no == anything else:
#  msrcp job for UNALTERED/LRT/RF10.20071211.190300_234200.PNI.nc -- OK --
#  Tue, 23 Sep 2008 14:34:37 local
#   Successful completion on Tue, 23 Sep 2008 14:34:37 local

