Processing type PMS2D
Information for Project 2008-115 ICE-L
---------------------------------------------
FY=2008
CY=2007
  Project Mgr(s):  Jorgen Jensen
    Scientist(s):  Andy Heymsfield
   Programmer(s):  Chris Webster
Production Proc.:  
MSS Project Directory Name:  ICE-L
MSS Read Password:
---------------------------------------------------
#  16 Job(s) submitted on Tue, 19 Aug 2008 13:35:28 local
ssh -x bora msput_job -pe 32767 -pr 41113009 -wpwd RAFDMG
/scr/raf/Raw_Data/ICE-L/PMS2D/20071029_174752_tf01.2d
mss:/ATD/DATA/2007/ICE-L/C130_N130AR/PMS2D/20071029_174752_tf01.2d
ssh -x bora msput_job -pe 32767 -pr 41113009 -wpwd RAFDMG
/scr/raf/Raw_Data/ICE-L/PMS2D/20071101_203733_tf02.2d
mss:/ATD/DATA/2007/ICE-L/C130_N130AR/PMS2D/20071101_203733_tf02.2d
ssh -x bora msput_job -pe 32767 -pr 41113009 -wpwd RAFDMG
/scr/raf/Raw_Data/ICE-L/PMS2D/20071105_182221_tf03.2d
mss:/ATD/DATA/2007/ICE-L/C130_N130AR/PMS2D/20071105_182221_tf03.2d
ssh -x bora msput_job -pe 32767 -pr 41113009 -wpwd RAFDMG
/scr/raf/Raw_Data/ICE-L/PMS2D/20071107_162548_rf01.2d
mss:/ATD/DATA/2007/ICE-L/C130_N130AR/PMS2D/20071107_162548_rf01.2d
ssh -x bora msput_job -pe 32767 -pr 41113009 -wpwd RAFDMG
/scr/raf/Raw_Data/ICE-L/PMS2D/20071113_152720_rf02.2d
mss:/ATD/DATA/2007/ICE-L/C130_N130AR/PMS2D/20071113_152720_rf02.2d
ssh -x bora msput_job -pe 32767 -pr 41113009 -wpwd RAFDMG
/scr/raf/Raw_Data/ICE-L/PMS2D/20071116_164739_rf03.2d
mss:/ATD/DATA/2007/ICE-L/C130_N130AR/PMS2D/20071116_164739_rf03.2d
ssh -x bora msput_job -pe 32767 -pr 41113009 -wpwd RAFDMG
/scr/raf/Raw_Data/ICE-L/PMS2D/20071118_184234_rf04.2d
mss:/ATD/DATA/2007/ICE-L/C130_N130AR/PMS2D/20071118_184234_rf04.2d
ssh -x bora msput_job -pe 32767 -pr 41113009 -wpwd RAFDMG
/scr/raf/Raw_Data/ICE-L/PMS2D/20071120_161725_rf05.2d
mss:/ATD/DATA/2007/ICE-L/C130_N130AR/PMS2D/20071120_161725_rf05.2d
ssh -x bora msput_job -pe 32767 -pr 41113009 -wpwd RAFDMG
/scr/raf/Raw_Data/ICE-L/PMS2D/20071129_152935_rf06.2d
mss:/ATD/DATA/2007/ICE-L/C130_N130AR/PMS2D/20071129_152935_rf06.2d
ssh -x bora msput_job -pe 32767 -pr 41113009 -wpwd RAFDMG
/scr/raf/Raw_Data/ICE-L/PMS2D/20071130_154735_rf07.2d
mss:/ATD/DATA/2007/ICE-L/C130_N130AR/PMS2D/20071130_154735_rf07.2d
ssh -x bora msput_job -pe 32767 -pr 41113009 -wpwd RAFDMG
/scr/raf/Raw_Data/ICE-L/PMS2D/20071204_160309_rf08.2d
mss:/ATD/DATA/2007/ICE-L/C130_N130AR/PMS2D/20071204_160309_rf08.2d
ssh -x bora msput_job -pe 32767 -pr 41113009 -wpwd RAFDMG
/scr/raf/Raw_Data/ICE-L/PMS2D/20071210_151404_rf09.2d
mss:/ATD/DATA/2007/ICE-L/C130_N130AR/PMS2D/20071210_151404_rf09.2d
ssh -x bora msput_job -pe 32767 -pr 41113009 -wpwd RAFDMG
/scr/raf/Raw_Data/ICE-L/PMS2D/20071211_183143_rf10.2d
mss:/ATD/DATA/2007/ICE-L/C130_N130AR/PMS2D/20071211_183143_rf10.2d
ssh -x bora msput_job -pe 32767 -pr 41113009 -wpwd RAFDMG
/scr/raf/Raw_Data/ICE-L/PMS2D/20071212_190214_tf04.2d
mss:/ATD/DATA/2007/ICE-L/C130_N130AR/PMS2D/20071212_190214_tf04.2d
ssh -x bora msput_job -pe 32767 -pr 41113009 -wpwd RAFDMG
/scr/raf/Raw_Data/ICE-L/PMS2D/20071213_143233_rf11.2d
mss:/ATD/DATA/2007/ICE-L/C130_N130AR/PMS2D/20071213_143233_rf11.2d
ssh -x bora msput_job -pe 32767 -pr 41113009 -wpwd RAFDMG
/scr/raf/Raw_Data/ICE-L/PMS2D/20071216_142144_rf12.2d
mss:/ATD/DATA/2007/ICE-L/C130_N130AR/PMS2D/20071216_142144_rf12.2d
Run the commands as listed? yes == enter, no == anything else: 
#  msrcp job for PMS2D/20071029_174752_tf01.2d -- OK -- Tue, 19 Aug 2008 13:36:13 local
#  msrcp job for PMS2D/20071101_203733_tf02.2d -- OK -- Tue, 19 Aug 2008 13:36:24 local
#  msrcp job for PMS2D/20071105_182221_tf03.2d -- OK -- Tue, 19 Aug 2008 13:36:30 local
#  msrcp job for PMS2D/20071107_162548_rf01.2d -- OK -- Tue, 19 Aug 2008 13:36:40 local
#  msrcp job for PMS2D/20071113_152720_rf02.2d -- OK -- Tue, 19 Aug 2008 13:36:47 local
#  msrcp job for PMS2D/20071116_164739_rf03.2d -- OK -- Tue, 19 Aug 2008 13:37:13 local
#  msrcp job for PMS2D/20071118_184234_rf04.2d -- OK -- Tue, 19 Aug 2008 13:37:20 local
#  msrcp job for PMS2D/20071120_161725_rf05.2d -- OK -- Tue, 19 Aug 2008 13:37:48 local
#  msrcp job for PMS2D/20071129_152935_rf06.2d -- OK -- Tue, 19 Aug 2008 13:37:55 local
#  msrcp job for PMS2D/20071130_154735_rf07.2d -- OK -- Tue, 19 Aug 2008 13:38:00 local
#  msrcp job for PMS2D/20071204_160309_rf08.2d -- OK -- Tue, 19 Aug 2008 13:38:07 local
#  msrcp job for PMS2D/20071210_151404_rf09.2d -- OK -- Tue, 19 Aug 2008 13:38:15 local
#  msrcp job for PMS2D/20071211_183143_rf10.2d -- OK -- Tue, 19 Aug 2008 13:38:36 local
#  msrcp job for PMS2D/20071212_190214_tf04.2d -- OK -- Tue, 19 Aug 2008 13:38:48 local
#  msrcp job for PMS2D/20071213_143233_rf11.2d -- OK -- Tue, 19 Aug 2008 13:38:56 local
#  msrcp job for PMS2D/20071216_142144_rf12.2d -- OK -- Tue, 19 Aug 2008 13:39:02 local
#   Successful completion on Tue, 19 Aug 2008 13:39:02 local

