Processing type CPI
Information for Project 2008-115 ICE-L
---------------------------------------------
FY=2008
CY=2007
  Project Mgr(s):  Jorgen Jensen
    Scientist(s):  Andy Heymsfield
   Programmer(s):  Chris Webster
Production Proc.:  
MSS Project Directory Name:  ICE-L
MSS Read Password:
---------------------------------------------------
Creating tarfile for /scr/raf2/Raw_Data/ICE-L/CPI/RF02.20071113
-rw-rw-r-- dcrogers/proj       7394 2007-11-13 08:32:03 RF02.20071113/11131527.roi
-rw-rw-r-- dcrogers/proj     290855 2007-11-13 09:20:39 RF02.20071113/11131559.roi
-rw-rw-r-- dcrogers/proj     126536 2007-11-13 09:41:06 RF02.20071113/11131620.roi
-rw-rw-r-- dcrogers/proj   41049456 2007-11-13 12:32:33 RF02.20071113/11131641.roi
-rw-rw-r-- dcrogers/proj         80 2007-11-13 13:59:52 RF02.20071113/11132051.roi
Creating tarfile for /scr/raf2/Raw_Data/ICE-L/CPI/RF03.20071116
-rw-rw-r-- dcrogers/proj   94384265 2007-11-16 11:01:52 RF03.20071116/11161703.roi
-rw-rw-r-- dcrogers/proj   94378862 2007-11-16 11:46:55 RF03.20071116/11161801.roi
-rw-rw-r-- dcrogers/proj   94372381 2007-11-16 12:23:48 RF03.20071116/11161846.roi
-rw-rw-r-- dcrogers/proj   94377796 2007-11-16 13:43:57 RF03.20071116/11161923.roi
-rw-rw-r-- dcrogers/proj   94374079 2007-11-16 14:09:58 RF03.20071116/11162043.roi
-rw-rw-r-- dcrogers/proj   94373692 2007-11-16 14:56:48 RF03.20071116/11162109.roi
-rw-rw-r-- dcrogers/proj   78824692 2007-11-16 15:37:25 RF03.20071116/11162156.roi
Creating tarfile for /scr/raf2/Raw_Data/ICE-L/CPI/RF04.20071118
-rw-rw-r-- dcrogers/proj    1072310 2007-11-18 11:43:32 RF04.20071118/11181839.roi
-rw-rw-r-- dcrogers/proj   16488374 2007-11-18 16:38:59 RF04.20071118/11181858.roi
Creating tarfile for /scr/raf2/Raw_Data/ICE-L/CPI/RF05.20071120
-rw-rw-r-- dcrogers/proj   94373014 2007-11-20 11:59:25 RF05.20071120/11201829.roi
-rw-rw-r-- dcrogers/proj   82882560 2007-11-20 13:01:14 RF05.20071120/11201859.roi
-rw-rw-r-- dcrogers/proj    1051250 2007-11-20 13:02:06 RF05.20071120/11202001.roi
-rw-rw-r-- dcrogers/proj   94383422 2007-11-20 14:23:39 RF05.20071120/11202111.roi
-rw-rw-r-- dcrogers/proj   94379300 2007-11-20 14:43:08 RF05.20071120/11202123.roi
-rw-rw-r-- dcrogers/proj   94372242 2007-11-20 14:53:55 RF05.20071120/11202143.roi
-rw-rw-r-- dcrogers/proj   94391936 2007-11-20 15:53:25 RF05.20071120/11202153.roi
-rw-rw-r-- dcrogers/proj   94372402 2007-11-20 16:35:29 RF05.20071120/11202253.roi
-rw-rw-r-- dcrogers/proj   94374979 2007-11-20 17:02:37 RF05.20071120/11202335.roi
-rw-rw-r-- dcrogers/proj   94377728 2007-11-20 17:08:19 RF05.20071120/11210002.roi
-rw-rw-r-- dcrogers/proj   68861295 2007-11-20 17:21:26 RF05.20071120/11210008.roi
-rw-rw-r-- dcrogers/proj   10440066 2007-11-20 07:10:37 RF05.20071120/11201351.roi
-rw-rw-r-- dcrogers/proj    1067646 2007-11-20 09:40:43 RF05.20071120/11201637.roi
-rw-rw-r-- dcrogers/proj    1047400 2007-11-20 09:41:00 RF05.20071120/11201640.roi
-rw-rw-r-- dcrogers/proj   94375707 2007-11-20 10:52:00 RF05.20071120/11201702.roi
-rw-rw-r-- dcrogers/proj   94372506 2007-11-20 11:29:15 RF05.20071120/11201752.roi
Creating tarfile for /scr/raf2/Raw_Data/ICE-L/CPI/RF06.20071129
-rw-rw-r-- dcrogers/proj   52128314 2007-11-29 15:10:46 RF06.20071129/11291808.roi
-rw-rw-r-- dcrogers/proj   94446445 2007-11-29 09:34:09 RF06.20071129/11291603.roi
-rw-rw-r-- dcrogers/proj   94408408 2007-11-29 11:08:16 RF06.20071129/11291634.roi
Creating tarfile for /scr/raf2/Raw_Data/ICE-L/CPI/RF07.20071130
-rw-rw-r-- dcrogers/proj   80646792 2007-11-30 13:37:58 RF07.20071130/11301550.roi
Creating tarfile for /scr/raf2/Raw_Data/ICE-L/CPI/RF08.20071204
-rw-rw-r-- dcrogers/proj      43864 2007-12-04 10:22:50 RF08.20071204/12041722.roi
-rw-rw-r-- dcrogers/proj   94373608 2007-12-04 12:00:20 RF08.20071204/12041723.roi
-rw-rw-r-- dcrogers/proj   85008464 2007-12-04 13:15:41 RF08.20071204/12041900.roi
Creating tarfile for /scr/raf2/Raw_Data/ICE-L/CPI/RF09.20071210
-rw-rw-r-- dcrogers/proj   94406055 2007-12-10 10:30:01 RF09.20071210/12101542.roi
-rw-rw-r-- dcrogers/proj   94376964 2007-12-10 11:36:58 RF09.20071210/12101730.roi
-rw-rw-r-- dcrogers/proj   45704826 2007-12-10 13:02:17 RF09.20071210/12101836.roi
Creating tarfile for /scr/raf2/Raw_Data/ICE-L/CPI/RF10.20071211
-rw-rw-r-- dcrogers/proj   94392524 2007-12-11 12:27:02 RF10.20071211/12111905.roi
-rw-rw-r-- dcrogers/proj   94406675 2007-12-11 12:34:41 RF10.20071211/12111927.roi
-rw-rw-r-- dcrogers/proj   94398434 2007-12-11 12:40:41 RF10.20071211/12111934.roi
-rw-rw-r-- dcrogers/proj   94385776 2007-12-11 12:47:27 RF10.20071211/12111940.roi
-rw-rw-r-- dcrogers/proj   94379116 2007-12-11 13:04:26 RF10.20071211/12111947.roi
-rw-rw-r-- dcrogers/proj   94411949 2007-12-11 13:25:02 RF10.20071211/12112004.roi
-rw-rw-r-- dcrogers/proj   94428449 2007-12-11 13:29:01 RF10.20071211/12112025.roi
-rw-rw-r-- dcrogers/proj   94437834 2007-12-11 13:35:07 RF10.20071211/12112029.roi
-rw-rw-r-- dcrogers/proj   94558704 2007-12-11 13:41:56 RF10.20071211/12112035.roi
-rw-rw-r-- dcrogers/proj   94375535 2007-12-11 13:45:27 RF10.20071211/12112041.roi
-rw-rw-r-- dcrogers/proj   94377431 2007-12-11 14:25:47 RF10.20071211/12112045.roi
-rw-rw-r-- dcrogers/proj   94372288 2007-12-11 15:01:14 RF10.20071211/12112125.roi
-rw-rw-r-- dcrogers/proj   94388361 2007-12-11 15:05:32 RF10.20071211/12112201.roi
-rw-rw-r-- dcrogers/proj   94498560 2007-12-11 15:15:03 RF10.20071211/12112205.roi
-rw-rw-r-- dcrogers/proj   94410944 2007-12-11 15:20:09 RF10.20071211/12112215.roi
-rw-rw-r-- dcrogers/proj   94464374 2007-12-11 15:26:37 RF10.20071211/12112220.roi
-rw-rw-r-- dcrogers/proj   94373110 2007-12-11 15:35:46 RF10.20071211/12112226.roi
-rw-rw-r-- dcrogers/proj   94380639 2007-12-11 15:43:25 RF10.20071211/12112235.roi
-rw-rw-r-- dcrogers/proj   94410627 2007-12-11 15:54:25 RF10.20071211/12112243.roi
-rw-rw-r-- dcrogers/proj   94380196 2007-12-11 15:57:53 RF10.20071211/12112254.roi
-rw-rw-r-- dcrogers/proj   94384476 2007-12-11 16:03:02 RF10.20071211/12112257.roi
-rw-rw-r-- dcrogers/proj   94398922 2007-12-11 16:12:53 RF10.20071211/12112303.roi
-rw-rw-r-- dcrogers/proj   94463134 2007-12-11 16:20:45 RF10.20071211/12112312.roi
-rw-rw-r-- dcrogers/proj   94466113 2007-12-11 16:31:03 RF10.20071211/12112320.roi
-rw-rw-r-- dcrogers/proj   94415545 2007-12-11 16:38:59 RF10.20071211/12112331.roi
-rw-rw-r-- dcrogers/proj   37691365 2007-12-11 16:43:35 RF10.20071211/12112338.roi
Creating tarfile for /scr/raf2/Raw_Data/ICE-L/CPI/RF11.20071213
-rw-rw-r-- dcrogers/proj   94415411 2007-12-13 09:59:54 RF11.20071213/12131530.roi
-rw-rw-r-- dcrogers/proj   94393779 2007-12-13 12:25:54 RF11.20071213/12131659.roi
-rw-rw-r-- dcrogers/proj   94427239 2007-12-13 13:04:39 RF11.20071213/12131925.roi
-rw-rw-r-- dcrogers/proj   94550289 2007-12-13 13:53:59 RF11.20071213/12132004.roi
-rw-rw-r-- dcrogers/proj   55846645 2007-12-13 14:41:49 RF11.20071213/12132053.roi
Creating tarfile for /scr/raf2/Raw_Data/ICE-L/CPI/RF12.20071216
-rw-rw-r-- dcrogers/proj   94389884 2007-12-16 10:19:23 RF12.20071216/12161525.roi
-rw-rw-r-- dcrogers/proj   14798682 2007-12-16 13:11:14 RF12.20071216/12161719.roi

Creating tarfile for /scr/raf2/Raw_Data/ICE-L/CPI/tf04.20071212
-rw-rw-r-- dcrogers/proj   17054168 2007-12-12 15:02:32 tf04.20071212/12121832.roi
#  24 Job(s) submitted on Mon, 18 Aug 2008 16:14:58 local
ssh -x bora msput_job -pe 32767 -pr 41113009 -wpwd RAFDMG
/jnet/local/projects/ICE-L/C130_N130AR/Production/archive/RF02.20071113.tar
mss:/RAF/2008/115/CPI/RF02.20071113.tar
ssh -x bora msput_job -pe 32767 -pr 41113009 -wpwd RAFDMG
/jnet/local/projects/ICE-L/C130_N130AR/Production/archive/RF02.20071113.tar.dir
mss:/RAF/2008/115/CPI/RF02.20071113.tar.dir
ssh -x bora msput_job -pe 32767 -pr 41113009 -wpwd RAFDMG
/jnet/local/projects/ICE-L/C130_N130AR/Production/archive/RF03.20071116.tar
mss:/RAF/2008/115/CPI/RF03.20071116.tar
ssh -x bora msput_job -pe 32767 -pr 41113009 -wpwd RAFDMG
/jnet/local/projects/ICE-L/C130_N130AR/Production/archive/RF03.20071116.tar.dir
mss:/RAF/2008/115/CPI/RF03.20071116.tar.dir
ssh -x bora msput_job -pe 32767 -pr 41113009 -wpwd RAFDMG
/jnet/local/projects/ICE-L/C130_N130AR/Production/archive/RF04.20071118.tar
mss:/RAF/2008/115/CPI/RF04.20071118.tar
ssh -x bora msput_job -pe 32767 -pr 41113009 -wpwd RAFDMG
/jnet/local/projects/ICE-L/C130_N130AR/Production/archive/RF04.20071118.tar.dir
mss:/RAF/2008/115/CPI/RF04.20071118.tar.dir
ssh -x bora msput_job -pe 32767 -pr 41113009 -wpwd RAFDMG
/jnet/local/projects/ICE-L/C130_N130AR/Production/archive/RF05.20071120.tar
mss:/RAF/2008/115/CPI/RF05.20071120.tar
ssh -x bora msput_job -pe 32767 -pr 41113009 -wpwd RAFDMG
/jnet/local/projects/ICE-L/C130_N130AR/Production/archive/RF05.20071120.tar.dir
mss:/RAF/2008/115/CPI/RF05.20071120.tar.dir
ssh -x bora msput_job -pe 32767 -pr 41113009 -wpwd RAFDMG
/jnet/local/projects/ICE-L/C130_N130AR/Production/archive/RF06.20071129.tar
mss:/RAF/2008/115/CPI/RF06.20071129.tar
ssh -x bora msput_job -pe 32767 -pr 41113009 -wpwd RAFDMG
/jnet/local/projects/ICE-L/C130_N130AR/Production/archive/RF06.20071129.tar.dir
mss:/RAF/2008/115/CPI/RF06.20071129.tar.dir
ssh -x bora msput_job -pe 32767 -pr 41113009 -wpwd RAFDMG
/jnet/local/projects/ICE-L/C130_N130AR/Production/archive/RF07.20071130.tar
mss:/RAF/2008/115/CPI/RF07.20071130.tar
ssh -x bora msput_job -pe 32767 -pr 41113009 -wpwd RAFDMG
/jnet/local/projects/ICE-L/C130_N130AR/Production/archive/RF07.20071130.tar.dir
mss:/RAF/2008/115/CPI/RF07.20071130.tar.dir
ssh -x bora msput_job -pe 32767 -pr 41113009 -wpwd RAFDMG
/jnet/local/projects/ICE-L/C130_N130AR/Production/archive/RF08.20071204.tar
mss:/RAF/2008/115/CPI/RF08.20071204.tar
ssh -x bora msput_job -pe 32767 -pr 41113009 -wpwd RAFDMG
/jnet/local/projects/ICE-L/C130_N130AR/Production/archive/RF08.20071204.tar.dir
mss:/RAF/2008/115/CPI/RF08.20071204.tar.dir
ssh -x bora msput_job -pe 32767 -pr 41113009 -wpwd RAFDMG
/jnet/local/projects/ICE-L/C130_N130AR/Production/archive/RF09.20071210.tar
mss:/RAF/2008/115/CPI/RF09.20071210.tar
ssh -x bora msput_job -pe 32767 -pr 41113009 -wpwd RAFDMG
/jnet/local/projects/ICE-L/C130_N130AR/Production/archive/RF09.20071210.tar.dir
mss:/RAF/2008/115/CPI/RF09.20071210.tar.dir
ssh -x bora msput_job -pe 32767 -pr 41113009 -wpwd RAFDMG
/jnet/local/projects/ICE-L/C130_N130AR/Production/archive/RF10.20071211.tar
mss:/RAF/2008/115/CPI/RF10.20071211.tar
ssh -x bora msput_job -pe 32767 -pr 41113009 -wpwd RAFDMG
/jnet/local/projects/ICE-L/C130_N130AR/Production/archive/RF10.20071211.tar.dir
mss:/RAF/2008/115/CPI/RF10.20071211.tar.dir
ssh -x bora msput_job -pe 32767 -pr 41113009 -wpwd RAFDMG
/jnet/local/projects/ICE-L/C130_N130AR/Production/archive/RF11.20071213.tar
mss:/RAF/2008/115/CPI/RF11.20071213.tar
ssh -x bora msput_job -pe 32767 -pr 41113009 -wpwd RAFDMG
/jnet/local/projects/ICE-L/C130_N130AR/Production/archive/RF11.20071213.tar.dir
mss:/RAF/2008/115/CPI/RF11.20071213.tar.dir
ssh -x bora msput_job -pe 32767 -pr 41113009 -wpwd RAFDMG
/jnet/local/projects/ICE-L/C130_N130AR/Production/archive/RF12.20071216.tar
mss:/RAF/2008/115/CPI/RF12.20071216.tar
ssh -x bora msput_job -pe 32767 -pr 41113009 -wpwd RAFDMG
/jnet/local/projects/ICE-L/C130_N130AR/Production/archive/RF12.20071216.tar.dir
mss:/RAF/2008/115/CPI/RF12.20071216.tar.dir
ssh -x bora msput_job -pe 32767 -pr 41113009 -wpwd RAFDMG
/jnet/local/projects/ICE-L/C130_N130AR/Production/archive/tf04.20071212.tar
mss:/RAF/2008/115/CPI/tf04.20071212.tar
ssh -x bora msput_job -pe 32767 -pr 41113009 -wpwd RAFDMG
/jnet/local/projects/ICE-L/C130_N130AR/Production/archive/tf04.20071212.tar.dir
mss:/RAF/2008/115/CPI/tf04.20071212.tar.dir
Run the commands as listed? yes == enter, no == anything else:

*************************************************************************************************

Processing type CPI
Information for Project 2008-115 ICE-L
---------------------------------------------
FY=2008
CY=2007
  Project Mgr(s):  Jorgen Jensen
    Scientist(s):  Andy Heymsfield
   Programmer(s):  Chris Webster
Production Proc.:  
MSS Project Directory Name:  ICE-L
MSS Read Password:
---------------------------------------------------
#  24 Job(s) submitted on Tue, 19 Aug 2008 11:33:27 local
ssh -x bora msput_job -pe 32767 -pr 41113009 -wpwd RAFDMG
/jnet/local/projects/ICE-L/C130_N130AR/Production/archive/RF02.20071113.tar
mss:/ATD/DATA/2007/ICE-L/C130_N130AR/CPI/RF02.20071113.tar
ssh -x bora msput_job -pe 32767 -pr 41113009 -wpwd RAFDMG
/jnet/local/projects/ICE-L/C130_N130AR/Production/archive/RF02.20071113.tar.dir
mss:/ATD/DATA/2007/ICE-L/C130_N130AR/CPI/RF02.20071113.tar.dir
ssh -x bora msput_job -pe 32767 -pr 41113009 -wpwd RAFDMG
/jnet/local/projects/ICE-L/C130_N130AR/Production/archive/RF03.20071116.tar
mss:/ATD/DATA/2007/ICE-L/C130_N130AR/CPI/RF03.20071116.tar
ssh -x bora msput_job -pe 32767 -pr 41113009 -wpwd RAFDMG
/jnet/local/projects/ICE-L/C130_N130AR/Production/archive/RF03.20071116.tar.dir
mss:/ATD/DATA/2007/ICE-L/C130_N130AR/CPI/RF03.20071116.tar.dir
ssh -x bora msput_job -pe 32767 -pr 41113009 -wpwd RAFDMG
/jnet/local/projects/ICE-L/C130_N130AR/Production/archive/RF04.20071118.tar
mss:/ATD/DATA/2007/ICE-L/C130_N130AR/CPI/RF04.20071118.tar
ssh -x bora msput_job -pe 32767 -pr 41113009 -wpwd RAFDMG
/jnet/local/projects/ICE-L/C130_N130AR/Production/archive/RF04.20071118.tar.dir
mss:/ATD/DATA/2007/ICE-L/C130_N130AR/CPI/RF04.20071118.tar.dir
ssh -x bora msput_job -pe 32767 -pr 41113009 -wpwd RAFDMG
/jnet/local/projects/ICE-L/C130_N130AR/Production/archive/RF05.20071120.tar
mss:/ATD/DATA/2007/ICE-L/C130_N130AR/CPI/RF05.20071120.tar
ssh -x bora msput_job -pe 32767 -pr 41113009 -wpwd RAFDMG
/jnet/local/projects/ICE-L/C130_N130AR/Production/archive/RF05.20071120.tar.dir
mss:/ATD/DATA/2007/ICE-L/C130_N130AR/CPI/RF05.20071120.tar.dir
ssh -x bora msput_job -pe 32767 -pr 41113009 -wpwd RAFDMG
/jnet/local/projects/ICE-L/C130_N130AR/Production/archive/RF06.20071129.tar
mss:/ATD/DATA/2007/ICE-L/C130_N130AR/CPI/RF06.20071129.tar
ssh -x bora msput_job -pe 32767 -pr 41113009 -wpwd RAFDMG
/jnet/local/projects/ICE-L/C130_N130AR/Production/archive/RF06.20071129.tar.dir
mss:/ATD/DATA/2007/ICE-L/C130_N130AR/CPI/RF06.20071129.tar.dir
ssh -x bora msput_job -pe 32767 -pr 41113009 -wpwd RAFDMG
/jnet/local/projects/ICE-L/C130_N130AR/Production/archive/RF07.20071130.tar
mss:/ATD/DATA/2007/ICE-L/C130_N130AR/CPI/RF07.20071130.tar
ssh -x bora msput_job -pe 32767 -pr 41113009 -wpwd RAFDMG
/jnet/local/projects/ICE-L/C130_N130AR/Production/archive/RF07.20071130.tar.dir
mss:/ATD/DATA/2007/ICE-L/C130_N130AR/CPI/RF07.20071130.tar.dir
ssh -x bora msput_job -pe 32767 -pr 41113009 -wpwd RAFDMG
/jnet/local/projects/ICE-L/C130_N130AR/Production/archive/RF08.20071204.tar
mss:/ATD/DATA/2007/ICE-L/C130_N130AR/CPI/RF08.20071204.tar
ssh -x bora msput_job -pe 32767 -pr 41113009 -wpwd RAFDMG
/jnet/local/projects/ICE-L/C130_N130AR/Production/archive/RF08.20071204.tar.dir
mss:/ATD/DATA/2007/ICE-L/C130_N130AR/CPI/RF08.20071204.tar.dir
ssh -x bora msput_job -pe 32767 -pr 41113009 -wpwd RAFDMG
/jnet/local/projects/ICE-L/C130_N130AR/Production/archive/RF09.20071210.tar
mss:/ATD/DATA/2007/ICE-L/C130_N130AR/CPI/RF09.20071210.tar
ssh -x bora msput_job -pe 32767 -pr 41113009 -wpwd RAFDMG
/jnet/local/projects/ICE-L/C130_N130AR/Production/archive/RF09.20071210.tar.dir
mss:/ATD/DATA/2007/ICE-L/C130_N130AR/CPI/RF09.20071210.tar.dir
ssh -x bora msput_job -pe 32767 -pr 41113009 -wpwd RAFDMG
/jnet/local/projects/ICE-L/C130_N130AR/Production/archive/RF10.20071211.tar
mss:/ATD/DATA/2007/ICE-L/C130_N130AR/CPI/RF10.20071211.tar
ssh -x bora msput_job -pe 32767 -pr 41113009 -wpwd RAFDMG
/jnet/local/projects/ICE-L/C130_N130AR/Production/archive/RF10.20071211.tar.dir
mss:/ATD/DATA/2007/ICE-L/C130_N130AR/CPI/RF10.20071211.tar.dir
ssh -x bora msput_job -pe 32767 -pr 41113009 -wpwd RAFDMG
/jnet/local/projects/ICE-L/C130_N130AR/Production/archive/RF11.20071213.tar
mss:/ATD/DATA/2007/ICE-L/C130_N130AR/CPI/RF11.20071213.tar
ssh -x bora msput_job -pe 32767 -pr 41113009 -wpwd RAFDMG
/jnet/local/projects/ICE-L/C130_N130AR/Production/archive/RF11.20071213.tar.dir
mss:/ATD/DATA/2007/ICE-L/C130_N130AR/CPI/RF11.20071213.tar.dir
ssh -x bora msput_job -pe 32767 -pr 41113009 -wpwd RAFDMG
/jnet/local/projects/ICE-L/C130_N130AR/Production/archive/RF12.20071216.tar
mss:/ATD/DATA/2007/ICE-L/C130_N130AR/CPI/RF12.20071216.tar
ssh -x bora msput_job -pe 32767 -pr 41113009 -wpwd RAFDMG
/jnet/local/projects/ICE-L/C130_N130AR/Production/archive/RF12.20071216.tar.dir
mss:/ATD/DATA/2007/ICE-L/C130_N130AR/CPI/RF12.20071216.tar.dir
ssh -x bora msput_job -pe 32767 -pr 41113009 -wpwd RAFDMG
/jnet/local/projects/ICE-L/C130_N130AR/Production/archive/tf04.20071212.tar
mss:/ATD/DATA/2007/ICE-L/C130_N130AR/CPI/tf04.20071212.tar
ssh -x bora msput_job -pe 32767 -pr 41113009 -wpwd RAFDMG
/jnet/local/projects/ICE-L/C130_N130AR/Production/archive/tf04.20071212.tar.dir
mss:/ATD/DATA/2007/ICE-L/C130_N130AR/CPI/tf04.20071212.tar.dir
Run the commands as listed? yes == enter, no == anything else: 
#  msrcp job for CPI/RF02.20071113.tar -- OK -- Tue, 19 Aug 2008 11:33:41 local
#  msrcp job for CPI/RF02.20071113.tar.dir -- OK -- Tue, 19 Aug 2008 11:33:48 local
#  msrcp job for CPI/RF03.20071116.tar -- OK -- Tue, 19 Aug 2008 11:36:54 local
#  msrcp job for CPI/RF03.20071116.tar.dir -- OK -- Tue, 19 Aug 2008 11:37:01 local
#  msrcp job for CPI/RF04.20071118.tar -- OK -- Tue, 19 Aug 2008 11:37:09 local
#  msrcp job for CPI/RF04.20071118.tar.dir -- OK -- Tue, 19 Aug 2008 11:37:17 local

