Processing type LRT
Information for Project 2008-115 ICE-L
---------------------------------------------
FY=2008
CY=2007
  Project Mgr(s):  Jorgen Jensen
    Scientist(s):  Andy Heymsfield
   Programmer(s):  Chris Webster
Production Proc.:  
MSS Project Directory Name:  ICE-L
MSS Read Password:
---------------------------------------------------
#  16 Job(s) submitted on Thu, 25 Sep 2008 16:58:36 local
ssh -x bora msput_job -pe 32767 -pr 41113009 -wpwd RAFDMG  /scr/raf2/Prod_Data/ICE-L/ICE-Lrf01.nc
mss:/ATD/DATA/2007/ICE-L/C130_N130AR/LRT/RF01.20071107.175400_222200.PNI.nc
ssh -x bora msput_job -pe 32767 -pr 41113009 -wpwd RAFDMG  /scr/raf2/Prod_Data/ICE-L/ICE-Lrf02.nc
mss:/ATD/DATA/2007/ICE-L/C130_N130AR/LRT/RF02.20071113.155700_195840.PNI.nc
ssh -x bora msput_job -pe 32767 -pr 41113009 -wpwd RAFDMG  /scr/raf2/Prod_Data/ICE-L/ICE-Lrf03.nc
mss:/ATD/DATA/2007/ICE-L/C130_N130AR/LRT/RF03.20071116.165800_230800.PNI.nc
ssh -x bora msput_job -pe 32767 -pr 41113009 -wpwd RAFDMG  /scr/raf2/Prod_Data/ICE-L/ICE-Lrf04.nc
mss:/ATD/DATA/2007/ICE-L/C130_N130AR/LRT/RF04.20071118.185620_235400.PNI.nc
ssh -x bora msput_job -pe 32767 -pr 41113009 -wpwd RAFDMG  /scr/raf2/Prod_Data/ICE-L/ICE-Lrf05.nc
mss:/ATD/DATA/2007/ICE-L/C130_N130AR/LRT/RF05.20071120.165900_002530.PNI.nc
ssh -x bora msput_job -pe 32767 -pr 41113009 -wpwd RAFDMG  /scr/raf2/Prod_Data/ICE-L/ICE-Lrf06.nc
mss:/ATD/DATA/2007/ICE-L/C130_N130AR/LRT/RF06.20071129.160400_221250.PNI.nc
ssh -x bora msput_job -pe 32767 -pr 41113009 -wpwd RAFDMG  /scr/raf2/Prod_Data/ICE-L/ICE-Lrf07.nc
mss:/ATD/DATA/2007/ICE-L/C130_N130AR/LRT/RF07.20071130.155800_203700.PNI.nc
ssh -x bora msput_job -pe 32767 -pr 41113009 -wpwd RAFDMG  /scr/raf2/Prod_Data/ICE-L/ICE-Lrf08.nc
mss:/ATD/DATA/2007/ICE-L/C130_N130AR/LRT/RF08.20071204.172800_201450.PNI.nc
ssh -x bora msput_job -pe 32767 -pr 41113009 -wpwd RAFDMG  /scr/raf2/Prod_Data/ICE-L/ICE-Lrf09.nc
mss:/ATD/DATA/2007/ICE-L/C130_N130AR/LRT/RF09.20071210.162400_200130.PNI.nc
ssh -x bora msput_job -pe 32767 -pr 41113009 -wpwd RAFDMG  /scr/raf2/Prod_Data/ICE-L/ICE-Lrf10.nc
mss:/ATD/DATA/2007/ICE-L/C130_N130AR/LRT/RF10.20071211.190300_234200.PNI.nc
ssh -x bora msput_job -pe 32767 -pr 41113009 -wpwd RAFDMG  /scr/raf2/Prod_Data/ICE-L/ICE-Lrf11.nc
mss:/ATD/DATA/2007/ICE-L/C130_N130AR/LRT/RF11.20071213.160100_212859.PNI.nc
ssh -x bora msput_job -pe 32767 -pr 41113009 -wpwd RAFDMG  /scr/raf2/Prod_Data/ICE-L/ICE-Lrf12.nc
mss:/ATD/DATA/2007/ICE-L/C130_N130AR/LRT/RF12.20071216.161000_201610.PNI.nc
ssh -x bora msput_job -pe 32767 -pr 41113009 -wpwd RAFDMG  /scr/raf2/Prod_Data/ICE-L/ICE-Ltf01.nc
mss:/ATD/DATA/2007/ICE-L/C130_N130AR/LRT/TF01.20071029.181500_193850.PNI.nc
ssh -x bora msput_job -pe 32767 -pr 41113009 -wpwd RAFDMG  /scr/raf2/Prod_Data/ICE-L/ICE-Ltf02.nc
mss:/ATD/DATA/2007/ICE-L/C130_N130AR/LRT/TF02.20071101.210400_235300.PNI.nc
ssh -x bora msput_job -pe 32767 -pr 41113009 -wpwd RAFDMG  /scr/raf2/Prod_Data/ICE-L/ICE-Ltf03.nc
mss:/ATD/DATA/2007/ICE-L/C130_N130AR/LRT/TF03.20071105.202700_230900.PNI.nc
ssh -x bora msput_job -pe 32767 -pr 41113009 -wpwd RAFDMG  /scr/raf2/Prod_Data/ICE-L/ICE-Ltf04.nc
mss:/ATD/DATA/2007/ICE-L/C130_N130AR/LRT/TF04.20071212.190500_220040.PNI.nc
Run the commands as listed? yes == enter, no == anything else: 
#  msrcp job for LRT/RF01.20071107.175400_222200.PNI.nc -- OK -- Thu, 25 Sep 2008 16:59:49 local
#  msrcp job for LRT/RF02.20071113.155700_195840.PNI.nc -- OK -- Thu, 25 Sep 2008 17:00:08 local
#  msrcp job for LRT/RF03.20071116.165800_230800.PNI.nc -- OK -- Thu, 25 Sep 2008 17:00:26 local
#  msrcp job for LRT/RF04.20071118.185620_235400.PNI.nc -- OK -- Thu, 25 Sep 2008 17:00:41 local
#  msrcp job for LRT/RF05.20071120.165900_002530.PNI.nc -- OK -- Thu, 25 Sep 2008 17:00:58 local
#  msrcp job for LRT/RF06.20071129.160400_221250.PNI.nc -- OK -- Thu, 25 Sep 2008 17:01:09 local
#  msrcp job for LRT/RF07.20071130.155800_203700.PNI.nc -- OK -- Thu, 25 Sep 2008 17:01:18 local
#  msrcp job for LRT/RF08.20071204.172800_201450.PNI.nc -- OK -- Thu, 25 Sep 2008 17:01:28 local
#  msrcp job for LRT/RF09.20071210.162400_200130.PNI.nc -- OK -- Thu, 25 Sep 2008 17:01:39 local
#  msrcp job for LRT/RF10.20071211.190300_234200.PNI.nc -- OK -- Thu, 25 Sep 2008 17:01:49 local
#  msrcp job for LRT/RF11.20071213.160100_212859.PNI.nc -- OK -- Thu, 25 Sep 2008 17:02:03 local
#  msrcp job for LRT/RF12.20071216.161000_201610.PNI.nc -- OK -- Thu, 25 Sep 2008 17:02:27 local
#  msrcp job for LRT/TF01.20071029.181500_193850.PNI.nc -- OK -- Thu, 25 Sep 2008 17:02:39 local
#  msrcp job for LRT/TF02.20071101.210400_235300.PNI.nc -- OK -- Thu, 25 Sep 2008 17:02:48 local
#  msrcp job for LRT/TF03.20071105.202700_230900.PNI.nc -- OK -- Thu, 25 Sep 2008 17:02:59 local
#  msrcp job for LRT/TF04.20071212.190500_220040.PNI.nc -- OK -- Thu, 25 Sep 2008 17:03:07 local
#   Successful completion on Thu, 25 Sep 2008 17:03:07 local
