Starting up
13 command line options found
Option #1 = /net/work/dev/jaa/aircraft_oap/translate2ds/translate2ds
Option #2 = -flight
Option #3 = RF05
Option #4 = -project
Option #5 = ARISTO2016
Option #6 = -platform
Option #7 = C130_N130AR
Option #8 = -sn
Option #9 = SPEC001
Option #10 = -offset
Option #11 = -7257600
Applying a time offset of: -7257600 seconds
Option #12 = -f
Option #13 = RF05/base160812190804.2DS
Generating NCAR OAP .2d from 2DS file "RF05/base160812190804.2DS" of size 89 MB.
  HORIZONTAL PARTICLES FOUND: 512287
  VERTICAL PARTICLES FOUND: 41932
  TOTAL PARTICLES FOUND: 554219
Shutting down
