Processing type LRT
Information for Project 2008-116 ProjName
---------------------------------------------
FY=2009
CY=2008
  Project Mgr(s):  Al Schanot
    Scientist(s):  
   Programmer(s):  Chris Webster
Production Proc.:  
MSS Project Directory Name:  
MSS Read Password:
---------------------------------------------------

#  18 Job(s) submitted on Fri, 21 Nov 2008 16:14:19 local
ssh -x bora msput_job -pe 32767 -pr 41113009 -wpwd RAFDMG  /scr/raf2/Prod_Data/VOCALS/VOCALSrf01.nc
mss:/ATD/DATA/2008/VOCALS/C130_N130AR/LRT/RF01.20081015.164800_201200.PNI.nc
ssh -x bora msput_job -pe 32767 -pr 41113009 -wpwd RAFDMG  /scr/raf2/Prod_Data/VOCALS/VOCALSrf02.nc
mss:/ATD/DATA/2008/VOCALS/C130_N130AR/LRT/RF02.20081018.130300_213000.PNI.nc
ssh -x bora msput_job -pe 32767 -pr 41113009 -wpwd RAFDMG  /scr/raf2/Prod_Data/VOCALS/VOCALSrf03.nc
mss:/ATD/DATA/2008/VOCALS/C130_N130AR/LRT/RF03.20081021.060000_142400.PNI.nc
ssh -x bora msput_job -pe 32767 -pr 41113009 -wpwd RAFDMG  /scr/raf2/Prod_Data/VOCALS/VOCALSrf04.nc
mss:/ATD/DATA/2008/VOCALS/C130_N130AR/LRT/RF04.20081023.055800_142200.PNI.nc
ssh -x bora msput_job -pe 32767 -pr 41113009 -wpwd RAFDMG  /scr/raf2/Prod_Data/VOCALS/VOCALSrf05.nc
mss:/ATD/DATA/2008/VOCALS/C130_N130AR/LRT/RF05.20081025.062900_152500.PNI.nc
ssh -x bora msput_job -pe 32767 -pr 41113009 -wpwd RAFDMG  /scr/raf2/Prod_Data/VOCALS/VOCALSrf06.nc
mss:/ATD/DATA/2008/VOCALS/C130_N130AR/LRT/RF06.20081028.061800_151200.PNI.nc
ssh -x bora msput_job -pe 32767 -pr 41113009 -wpwd RAFDMG  /scr/raf2/Prod_Data/VOCALS/VOCALSrf07.nc
mss:/ATD/DATA/2008/VOCALS/C130_N130AR/LRT/RF07.20081031.060000_150000.PNI.nc
ssh -x bora msput_job -pe 32767 -pr 41113009 -wpwd RAFDMG  /scr/raf2/Prod_Data/VOCALS/VOCALSrf08.nc
mss:/ATD/DATA/2008/VOCALS/C130_N130AR/LRT/RF08.20081102.055700_152100.PNI.nc
ssh -x bora msput_job -pe 32767 -pr 41113009 -wpwd RAFDMG  /scr/raf2/Prod_Data/VOCALS/VOCALSrf09.nc
mss:/ATD/DATA/2008/VOCALS/C130_N130AR/LRT/RF10.20081106.072500_141900.PNI.nc
ssh -x bora msput_job -pe 32767 -pr 41113009 -wpwd RAFDMG  /scr/raf2/Prod_Data/VOCALS/VOCALSrf10.nc
mss:/ATD/DATA/2008/VOCALS/C130_N130AR/LRT/RF10.20081106.072507_141900.PNI.nc
ssh -x bora msput_job -pe 32767 -pr 41113009 -wpwd RAFDMG  /scr/raf2/Prod_Data/VOCALS/VOCALSrf11.nc
mss:/ATD/DATA/2008/VOCALS/C130_N130AR/LRT/RF11.20081109.125700_213600.PNI.nc
ssh -x bora msput_job -pe 32767 -pr 41113009 -wpwd RAFDMG  /scr/raf2/Prod_Data/VOCALS/VOCALSrf12.nc
mss:/ATD/DATA/2008/VOCALS/C130_N130AR/LRT/RF12.20081111.125000_214500.PNI.nc
ssh -x bora msput_job -pe 32767 -pr 41113009 -wpwd RAFDMG  /scr/raf2/Prod_Data/VOCALS/VOCALSrf13.nc
mss:/ATD/DATA/2008/VOCALS/C130_N130AR/LRT/RF13.20081113.125700_215700.PNI.nc
ssh -x bora msput_job -pe 32767 -pr 41113009 -wpwd RAFDMG  /scr/raf2/Prod_Data/VOCALS/VOCALSrf14.nc
mss:/ATD/DATA/2008/VOCALS/C130_N130AR/LRT/RF14.20081115.125800_220400.PNI.nc
ssh -x bora msput_job -pe 32767 -pr 41113009 -wpwd RAFDMG  /scr/raf2/Prod_Data/VOCALS/VOCALStf01.nc
mss:/ATD/DATA/2008/VOCALS/C130_N130AR/LRT/TF01.20080929.203500_223500.PNI.nc
ssh -x bora msput_job -pe 32767 -pr 41113009 -wpwd RAFDMG  /scr/raf2/Prod_Data/VOCALS/VOCALStf02.nc
mss:/ATD/DATA/2008/VOCALS/C130_N130AR/LRT/TF02.20081001.193448_225020.PNI.nc
ssh -x bora msput_job -pe 32767 -pr 41113009 -wpwd RAFDMG  /scr/raf2/Prod_Data/VOCALS/VOCALStf03.nc
mss:/ATD/DATA/2008/VOCALS/C130_N130AR/LRT/TF03.20081003.185500_223500.PNI.nc
ssh -x bora msput_job -pe 32767 -pr 41113009 -wpwd RAFDMG  /scr/raf2/Prod_Data/VOCALS/VOCALStf04.nc
mss:/ATD/DATA/2008/VOCALS/C130_N130AR/LRT/TF04.20081006.154841_210326.PNI.nc
Run the commands as listed? yes == enter, no == anything else: 
#  msrcp job for LRT/RF01.20081015.164800_201200.PNI.nc -- OK -- Fri, 21 Nov 2008 16:18:30 local
#  msrcp job for LRT/RF02.20081018.130300_213000.PNI.nc -- OK -- Fri, 21 Nov 2008 16:18:41 local
#  msrcp job for LRT/RF03.20081021.060000_142400.PNI.nc -- OK -- Fri, 21 Nov 2008 16:20:44 local
#  msrcp job for LRT/RF04.20081023.055800_142200.PNI.nc -- OK -- Fri, 21 Nov 2008 16:20:54 local

#  msrcp job for LRT/RF05.20081025.062900_152500.PNI.nc -- OK -- Fri, 21 Nov 2008 16:29:09 local
#  msrcp job for LRT/RF06.20081028.061800_151200.PNI.nc -- OK -- Fri, 21 Nov 2008 16:29:33 local
#  msrcp job for LRT/RF07.20081031.060000_150000.PNI.nc -- OK -- Fri, 21 Nov 2008 16:29:57 local
#  msrcp job for LRT/RF08.20081102.055700_152100.PNI.nc -- OK -- Fri, 21 Nov 2008 16:30:10 local
#  msrcp job for LRT/RF10.20081106.072500_141900.PNI.nc -- OK -- Fri, 21 Nov 2008 16:30:34 local
#  msrcp job for LRT/RF10.20081106.072507_141900.PNI.nc -- OK -- Fri, 21 Nov 2008 16:30:43 local
#  msrcp job for LRT/RF11.20081109.125700_213600.PNI.nc -- OK -- Fri, 21 Nov 2008 16:30:56 local
#  msrcp job for LRT/RF12.20081111.125000_214500.PNI.nc -- OK -- Fri, 21 Nov 2008 16:31:07 local
#  msrcp job for LRT/RF13.20081113.125700_215700.PNI.nc -- OK -- Fri, 21 Nov 2008 16:31:20 local
#  msrcp job for LRT/RF14.20081115.125800_220400.PNI.nc -- OK -- Fri, 21 Nov 2008 16:31:47 local
#  msrcp job for LRT/TF01.20080929.203500_223500.PNI.nc -- OK -- Fri, 21 Nov 2008 16:32:00 local
#  msrcp job for LRT/TF02.20081001.193448_225020.PNI.nc -- OK -- Fri, 21 Nov 2008 16:32:12 local
#  msrcp job for LRT/TF03.20081003.185500_223500.PNI.nc -- OK -- Fri, 21 Nov 2008 16:32:19 local
#  msrcp job for LRT/TF04.20081006.154841_210326.PNI.nc -- OK -- Fri, 21 Nov 2008 16:32:28 local
