Processing type HRT
Information for Project 2008-116 ProjName
---------------------------------------------
FY=2009
CY=2008
  Project Mgr(s):  Al Schanot
    Scientist(s):  
   Programmer(s):  Chris Webster
Production Proc.:  
MSS Project Directory Name:  
MSS Read Password:
---------------------------------------------------
#  1 Job(s) submitted on Tue, 07 Oct 2008 11:48:14 local
ssh -x bora msput_job -pe 32767 -pr 41113009 -wpwd RAFDMG
/scr/raf2/Prod_Data/VOCALS/VOCALStf02H.nc
mss:/ATD/DATA/2008/VOCALS/C130_N130AR/HRT/TF02.20081001.200000_224800.PNI.nc
Run the commands as listed? yes == enter, no == anything else: 
#  msrcp job for HRT/TF02.20081001.200000_224800.PNI.nc -- OK -- Tue,
#  07 Oct 2008 11:49:00 local
#   Successful completion on Tue, 07 Oct 2008 11:49:00 local

Processing type HRT
Information for Project 2008-116 ProjName
---------------------------------------------
FY=2009
CY=2008
  Project Mgr(s):  Al Schanot
    Scientist(s):  
   Programmer(s):  Chris Webster
Production Proc.:  
MSS Project Directory Name:  
MSS Read Password:
---------------------------------------------------
#  1 Job(s) submitted on Tue, 07 Oct 2008 11:49:01 local
ssh -x bora msput_job -pe 32767 -pr 41113009 -wpwd RAFDMG
/scr/raf2/Prod_Data/VOCALS/VOCALStf03H.nc
mss:/ATD/DATA/2008/VOCALS/C130_N130AR/HRT/TF03.20081003.185500_223447.PNI.nc
Run the commands as listed? yes == enter, no == anything else: 
#  msrcp job for HRT/TF03.20081003.185500_223447.PNI.nc -- OK -- Tue,
#  07 Oct 2008 11:59:25 local
#   Successful completion on Tue, 07 Oct 2008 11:59:25 local

Processing type LRT
Information for Project 2008-116 ProjName
---------------------------------------------
FY=2009
CY=2008
  Project Mgr(s):  Al Schanot
    Scientist(s):  
   Programmer(s):  Chris Webster
Production Proc.:  
MSS Project Directory Name:  
MSS Read Password:
---------------------------------------------------
#  1 Job(s) submitted on Tue, 07 Oct 2008 11:59:25 local
ssh -x bora msput_job -pe 32767 -pr 41113009 -wpwd RAFDMG
/scr/raf2/Prod_Data/VOCALS/VOCALStf02.nc
mss:/ATD/DATA/2008/VOCALS/C130_N130AR/LRT/TF02.20081001.193448_225020.PNI.nc
Run the commands as listed? yes == enter, no == anything else: 
#  msrcp job for LRT/TF02.20081001.193448_225020.PNI.nc -- OK -- Tue,
#  07 Oct 2008 12:01:05 local
#   Successful completion on Tue, 07 Oct 2008 12:01:05 local

Processing type LRT
Information for Project 2008-116 ProjName
---------------------------------------------
FY=2009
CY=2008
  Project Mgr(s):  Al Schanot
    Scientist(s):  
   Programmer(s):  Chris Webster
Production Proc.:  
MSS Project Directory Name:  
MSS Read Password:
---------------------------------------------------
#  1 Job(s) submitted on Tue, 07 Oct 2008 12:01:05 local
ssh -x bora msput_job -pe 32767 -pr 41113009 -wpwd RAFDMG
/scr/raf2/Prod_Data/VOCALS/VOCALStf03.nc
mss:/ATD/DATA/2008/VOCALS/C130_N130AR/LRT/TF03.20081003.185500_223500.PNI.nc
Run the commands as listed? yes == enter, no == anything else: 
#  msrcp job for LRT/TF03.20081003.185500_223500.PNI.nc -- OK -- Tue,
#  07 Oct 2008 12:01:43 local
#   Successful completion on Tue, 07 Oct 2008 12:01:43 local

Processing type ADS
Information for Project 2008-116 ProjName
---------------------------------------------
FY=2009
CY=2008
  Project Mgr(s):  Al Schanot
    Scientist(s):  
   Programmer(s):  Chris Webster
Production Proc.:  
MSS Project Directory Name:  
MSS Read Password:
---------------------------------------------------
#  5 Job(s) submitted on Tue, 07 Oct 2008 12:01:43 local
ssh -x bora msput_job -pe 32767 -pr 41113009 -wpwd RAFDMG
/scr/raf2/Raw_Data/VOCALS/20080924_142428_Sep24.ads
mss:/RAF/2009/116/ADS/20080924_142428_Sep24.ads
ssh -x bora msput_job -pe 32767 -pr 41113009 -wpwd RAFDMG
/scr/raf2/Raw_Data/VOCALS/20080929_194422_tf01.ads
mss:/RAF/2009/116/ADS/20080929_194422_tf01.ads
ssh -x bora msput_job -pe 32767 -pr 41113009 -wpwd RAFDMG
/scr/raf2/Raw_Data/VOCALS/20081001_193413_tf02.ads
mss:/RAF/2009/116/ADS/20081001_193413_tf02.ads
ssh -x bora msput_job -pe 32767 -pr 41113009 -wpwd RAFDMG
/scr/raf2/Raw_Data/VOCALS/20081003_183205_tf03.ads
mss:/RAF/2009/116/ADS/20081003_183205_tf03.ads
ssh -x bora msput_job -pe 32767 -pr 41113009 -wpwd RAFDMG
/scr/raf2/Raw_Data/VOCALS/20081006_154805_tf04.ads
mss:/RAF/2009/116/ADS/20081006_154805_tf04.ads
Run the commands as listed? yes == enter, no == anything else: 
#  msrcp job for ADS/20080924_142428_Sep24.ads -- OK -- Tue, 07 Oct
#  2008 12:02:09 local
#  msrcp job for ADS/20080929_194422_tf01.ads -- OK -- Tue, 07 Oct
#  2008 12:03:17 local
#  msrcp job for ADS/20081001_193413_tf02.ads -- OK -- Tue, 07 Oct
#  2008 12:04:39 local
#  msrcp job for ADS/20081003_183205_tf03.ads -- OK -- Tue, 07 Oct
#  2008 12:06:01 local
#  msrcp job for ADS/20081006_154805_tf04.ads -- OK -- Tue, 07 Oct
#  2008 12:08:08 local
#   Successful completion on Tue, 07 Oct 2008 12:08:08 local

Processing type LRT
Information for Project 2008-116 ProjName
---------------------------------------------
FY=2009
CY=2008
  Project Mgr(s):  Al Schanot
    Scientist(s):  
   Programmer(s):  Chris Webster
Production Proc.:  
MSS Project Directory Name:  
MSS Read Password:
---------------------------------------------------

#  1 Job(s) submitted on Fri, 31 Oct 2008 08:08:05 local
ssh -x bora msput_job -pe 32767 -pr 41113009 -wpwd RAFDMG  /scr/raf2/Prod_Data/VOCALS/VOCALSrf01.nc
mss:/ATD/DATA/2008/VOCALS/C130_N130AR/LRT/RF01.20081015.153107_201943.PNI.nc
Run the commands as listed? yes == enter, no == anything else: 
#  msrcp job for LRT/RF01.20081015.153107_201943.PNI.nc -- OK -- Fri, 31 Oct 2008 08:08:16 local
#   Successful completion on Fri, 31 Oct 2008 08:08:16 local

Processing type LRT
Information for Project 2008-116 ProjName
---------------------------------------------
FY=2009
CY=2008
  Project Mgr(s):  Al Schanot
    Scientist(s):  
   Programmer(s):  Chris Webster
Production Proc.:  
MSS Project Directory Name:  
MSS Read Password:
---------------------------------------------------
#  1 Job(s) submitted on Fri, 31 Oct 2008 08:08:16 local
ssh -x bora msput_job -pe 32767 -pr 41113009 -wpwd RAFDMG  /scr/raf2/Prod_Data/VOCALS/VOCALSrf03new.nc
mss:/ATD/DATA/2008/VOCALS/C130_N130AR/LRT/RF03.20081021.060000_142400.PNI.nc
Run the commands as listed? yes == enter, no == anything else: 
#  msrcp job for LRT/RF03.20081021.060000_142400.PNI.nc -- OK -- Fri, 31 Oct 2008 08:08:30 local
#   Successful completion on Fri, 31 Oct 2008 08:08:30 local

Processing type LRT
Information for Project 2008-116 ProjName
---------------------------------------------
FY=2009
CY=2008
  Project Mgr(s):  Al Schanot
    Scientist(s):  
   Programmer(s):  Chris Webster
Production Proc.:  
MSS Project Directory Name:  
MSS Read Password:
---------------------------------------------------
#  1 Job(s) submitted on Fri, 31 Oct 2008 08:08:30 local
ssh -x bora msput_job -pe 32767 -pr 41113009 -wpwd RAFDMG  /scr/raf2/Prod_Data/VOCALS/VOCALSrf05.nc
mss:/ATD/DATA/2008/VOCALS/C130_N130AR/LRT/RF05.20081025.062900_152500.PNI.nc
Run the commands as listed? yes == enter, no == anything else: 
#  msrcp job for LRT/RF05.20081025.062900_152500.PNI.nc -- OK -- Fri, 31 Oct 2008 08:09:07 local
#   Successful completion on Fri, 31 Oct 2008 08:09:07 local

Processing type LRT
Information for Project 2008-116 ProjName
---------------------------------------------
FY=2009
CY=2008
  Project Mgr(s):  Al Schanot
    Scientist(s):  
   Programmer(s):  Chris Webster
Production Proc.:  
MSS Project Directory Name:  
MSS Read Password:
---------------------------------------------------
#  1 Job(s) submitted on Fri, 31 Oct 2008 08:09:07 local
ssh -x bora msput_job -pe 32767 -pr 41113009 -wpwd RAFDMG  /scr/raf2/Prod_Data/VOCALS/VOCALSrf06.nc
mss:/ATD/DATA/2008/VOCALS/C130_N130AR/LRT/RF06.20081028.061800_151200.PNI.nc
Run the commands as listed? yes == enter, no == anything else: 
#  msrcp job for LRT/RF06.20081028.061800_151200.PNI.nc -- OK -- Fri, 31 Oct 2008 08:10:09 local
#   Successful completion on Fri, 31 Oct 2008 08:10:09 local
