Processing type LRT
Information for Project 2008-508 HEFT08/GISMOS (HAIS Experimental Flight Tests)/(GNSS Instrument
System for MultiStatic and Occultation Sensing)
----------------------------------------------
FY=2008
CY=2008
  Project Mgr(s):  Pavel Romashkin
    Scientist(s):  
   Programmer(s):  Chris Webster
Production Proc.:  
MSS Project Directory Name:  HEFT08
MSS Read Password:
-------------------------------------------------------------------------------
Digital camera file source directory:  /scr/raf2/Raw_Data/HEFT08/camera
-------------------------------------------------------------------------------
#  9 Job(s) submitted on Mon, 27 Oct 2008 14:31:06 local
ssh -x bora msput_job -pe 32767 -pr 41113009 -wpwd RAFDMG
/scr/raf2/Prod_Data/HEFT08/HEFT08rf01.nc
mss:/ATD/DATA/2008/HEFT08/GV_N677F/LRT/RF01.20080213.162230_222830.PNI.nc
ssh -x bora msput_job -pe 32767 -pr 41113009 -wpwd RAFDMG
/scr/raf2/Prod_Data/HEFT08/HEFT08rf02.nc
mss:/ATD/DATA/2008/HEFT08/GV_N677F/LRT/RF02.20080214.152030_233800.PNI.nc
ssh -x bora msput_job -pe 32767 -pr 41113009 -wpwd RAFDMG
/scr/raf2/Prod_Data/HEFT08/HEFT08rf03.nc
mss:/ATD/DATA/2008/HEFT08/GV_N677F/LRT/RF03.20080215.151130_213400.PNI.nc
ssh -x bora msput_job -pe 32767 -pr 41113009 -wpwd RAFDMG
/scr/raf2/Prod_Data/HEFT08/HEFT08rf04.nc
mss:/ATD/DATA/2008/HEFT08/GV_N677F/LRT/RF04.20080220.160630_223800.PNI.nc
ssh -x bora msput_job -pe 32767 -pr 41113009 -wpwd RAFDMG
/scr/raf2/Prod_Data/HEFT08/HEFT08rf05.nc
mss:/ATD/DATA/2008/HEFT08/GV_N677F/LRT/RF05.20080222.173030_015800.PNI.nc
ssh -x bora msput_job -pe 32767 -pr 41113009 -wpwd RAFDMG
/scr/raf2/Prod_Data/HEFT08/HEFT08rf06.nc
mss:/ATD/DATA/2008/HEFT08/GV_N677F/LRT/RF06.20080223.183400_031400.PNI.nc
ssh -x bora msput_job -pe 32767 -pr 41113009 -wpwd RAFDMG
/scr/raf2/Prod_Data/HEFT08/HEFT08tf01.nc
mss:/ATD/DATA/2008/HEFT08/GV_N677F/LRT/TF01.20080208.170830_191930.PNI.nc
ssh -x bora msput_job -pe 32767 -pr 41113009 -wpwd RAFDMG
/scr/raf2/Prod_Data/HEFT08/HEFT08tf02.nc
mss:/ATD/DATA/2008/HEFT08/GV_N677F/LRT/TF02.20080211.204700_230700.PNI.nc
ssh -x bora msput_job -pe 32767 -pr 41113009 -wpwd RAFDMG
/scr/raf2/Prod_Data/HEFT08/HEFT08tf03.nc
mss:/ATD/DATA/2008/HEFT08/GV_N677F/LRT/TF03.20080226.183700_212830.PNI.nc
Run the commands as listed? yes == enter, no == anything else: 
#  msrcp job for LRT/RF01.20080213.162230_222830.PNI.nc -- OK -- Mon, 27 Oct 2008 14:31:58 local
#  msrcp job for LRT/RF02.20080214.152030_233800.PNI.nc -- OK -- Mon, 27 Oct 2008 14:32:19 local
#  msrcp job for LRT/RF03.20080215.151130_213400.PNI.nc -- OK -- Mon, 27 Oct 2008 14:32:32 local
#  msrcp job for LRT/RF04.20080220.160630_223800.PNI.nc -- OK -- Mon, 27 Oct 2008 14:32:49 local
#  msrcp job for LRT/RF05.20080222.173030_015800.PNI.nc -- OK -- Mon, 27 Oct 2008 14:33:10 local
#  msrcp job for LRT/RF06.20080223.183400_031400.PNI.nc -- OK -- Mon, 27 Oct 2008 14:33:33 local
#  msrcp job for LRT/TF01.20080208.170830_191930.PNI.nc -- OK -- Mon, 27 Oct 2008 14:33:40 local
#  msrcp job for LRT/TF02.20080211.204700_230700.PNI.nc -- OK -- Mon, 27 Oct 2008 14:33:47 local
#  msrcp job for LRT/TF03.20080226.183700_212830.PNI.nc -- OK -- Mon, 27 Oct 2008 14:34:00 local
#   Successful completion on Mon, 27 Oct 2008 14:34:00 local

