Processing type ADS
Information for Project 2008-510 START08 (Stratosperic-Tropospheric
Analyses of Regional Transport)
---------------------------------------------
FY=2008
CY=2008
  Project Mgr(s):  Pavel Romashkin
    Scientist(s):
   Programmer(s):  Chris Webster
Production Proc.:  Pavel Romashkin
MSS Project Directory Name:  START08
MSS Read Password:  no
Digital camera file source directory:  /scr/raf2/Raw_Data/START08/camera
---------------------------------------------------
#  24 Job(s) submitted on Mon, 25 Aug 2008 13:48:44 local
ssh -x bora msput_job -pe 32767 -pr 41113009 -wpwd RAFDMG
/scr/raf2/Raw_Data/START08/20080409_151804_EMI.ads
mss:/RAF/2008/510/ADS/20080409_151804_EMI.ads
ssh -x bora msput_job -pe 32767 -pr 41113009 -wpwd RAFDMG
/scr/raf2/Raw_Data/START08/20080414_140634_tf01.ads
mss:/RAF/2008/510/ADS/20080414_140634_tf01.ads
ssh -x bora msput_job -pe 32767 -pr 41113009 -wpwd RAFDMG
/scr/raf2/Raw_Data/START08/20080414_174400_tf02.ads
mss:/RAF/2008/510/ADS/20080414_174400_tf02.ads
ssh -x bora msput_job -pe 32767 -pr 41113009 -wpwd RAFDMG
/scr/raf2/Raw_Data/START08/20080418_124633_rf01.ads
mss:/RAF/2008/510/ADS/20080418_124633_rf01.ads
ssh -x bora msput_job -pe 32767 -pr 41113009 -wpwd RAFDMG
/scr/raf2/Raw_Data/START08/20080420_145529_4-20-2008.ads
mss:/RAF/2008/510/ADS/20080420_145529_4-20-2008.ads
ssh -x bora msput_job -pe 32767 -pr 41113009 -wpwd RAFDMG
/scr/raf2/Raw_Data/START08/20080421_170225_rf02.ads
mss:/RAF/2008/510/ADS/20080421_170225_rf02.ads
ssh -x bora msput_job -pe 32767 -pr 41113009 -wpwd RAFDMG
/scr/raf2/Raw_Data/START08/20080424_131845_rf03.ads
mss:/RAF/2008/510/ADS/20080424_131845_rf03.ads
ssh -x bora msput_job -pe 32767 -pr 41113009 -wpwd RAFDMG
/scr/raf2/Raw_Data/START08/20080428_125247_rf04.ads
mss:/RAF/2008/510/ADS/20080428_125247_rf04.ads
ssh -x bora msput_job -pe 32767 -pr 41113009 -wpwd RAFDMG
/scr/raf2/Raw_Data/START08/20080430_132908_rf05.ads
mss:/RAF/2008/510/ADS/20080430_132908_rf05.ads
ssh -x bora msput_job -pe 32767 -pr 41113009 -wpwd RAFDMG
/scr/raf2/Raw_Data/START08/20080501_184948_rf06.ads
mss:/RAF/2008/510/ADS/20080501_184948_rf06.ads
ssh -x bora msput_job -pe 32767 -pr 41113009 -wpwd RAFDMG
/scr/raf2/Raw_Data/START08/20080503_183153_May3.ads
mss:/RAF/2008/510/ADS/20080503_183153_May3.ads
ssh -x bora msput_job -pe 32767 -pr 41113009 -wpwd RAFDMG
/scr/raf2/Raw_Data/START08/20080504_133742_rf07.ads
mss:/RAF/2008/510/ADS/20080504_133742_rf07.ads
ssh -x bora msput_job -pe 32767 -pr 41113009 -wpwd RAFDMG
/scr/raf2/Raw_Data/START08/20080506_123306_rf08.ads
mss:/RAF/2008/510/ADS/20080506_123306_rf08.ads
ssh -x bora msput_job -pe 32767 -pr 41113009 -wpwd RAFDMG
/scr/raf2/Raw_Data/START08/20080506_130326_rf08.ads
mss:/RAF/2008/510/ADS/20080506_130326_rf08.ads
ssh -x bora msput_job -pe 32767 -pr 41113009 -wpwd RAFDMG
/scr/raf2/Raw_Data/START08/20080509_123843_rf09.ads
mss:/RAF/2008/510/ADS/20080509_123843_rf09.ads
ssh -x bora msput_job -pe 32767 -pr 41113009 -wpwd RAFDMG
/scr/raf2/Raw_Data/START08/20080512_135335_rf10.ads
mss:/RAF/2008/510/ADS/20080512_135335_rf10.ads
ssh -x bora msput_job -pe 32767 -pr 41113009 -wpwd RAFDMG
/scr/raf2/Raw_Data/START08/20080514_144142_rf11.ads
mss:/RAF/2008/510/ADS/20080514_144142_rf11.ads
ssh -x bora msput_job -pe 32767 -pr 41113009 -wpwd RAFDMG
/scr/raf2/Raw_Data/START08/20080515_132914_rf12.ads
mss:/RAF/2008/510/ADS/20080515_132914_rf12.ads
ssh -x bora msput_job -pe 32767 -pr 41113009 -wpwd RAFDMG
/scr/raf2/Raw_Data/START08/20080616_135853_rf13.ads
mss:/RAF/2008/510/ADS/20080616_135853_rf13.ads
ssh -x bora msput_job -pe 32767 -pr 41113009 -wpwd RAFDMG
/scr/raf2/Raw_Data/START08/20080618_142327_rf14.ads
mss:/RAF/2008/510/ADS/20080618_142327_rf14.ads
ssh -x bora msput_job -pe 32767 -pr 41113009 -wpwd RAFDMG
/scr/raf2/Raw_Data/START08/20080623_135442_rf15.ads
mss:/RAF/2008/510/ADS/20080623_135442_rf15.ads
ssh -x bora msput_job -pe 32767 -pr 41113009 -wpwd RAFDMG
/scr/raf2/Raw_Data/START08/20080624_152144_rf16.ads
mss:/RAF/2008/510/ADS/20080624_152144_rf16.ads
ssh -x bora msput_job -pe 32767 -pr 41113009 -wpwd RAFDMG
/scr/raf2/Raw_Data/START08/20080626_140237_rf17.ads
mss:/RAF/2008/510/ADS/20080626_140237_rf17.ads
ssh -x bora msput_job -pe 32767 -pr 41113009 -wpwd RAFDMG
/scr/raf2/Raw_Data/START08/20080627_135618_rf18.ads
mss:/RAF/2008/510/ADS/20080627_135618_rf18.ads
Run the commands as listed? yes == enter, no == anything else:
#  msrcp job for ADS/20080409_151804_EMI.ads -- OK -- Mon, 25 Aug 2008
#  13:49:34 local
#  msrcp job for ADS/20080414_140634_tf01.ads -- OK -- Mon, 25 Aug 2008
#  13:50:03 local
#  msrcp job for ADS/20080414_174400_tf02.ads -- OK -- Mon, 25 Aug 2008
#  13:51:13 local
#  msrcp job for ADS/20080418_124633_rf01.ads -- OK -- Mon, 25 Aug 2008
#  13:53:02 local
#  msrcp job for ADS/20080420_145529_4-20-2008.ads -- OK -- Mon, 25 Aug
#  2008 13:53:27 local
#  msrcp job for ADS/20080421_170225_rf02.ads -- OK -- Mon, 25 Aug 2008
#  13:55:48 local
#  msrcp job for ADS/20080424_131845_rf03.ads -- OK -- Mon, 25 Aug 2008
#  13:58:17 local
#  msrcp job for ADS/20080428_125247_rf04.ads -- OK -- Mon, 25 Aug 2008
#  13:59:26 local
#  msrcp job for ADS/20080430_132908_rf05.ads -- OK -- Mon, 25 Aug 2008
#  14:00:24 local
#  msrcp job for ADS/20080501_184948_rf06.ads -- OK -- Mon, 25 Aug 2008
#  14:01:03 local
#  msrcp job for ADS/20080503_183153_May3.ads -- OK -- Mon, 25 Aug 2008
#  14:02:50 local
#  msrcp job for ADS/20080504_133742_rf07.ads -- OK -- Mon, 25 Aug 2008
#  14:07:51 local
#  msrcp job for ADS/20080506_123306_rf08.ads -- OK -- Mon, 25 Aug 2008
#  14:08:05 local
#  msrcp job for ADS/20080506_130326_rf08.ads -- OK -- Mon, 25 Aug 2008
#  14:09:01 local
#  msrcp job for ADS/20080509_123843_rf09.ads -- OK -- Mon, 25 Aug 2008
#  14:09:56 local
#  msrcp job for ADS/20080512_135335_rf10.ads -- OK -- Mon, 25 Aug 2008
#  14:10:57 local
#  msrcp job for ADS/20080514_144142_rf11.ads -- OK -- Mon, 25 Aug 2008
#  14:11:52 local
#  msrcp job for ADS/20080515_132914_rf12.ads -- OK -- Mon, 25 Aug 2008
#  14:12:36 local
#  msrcp job for ADS/20080616_135853_rf13.ads -- OK -- Mon, 25 Aug 2008
#  14:13:36 local
#  msrcp job for ADS/20080618_142327_rf14.ads -- OK -- Mon, 25 Aug 2008
#  14:15:05 local
#  msrcp job for ADS/20080623_135442_rf15.ads -- OK -- Mon, 25 Aug 2008
#  14:16:48 local
#  msrcp job for ADS/20080624_152144_rf16.ads -- OK -- Mon, 25 Aug 2008
#  14:17:49 local
#  msrcp job for ADS/20080626_140237_rf17.ads -- OK -- Mon, 25 Aug 2008
#  14:20:15 local
#  msrcp job for ADS/20080627_135618_rf18.ads -- OK -- Mon, 25 Aug 2008
#  14:22:22 local
#   Successful completion on Mon, 25 Aug 2008 14:22:22 local

