Processing type PMS2D
Information for Project 2008-510 START08 (Stratosperic-Tropospheric
Analyses of Regional Transport)
---------------------------------------------
FY=2008
CY=2008
  Project Mgr(s):  Pavel Romashkin
    Scientist(s):
   Programmer(s):  Chris Webster
Production Proc.:  Pavel Romashkin
MSS Project Directory Name:  START08
MSS Read Password:  no
Digital camera file source directory:  /scr/raf2/Raw_Data/START08/camera
---------------------------------------------------
#  24 Job(s) submitted on Mon, 25 Aug 2008 16:23:51 local
ssh -x bora msput_job -pe 32767 -pr 41113009 -wpwd RAFDMG
/scr/raf/Raw_Data/START08/PMS2D/20080409_151804_EMI.2d
mss:/ATD/DATA/2008/START08/GV_N677F/PMS2D/20080409_151804_EMI.2d
ssh -x bora msput_job -pe 32767 -pr 41113009 -wpwd RAFDMG
/scr/raf/Raw_Data/START08/PMS2D/20080414_140634_tf01.2d
mss:/ATD/DATA/2008/START08/GV_N677F/PMS2D/20080414_140634_tf01.2d
ssh -x bora msput_job -pe 32767 -pr 41113009 -wpwd RAFDMG
/scr/raf/Raw_Data/START08/PMS2D/20080414_174400_tf02.2d
mss:/ATD/DATA/2008/START08/GV_N677F/PMS2D/20080414_174400_tf02.2d
ssh -x bora msput_job -pe 32767 -pr 41113009 -wpwd RAFDMG
/scr/raf/Raw_Data/START08/PMS2D/20080418_124633_rf01.2d
mss:/ATD/DATA/2008/START08/GV_N677F/PMS2D/20080418_124633_rf01.2d
ssh -x bora msput_job -pe 32767 -pr 41113009 -wpwd RAFDMG
/scr/raf/Raw_Data/START08/PMS2D/20080420_145529_4-20-2008.2d
mss:/ATD/DATA/2008/START08/GV_N677F/PMS2D/20080420_145529_4-20-2008.2d
ssh -x bora msput_job -pe 32767 -pr 41113009 -wpwd RAFDMG
/scr/raf/Raw_Data/START08/PMS2D/20080421_170225_rf02.2d
mss:/ATD/DATA/2008/START08/GV_N677F/PMS2D/20080421_170225_rf02.2d
ssh -x bora msput_job -pe 32767 -pr 41113009 -wpwd RAFDMG
/scr/raf/Raw_Data/START08/PMS2D/20080424_131845_rf03.2d
mss:/ATD/DATA/2008/START08/GV_N677F/PMS2D/20080424_131845_rf03.2d
ssh -x bora msput_job -pe 32767 -pr 41113009 -wpwd RAFDMG
/scr/raf/Raw_Data/START08/PMS2D/20080428_125247_rf04.2d
mss:/ATD/DATA/2008/START08/GV_N677F/PMS2D/20080428_125247_rf04.2d
ssh -x bora msput_job -pe 32767 -pr 41113009 -wpwd RAFDMG
/scr/raf/Raw_Data/START08/PMS2D/20080430_132908_rf05.2d
mss:/ATD/DATA/2008/START08/GV_N677F/PMS2D/20080430_132908_rf05.2d
ssh -x bora msput_job -pe 32767 -pr 41113009 -wpwd RAFDMG
/scr/raf/Raw_Data/START08/PMS2D/20080501_184948_rf06.2d
mss:/ATD/DATA/2008/START08/GV_N677F/PMS2D/20080501_184948_rf06.2d
ssh -x bora msput_job -pe 32767 -pr 41113009 -wpwd RAFDMG
/scr/raf/Raw_Data/START08/PMS2D/20080503_183153_May3.2d
mss:/ATD/DATA/2008/START08/GV_N677F/PMS2D/20080503_183153_May3.2d
ssh -x bora msput_job -pe 32767 -pr 41113009 -wpwd RAFDMG
/scr/raf/Raw_Data/START08/PMS2D/20080504_133742_rf07.2d
mss:/ATD/DATA/2008/START08/GV_N677F/PMS2D/20080504_133742_rf07.2d
ssh -x bora msput_job -pe 32767 -pr 41113009 -wpwd RAFDMG
/scr/raf/Raw_Data/START08/PMS2D/20080506_123306_rf08.2d
mss:/ATD/DATA/2008/START08/GV_N677F/PMS2D/20080506_123306_rf08.2d
ssh -x bora msput_job -pe 32767 -pr 41113009 -wpwd RAFDMG
/scr/raf/Raw_Data/START08/PMS2D/20080506_130326_rf08.2d
mss:/ATD/DATA/2008/START08/GV_N677F/PMS2D/20080506_130326_rf08.2d
ssh -x bora msput_job -pe 32767 -pr 41113009 -wpwd RAFDMG
/scr/raf/Raw_Data/START08/PMS2D/20080509_123843_rf09.2d
mss:/ATD/DATA/2008/START08/GV_N677F/PMS2D/20080509_123843_rf09.2d
ssh -x bora msput_job -pe 32767 -pr 41113009 -wpwd RAFDMG
/scr/raf/Raw_Data/START08/PMS2D/20080512_135335_rf10.2d
mss:/ATD/DATA/2008/START08/GV_N677F/PMS2D/20080512_135335_rf10.2d
ssh -x bora msput_job -pe 32767 -pr 41113009 -wpwd RAFDMG
/scr/raf/Raw_Data/START08/PMS2D/20080514_144142_rf11.2d
mss:/ATD/DATA/2008/START08/GV_N677F/PMS2D/20080514_144142_rf11.2d
ssh -x bora msput_job -pe 32767 -pr 41113009 -wpwd RAFDMG
/scr/raf/Raw_Data/START08/PMS2D/20080515_132914_rf12.2d
mss:/ATD/DATA/2008/START08/GV_N677F/PMS2D/20080515_132914_rf12.2d
ssh -x bora msput_job -pe 32767 -pr 41113009 -wpwd RAFDMG
/scr/raf/Raw_Data/START08/PMS2D/20080616_135853_rf13.2d
mss:/ATD/DATA/2008/START08/GV_N677F/PMS2D/20080616_135853_rf13.2d
ssh -x bora msput_job -pe 32767 -pr 41113009 -wpwd RAFDMG
/scr/raf/Raw_Data/START08/PMS2D/20080618_142327_rf14.2d
mss:/ATD/DATA/2008/START08/GV_N677F/PMS2D/20080618_142327_rf14.2d
ssh -x bora msput_job -pe 32767 -pr 41113009 -wpwd RAFDMG
/scr/raf/Raw_Data/START08/PMS2D/20080623_135442_rf15.2d
mss:/ATD/DATA/2008/START08/GV_N677F/PMS2D/20080623_135442_rf15.2d
ssh -x bora msput_job -pe 32767 -pr 41113009 -wpwd RAFDMG
/scr/raf/Raw_Data/START08/PMS2D/20080624_152144_rf16.2d
mss:/ATD/DATA/2008/START08/GV_N677F/PMS2D/20080624_152144_rf16.2d
ssh -x bora msput_job -pe 32767 -pr 41113009 -wpwd RAFDMG
/scr/raf/Raw_Data/START08/PMS2D/20080626_140237_rf17.2d
mss:/ATD/DATA/2008/START08/GV_N677F/PMS2D/20080626_140237_rf17.2d
ssh -x bora msput_job -pe 32767 -pr 41113009 -wpwd RAFDMG
/scr/raf/Raw_Data/START08/PMS2D/20080627_135618_rf18.2d
mss:/ATD/DATA/2008/START08/GV_N677F/PMS2D/20080627_135618_rf18.2d
Run the commands as listed? yes == enter, no == anything else:
#  msrcp job for PMS2D/20080409_151804_EMI.2d -- OK -- Mon, 25 Aug 2008
#  16:24:34 local
#  msrcp job for PMS2D/20080414_140634_tf01.2d -- OK -- Mon, 25 Aug 2008
#  16:25:12 local
#  msrcp job for PMS2D/20080414_174400_tf02.2d -- OK -- Mon, 25 Aug 2008
#  16:25:17 local
#  msrcp job for PMS2D/20080418_124633_rf01.2d -- OK -- Mon, 25 Aug 2008
#  16:25:22 local
#  msrcp job for PMS2D/20080420_145529_4-20-2008.2d -- OK -- Mon, 25 Aug
#  2008 16:25:26 local
#  msrcp job for PMS2D/20080421_170225_rf02.2d -- OK -- Mon, 25 Aug 2008
#  16:25:33 local
#  msrcp job for PMS2D/20080424_131845_rf03.2d -- OK -- Mon, 25 Aug 2008
#  16:25:39 local
#  msrcp job for PMS2D/20080428_125247_rf04.2d -- OK -- Mon, 25 Aug 2008
#  16:25:47 local
#  msrcp job for PMS2D/20080430_132908_rf05.2d -- OK -- Mon, 25 Aug 2008
#  16:25:53 local
#  msrcp job for PMS2D/20080501_184948_rf06.2d -- OK -- Mon, 25 Aug 2008
#  16:26:01 local
[27376@b571fb90] ERROR: FuncRouter::Request caught: Caught
N9Exception5ErrnoE thrown from thread.cc line 792 pthread_join: No such
process
/scr/raf/Raw_Data/START08/PMS2D/20080503_183153_May3.2d :
/ATD/DATA/2008/START08/GV_N677F/PMS2D/20080503_183153_May3.2d No space left
on device
[27376@b758cb90] ERROR: Threads::Join Job::Manager(b758cb90) not parent of
Stream::ReaderThread(b4d1eb90) [parent b571fb90]
terminate called after throwing an instance of 'Exception::Errno'
  what():  pthread_mutex_lock
Abort
#  msrcp job for PMS2D/20080503_183153_May3.2d -- Failed -- Mon, 25 Aug
#  2008 16:26:27 local
#                PMS2D/20080503_183153_May3.2d: error code 256
#  msrcp job for PMS2D/20080504_133742_rf07.2d -- OK -- Mon, 25 Aug 2008
#  16:26:33 local
#  msrcp job for PMS2D/20080506_123306_rf08.2d -- OK -- Mon, 25 Aug 2008
#  16:26:38 local
#  msrcp job for PMS2D/20080506_130326_rf08.2d -- OK -- Mon, 25 Aug 2008
#  16:26:46 local
#  msrcp job for PMS2D/20080509_123843_rf09.2d -- OK -- Mon, 25 Aug 2008
#  16:26:51 local
#  msrcp job for PMS2D/20080512_135335_rf10.2d -- OK -- Mon, 25 Aug 2008
#  16:26:59 local
#  msrcp job for PMS2D/20080514_144142_rf11.2d -- OK -- Mon, 25 Aug 2008
#  16:27:07 local
#  msrcp job for PMS2D/20080515_132914_rf12.2d -- OK -- Mon, 25 Aug 2008
#  16:27:13 local
#  msrcp job for PMS2D/20080616_135853_rf13.2d -- OK -- Mon, 25 Aug 2008
#  16:27:17 local
#  msrcp job for PMS2D/20080618_142327_rf14.2d -- OK -- Mon, 25 Aug 2008
#  16:28:36 local
#  msrcp job for PMS2D/20080623_135442_rf15.2d -- OK -- Mon, 25 Aug 2008
#  16:28:40 local
#  msrcp job for PMS2D/20080624_152144_rf16.2d -- OK -- Mon, 25 Aug 2008
#  16:28:53 local
#  msrcp job for PMS2D/20080626_140237_rf17.2d -- OK -- Mon, 25 Aug 2008
#  16:32:15 local
#  msrcp job for PMS2D/20080627_135618_rf18.2d -- OK -- Mon, 25 Aug 2008
#  16:32:23 local
#   Successful completion on Mon, 25 Aug 2008 16:32:23 local

Processing type PMS2D
Information for Project 2008-510 START08 (Stratosperic-Tropospheric
Analyses of Regional Transport)
---------------------------------------------
FY=2008
CY=2008
  Project Mgr(s):  Pavel Romashkin
    Scientist(s):
   Programmer(s):  Chris Webster
Production Proc.:  Pavel Romashkin
MSS Project Directory Name:  START08
MSS Read Password:  no
Digital camera file source directory:  /scr/raf2/Raw_Data/START08/camera
---------------------------------------------------
#  1 Job(s) submitted on Mon, 25 Aug 2008 17:08:49 local
ssh -x bora msput_job -pe 32767 -pr 41113009 -wpwd RAFDMG
/scr/raf/Raw_Data/START08/PMS2D/20080503_183153_May3.2d.gz
mss:/ATD/DATA/2008/START08/GV_N677F/PMS2D/20080503_183153_May3.2d.gz
Run the commands as listed? yes == enter, no == anything else:
#  msrcp job for PMS2D/20080503_183153_May3.2d.gz -- OK -- Mon, 25 Aug 2008
#  17:09:56 local
#   Successful completion on Mon, 25 Aug 2008 17:09:56 local

