Processing type LRT
Information for Project 2008-510 START08 (Stratosperic-Tropospheric Analyses of Regional Transport)
---------------------------------------------
FY=2008
CY=2008
  Project Mgr(s):  Pavel Romashkin
    Scientist(s):  
   Programmer(s):  Chris Webster
Production Proc.:  Pavel Romashkin
MSS Project Directory Name:  START08
MSS Read Password:  no
Digital camera file source directory:  /scr/raf2/Raw_Data/START08/camera
---------------------------------------------------
#  18 Job(s) submitted on Fri, 05 Jun 2009 14:03:58 local
ssh -x bora msput_job -pe 32767 -pr 41113009 -wpwd RAFDMG  /scr/raf2/Prod_Data/START08/START08rf01.nc
mss:/ATD/DATA/2008/START08/GV_N677F/LRT/RF01.20080418.145800_220400.PNI.nc
ssh -x bora msput_job -pe 32767 -pr 41113009 -wpwd RAFDMG  /scr/raf2/Prod_Data/START08/START08rf02.nc
mss:/ATD/DATA/2008/START08/GV_N677F/LRT/RF02.20080421.175330_015430.PNI.nc
ssh -x bora msput_job -pe 32767 -pr 41113009 -wpwd RAFDMG  /scr/raf2/Prod_Data/START08/START08rf03.nc
mss:/ATD/DATA/2008/START08/GV_N677F/LRT/RF03.20080424.145630_223100.PNI.nc
ssh -x bora msput_job -pe 32767 -pr 41113009 -wpwd RAFDMG  /scr/raf2/Prod_Data/START08/START08rf04.nc
mss:/ATD/DATA/2008/START08/GV_N677F/LRT/RF04.20080428.152000_221700.PNI.nc
ssh -x bora msput_job -pe 32767 -pr 41113009 -wpwd RAFDMG  /scr/raf2/Prod_Data/START08/START08rf05.nc
mss:/ATD/DATA/2008/START08/GV_N677F/LRT/RF05.20080430.155600_210400.PNI.nc
ssh -x bora msput_job -pe 32767 -pr 41113009 -wpwd RAFDMG  /scr/raf2/Prod_Data/START08/START08rf06.nc
mss:/ATD/DATA/2008/START08/GV_N677F/LRT/RF06.20080501.195130_001030.PNI.nc
ssh -x bora msput_job -pe 32767 -pr 41113009 -wpwd RAFDMG  /scr/raf2/Prod_Data/START08/START08rf07.nc
mss:/ATD/DATA/2008/START08/GV_N677F/LRT/RF07.20080504.160400_213600.PNI.nc
ssh -x bora msput_job -pe 32767 -pr 41113009 -wpwd RAFDMG  /scr/raf2/Prod_Data/START08/START08rf08.nc
mss:/ATD/DATA/2008/START08/GV_N677F/LRT/RF08.20080506.145530_213200.PNI.nc
ssh -x bora msput_job -pe 32767 -pr 41113009 -wpwd RAFDMG  /scr/raf2/Prod_Data/START08/START08rf09.nc
mss:/ATD/DATA/2008/START08/GV_N677F/LRT/RF09.20080509.145300_220500.PNI.nc
ssh -x bora msput_job -pe 32767 -pr 41113009 -wpwd RAFDMG  /scr/raf2/Prod_Data/START08/START08rf10.nc
mss:/ATD/DATA/2008/START08/GV_N677F/LRT/RF10.20080512.160230_000430.PNI.nc
ssh -x bora msput_job -pe 32767 -pr 41113009 -wpwd RAFDMG  /scr/raf2/Prod_Data/START08/START08rf11.nc
mss:/ATD/DATA/2008/START08/GV_N677F/LRT/RF11.20080514.170530_231944.PNI.nc
ssh -x bora msput_job -pe 32767 -pr 41113009 -wpwd RAFDMG  /scr/raf2/Prod_Data/START08/START08rf12.nc
mss:/ATD/DATA/2008/START08/GV_N677F/LRT/RF12.20080515.155830_203530.PNI.nc
ssh -x bora msput_job -pe 32767 -pr 41113009 -wpwd RAFDMG  /scr/raf2/Prod_Data/START08/START08rf13.nc
mss:/ATD/DATA/2008/START08/GV_N677F/LRT/RF13.20080616.165130_000330.PNI.nc
ssh -x bora msput_job -pe 32767 -pr 41113009 -wpwd RAFDMG  /scr/raf2/Prod_Data/START08/START08rf14.nc
mss:/ATD/DATA/2008/START08/GV_N677F/LRT/RF14.20080618.170400_001000.PNI.nc
ssh -x bora msput_job -pe 32767 -pr 41113009 -wpwd RAFDMG  /scr/raf2/Prod_Data/START08/START08rf15.nc
mss:/ATD/DATA/2008/START08/GV_N677F/LRT/RF15.20080623.151800_223030.PNI.nc
ssh -x bora msput_job -pe 32767 -pr 41113009 -wpwd RAFDMG  /scr/raf2/Prod_Data/START08/START08rf16.nc
mss:/ATD/DATA/2008/START08/GV_N677F/LRT/RF16.20080624.164300_000800.PNI.nc
ssh -x bora msput_job -pe 32767 -pr 41113009 -wpwd RAFDMG  /scr/raf2/Prod_Data/START08/START08rf17.nc
mss:/ATD/DATA/2008/START08/GV_N677F/LRT/RF17.20080626.164830_005200.PNI.nc
ssh -x bora msput_job -pe 32767 -pr 41113009 -wpwd RAFDMG  /scr/raf2/Prod_Data/START08/START08rf18.nc
mss:/ATD/DATA/2008/START08/GV_N677F/LRT/RF18.20080627.163330_232630.PNI.nc
Run the commands as listed? yes == enter, no == anything else: #  msrcp job for
LRT/RF01.20080418.145800_220400.PNI.nc -- OK -- Fri, 05 Jun 2009 14:04:05 local
#  msrcp job for LRT/RF02.20080421.175330_015430.PNI.nc -- OK -- Fri, 05 Jun 2009 14:04:10 local
#  msrcp job for LRT/RF03.20080424.145630_223100.PNI.nc -- OK -- Fri, 05 Jun 2009 14:04:17 local
#  msrcp job for LRT/RF04.20080428.152000_221700.PNI.nc -- OK -- Fri, 05 Jun 2009 14:04:27 local
#  msrcp job for LRT/RF05.20080430.155600_210400.PNI.nc -- OK -- Fri, 05 Jun 2009 14:04:41 local
#  msrcp job for LRT/RF06.20080501.195130_001030.PNI.nc -- OK -- Fri, 05 Jun 2009 14:04:46 local
#  msrcp job for LRT/RF07.20080504.160400_213600.PNI.nc -- OK -- Fri, 05 Jun 2009 14:04:57 local
#  msrcp job for LRT/RF08.20080506.145530_213200.PNI.nc -- OK -- Fri, 05 Jun 2009 14:05:02 local
#  msrcp job for LRT/RF09.20080509.145300_220500.PNI.nc -- OK -- Fri, 05 Jun 2009 14:05:08 local
#  msrcp job for LRT/RF10.20080512.160230_000430.PNI.nc -- OK -- Fri, 05 Jun 2009 14:05:24 local
#  msrcp job for LRT/RF11.20080514.170530_231944.PNI.nc -- OK -- Fri, 05 Jun 2009 14:05:29 local
#  msrcp job for LRT/RF12.20080515.155830_203530.PNI.nc -- OK -- Fri, 05 Jun 2009 14:05:33 local
#  msrcp job for LRT/RF13.20080616.165130_000330.PNI.nc -- OK -- Fri, 05 Jun 2009 14:05:40 local
#  msrcp job for LRT/RF14.20080618.170400_001000.PNI.nc -- OK -- Fri, 05 Jun 2009 14:05:45 local
#  msrcp job for LRT/RF15.20080623.151800_223030.PNI.nc -- OK -- Fri, 05 Jun 2009 14:05:50 local
#  msrcp job for LRT/RF16.20080624.164300_000800.PNI.nc -- OK -- Fri, 05 Jun 2009 14:05:56 local
#  msrcp job for LRT/RF17.20080626.164830_005200.PNI.nc -- OK -- Fri, 05 Jun 2009 14:06:03 local
#  msrcp job for LRT/RF18.20080627.163330_232630.PNI.nc -- OK -- Fri, 05 Jun 2009 14:06:20 local
#   Successful completion on Fri, 05 Jun 2009 14:06:20 local
