 ./archive_camera started Tue Aug 26 11:03:09 MDT 2008
 archcam.510:  This is a production run.
  Tar files from RF01 WILL be archived to the CISL Mass Store System (MSS).
./archive_camera
#   Completed on Tue Aug 26 12:05:45 MDT 2008
#   Total number of files: 25503
#   9 tar files archived to MSS

./archive_camera started Tue Aug 26 12:35:08 MDT 2008
 archcam.510:  This is a production run.
  Tar files from RF02 WILL be archived to the CISL Mass Store System (MSS).
#   Completed on Tue Aug 26 13:11:54 MDT 2008
#   Total number of files: 28847
#   9 tar files archived to MSS
 archcam.510:  This is a production run.
  Tar files from RF03 WILL be archived to the CISL Mass Store System (MSS).
#   Completed on Tue Aug 26 14:02:16 MDT 2008
#   Total number of files: 27258
#   9 tar files archived to MSS
 archcam.510:  This is a production run.
  Tar files from RF04 WILL be archived to the CISL Mass Store System (MSS).
#   Completed on Tue Aug 26 14:37:15 MDT 2008
#   Total number of files: 24971
#   8 tar files archived to MSS
 archcam.510:  This is a production run.
  Tar files from RF05 WILL be archived to the CISL Mass Store System (MSS).
#   Completed on Tue Aug 26 14:57:05 MDT 2008
#   Total number of files: 18438
#   7 tar files archived to MSS
 archcam.510:  This is a production run.
  Tar files from RF06 WILL be archived to the CISL Mass Store System (MSS).
#   Completed on Tue Aug 26 15:12:39 MDT 2008
#   Total number of files: 15483
#   6 tar files archived to MSS

