set user = `whoami`
whoami
if ( dmg != dmg ) then
set PROJ = `pwd |  sed -e "s/\(.*\)\([A-Z]\{6\}\)\/\(.*\)/\2/g"`
pwd
sed -e s/\(.*\)\([A-Z]\{6\}\)\/\(.*\)/\2/g
set result = 0
if ( 0 != 0 ) then
set YEAR = `grep FY ../proj.info | sed -e "s/FY=//"`
grep FY ../proj.info
sed -e s/FY=//
set PLATFORM = GV_N677F
set TYPE = PMS2D
if ( 0 ) then
set msrcpMachine = bora
endif
set RPWD = 
set SDIR = /scr/raf2/Raw_Data/PACDEX/PMS2D
set SFILES = ( RF01.20070429.144224.2d RF02.20070430.170312.2d RF03.20070502.014513.2d RF04.20070503.034619.2d RF05.20070505.162455.2d RF06.20070506.162351.2d RF07.20070513.132828.2d RF08.20070514.180915.2d RF09.20070515.175925.2d RF10.20070516.234341.2d RF11.20070519.215930.2d RF12.20070521.234355.2d RF13.20070523.014308.2d RF14.20070524.173553.2d )
set DFILES = ( RF01.20070429.144224.RP2.bi RF02.20070430.170312.RP2.bi RF03.20070502.014513.RP2.bi RF04.20070503.034619.RP2.bi RF05.20070505.162455.RP2.bi RF06.20070506.162351.RP2.bi RF07.20070513.132828.RP2.bi RF08.20070514.180915.RP2.bi RF09.20070515.175925.RP2.bi RF10.20070516.234341.RP2.bi RF11.20070519.215930.RP2.bi RF12.20070521.234355.RP2.bi RF13.20070523.014308.RP2.bi RF14.20070524.173553.RP2.bi )
echo #  14 Job(s) submitted on `date`
date
#  14 Job(s) submitted on Tue Apr 29 14:14:46 MDT 2008
if ( 14 != 14 ) then
set DPATH = /ATD/DATA/2007/PACDEX/GV_N677F
set todo = 14
set num = 1
while ( 1 < = 14 )
set SFILE = RF01.20070429.144224.2d
set DFILE = RF01.20070429.144224.RP2.bi
echo msmv -wpwd RAFDMG /ATD/DATA/2007/PACDEX/GV_N677F/PMS2D/RF01.20070429.144224.2d /ATD/DATA/2007/PACDEX/GV_N677F/PMS2D/RF01.20070429.144224.RP2.bi
msmv -wpwd RAFDMG /ATD/DATA/2007/PACDEX/GV_N677F/PMS2D/RF01.20070429.144224.2d /ATD/DATA/2007/PACDEX/GV_N677F/PMS2D/RF01.20070429.144224.RP2.bi
set result = 0
if ( 0 == 0 ) then
echo #  msmv job for PMS2D/RF01.20070429.144224.RP2.bi -- OK -- `date`
date
#  msmv job for PMS2D/RF01.20070429.144224.RP2.bi -- OK -- Tue Apr 29 14:14:47 MDT 2008
endif
@ num ++
end
while ( 2 < = 14 )
set SFILE = RF02.20070430.170312.2d
set DFILE = RF02.20070430.170312.RP2.bi
echo msmv -wpwd RAFDMG /ATD/DATA/2007/PACDEX/GV_N677F/PMS2D/RF02.20070430.170312.2d /ATD/DATA/2007/PACDEX/GV_N677F/PMS2D/RF02.20070430.170312.RP2.bi
msmv -wpwd RAFDMG /ATD/DATA/2007/PACDEX/GV_N677F/PMS2D/RF02.20070430.170312.2d /ATD/DATA/2007/PACDEX/GV_N677F/PMS2D/RF02.20070430.170312.RP2.bi
set result = 0
if ( 0 == 0 ) then
echo #  msmv job for PMS2D/RF02.20070430.170312.RP2.bi -- OK -- `date`
date
#  msmv job for PMS2D/RF02.20070430.170312.RP2.bi -- OK -- Tue Apr 29 14:14:47 MDT 2008
endif
@ num ++
end
while ( 3 < = 14 )
set SFILE = RF03.20070502.014513.2d
set DFILE = RF03.20070502.014513.RP2.bi
echo msmv -wpwd RAFDMG /ATD/DATA/2007/PACDEX/GV_N677F/PMS2D/RF03.20070502.014513.2d /ATD/DATA/2007/PACDEX/GV_N677F/PMS2D/RF03.20070502.014513.RP2.bi
msmv -wpwd RAFDMG /ATD/DATA/2007/PACDEX/GV_N677F/PMS2D/RF03.20070502.014513.2d /ATD/DATA/2007/PACDEX/GV_N677F/PMS2D/RF03.20070502.014513.RP2.bi
set result = 0
if ( 0 == 0 ) then
echo #  msmv job for PMS2D/RF03.20070502.014513.RP2.bi -- OK -- `date`
date
#  msmv job for PMS2D/RF03.20070502.014513.RP2.bi -- OK -- Tue Apr 29 14:14:47 MDT 2008
endif
@ num ++
end
while ( 4 < = 14 )
set SFILE = RF04.20070503.034619.2d
set DFILE = RF04.20070503.034619.RP2.bi
echo msmv -wpwd RAFDMG /ATD/DATA/2007/PACDEX/GV_N677F/PMS2D/RF04.20070503.034619.2d /ATD/DATA/2007/PACDEX/GV_N677F/PMS2D/RF04.20070503.034619.RP2.bi
msmv -wpwd RAFDMG /ATD/DATA/2007/PACDEX/GV_N677F/PMS2D/RF04.20070503.034619.2d /ATD/DATA/2007/PACDEX/GV_N677F/PMS2D/RF04.20070503.034619.RP2.bi
set result = 0
if ( 0 == 0 ) then
echo #  msmv job for PMS2D/RF04.20070503.034619.RP2.bi -- OK -- `date`
date
#  msmv job for PMS2D/RF04.20070503.034619.RP2.bi -- OK -- Tue Apr 29 14:14:47 MDT 2008
endif
@ num ++
end
while ( 5 < = 14 )
set SFILE = RF05.20070505.162455.2d
set DFILE = RF05.20070505.162455.RP2.bi
echo msmv -wpwd RAFDMG /ATD/DATA/2007/PACDEX/GV_N677F/PMS2D/RF05.20070505.162455.2d /ATD/DATA/2007/PACDEX/GV_N677F/PMS2D/RF05.20070505.162455.RP2.bi
msmv -wpwd RAFDMG /ATD/DATA/2007/PACDEX/GV_N677F/PMS2D/RF05.20070505.162455.2d /ATD/DATA/2007/PACDEX/GV_N677F/PMS2D/RF05.20070505.162455.RP2.bi
set result = 0
if ( 0 == 0 ) then
echo #  msmv job for PMS2D/RF05.20070505.162455.RP2.bi -- OK -- `date`
date
#  msmv job for PMS2D/RF05.20070505.162455.RP2.bi -- OK -- Tue Apr 29 14:14:47 MDT 2008
endif
@ num ++
end
while ( 6 < = 14 )
set SFILE = RF06.20070506.162351.2d
set DFILE = RF06.20070506.162351.RP2.bi
echo msmv -wpwd RAFDMG /ATD/DATA/2007/PACDEX/GV_N677F/PMS2D/RF06.20070506.162351.2d /ATD/DATA/2007/PACDEX/GV_N677F/PMS2D/RF06.20070506.162351.RP2.bi
msmv -wpwd RAFDMG /ATD/DATA/2007/PACDEX/GV_N677F/PMS2D/RF06.20070506.162351.2d /ATD/DATA/2007/PACDEX/GV_N677F/PMS2D/RF06.20070506.162351.RP2.bi
set result = 0
if ( 0 == 0 ) then
echo #  msmv job for PMS2D/RF06.20070506.162351.RP2.bi -- OK -- `date`
date
#  msmv job for PMS2D/RF06.20070506.162351.RP2.bi -- OK -- Tue Apr 29 14:14:48 MDT 2008
endif
@ num ++
end
while ( 7 < = 14 )
set SFILE = RF07.20070513.132828.2d
set DFILE = RF07.20070513.132828.RP2.bi
echo msmv -wpwd RAFDMG /ATD/DATA/2007/PACDEX/GV_N677F/PMS2D/RF07.20070513.132828.2d /ATD/DATA/2007/PACDEX/GV_N677F/PMS2D/RF07.20070513.132828.RP2.bi
msmv -wpwd RAFDMG /ATD/DATA/2007/PACDEX/GV_N677F/PMS2D/RF07.20070513.132828.2d /ATD/DATA/2007/PACDEX/GV_N677F/PMS2D/RF07.20070513.132828.RP2.bi
set result = 0
if ( 0 == 0 ) then
echo #  msmv job for PMS2D/RF07.20070513.132828.RP2.bi -- OK -- `date`
date
#  msmv job for PMS2D/RF07.20070513.132828.RP2.bi -- OK -- Tue Apr 29 14:14:48 MDT 2008
endif
@ num ++
end
while ( 8 < = 14 )
set SFILE = RF08.20070514.180915.2d
set DFILE = RF08.20070514.180915.RP2.bi
echo msmv -wpwd RAFDMG /ATD/DATA/2007/PACDEX/GV_N677F/PMS2D/RF08.20070514.180915.2d /ATD/DATA/2007/PACDEX/GV_N677F/PMS2D/RF08.20070514.180915.RP2.bi
msmv -wpwd RAFDMG /ATD/DATA/2007/PACDEX/GV_N677F/PMS2D/RF08.20070514.180915.2d /ATD/DATA/2007/PACDEX/GV_N677F/PMS2D/RF08.20070514.180915.RP2.bi
set result = 0
if ( 0 == 0 ) then
echo #  msmv job for PMS2D/RF08.20070514.180915.RP2.bi -- OK -- `date`
date
#  msmv job for PMS2D/RF08.20070514.180915.RP2.bi -- OK -- Tue Apr 29 14:14:48 MDT 2008
endif
@ num ++
end
while ( 9 < = 14 )
set SFILE = RF09.20070515.175925.2d
set DFILE = RF09.20070515.175925.RP2.bi
echo msmv -wpwd RAFDMG /ATD/DATA/2007/PACDEX/GV_N677F/PMS2D/RF09.20070515.175925.2d /ATD/DATA/2007/PACDEX/GV_N677F/PMS2D/RF09.20070515.175925.RP2.bi
msmv -wpwd RAFDMG /ATD/DATA/2007/PACDEX/GV_N677F/PMS2D/RF09.20070515.175925.2d /ATD/DATA/2007/PACDEX/GV_N677F/PMS2D/RF09.20070515.175925.RP2.bi
set result = 0
if ( 0 == 0 ) then
echo #  msmv job for PMS2D/RF09.20070515.175925.RP2.bi -- OK -- `date`
date
#  msmv job for PMS2D/RF09.20070515.175925.RP2.bi -- OK -- Tue Apr 29 14:14:48 MDT 2008
endif
@ num ++
end
while ( 10 < = 14 )
set SFILE = RF10.20070516.234341.2d
set DFILE = RF10.20070516.234341.RP2.bi
echo msmv -wpwd RAFDMG /ATD/DATA/2007/PACDEX/GV_N677F/PMS2D/RF10.20070516.234341.2d /ATD/DATA/2007/PACDEX/GV_N677F/PMS2D/RF10.20070516.234341.RP2.bi
msmv -wpwd RAFDMG /ATD/DATA/2007/PACDEX/GV_N677F/PMS2D/RF10.20070516.234341.2d /ATD/DATA/2007/PACDEX/GV_N677F/PMS2D/RF10.20070516.234341.RP2.bi
set result = 0
if ( 0 == 0 ) then
echo #  msmv job for PMS2D/RF10.20070516.234341.RP2.bi -- OK -- `date`
date
#  msmv job for PMS2D/RF10.20070516.234341.RP2.bi -- OK -- Tue Apr 29 14:14:49 MDT 2008
endif
@ num ++
end
while ( 11 < = 14 )
set SFILE = RF11.20070519.215930.2d
set DFILE = RF11.20070519.215930.RP2.bi
echo msmv -wpwd RAFDMG /ATD/DATA/2007/PACDEX/GV_N677F/PMS2D/RF11.20070519.215930.2d /ATD/DATA/2007/PACDEX/GV_N677F/PMS2D/RF11.20070519.215930.RP2.bi
msmv -wpwd RAFDMG /ATD/DATA/2007/PACDEX/GV_N677F/PMS2D/RF11.20070519.215930.2d /ATD/DATA/2007/PACDEX/GV_N677F/PMS2D/RF11.20070519.215930.RP2.bi
set result = 0
if ( 0 == 0 ) then
echo #  msmv job for PMS2D/RF11.20070519.215930.RP2.bi -- OK -- `date`
date
#  msmv job for PMS2D/RF11.20070519.215930.RP2.bi -- OK -- Tue Apr 29 14:14:49 MDT 2008
endif
@ num ++
end
while ( 12 < = 14 )
set SFILE = RF12.20070521.234355.2d
set DFILE = RF12.20070521.234355.RP2.bi
echo msmv -wpwd RAFDMG /ATD/DATA/2007/PACDEX/GV_N677F/PMS2D/RF12.20070521.234355.2d /ATD/DATA/2007/PACDEX/GV_N677F/PMS2D/RF12.20070521.234355.RP2.bi
msmv -wpwd RAFDMG /ATD/DATA/2007/PACDEX/GV_N677F/PMS2D/RF12.20070521.234355.2d /ATD/DATA/2007/PACDEX/GV_N677F/PMS2D/RF12.20070521.234355.RP2.bi
set result = 0
if ( 0 == 0 ) then
echo #  msmv job for PMS2D/RF12.20070521.234355.RP2.bi -- OK -- `date`
date
#  msmv job for PMS2D/RF12.20070521.234355.RP2.bi -- OK -- Tue Apr 29 14:14:49 MDT 2008
endif
@ num ++
end
while ( 13 < = 14 )
set SFILE = RF13.20070523.014308.2d
set DFILE = RF13.20070523.014308.RP2.bi
echo msmv -wpwd RAFDMG /ATD/DATA/2007/PACDEX/GV_N677F/PMS2D/RF13.20070523.014308.2d /ATD/DATA/2007/PACDEX/GV_N677F/PMS2D/RF13.20070523.014308.RP2.bi
msmv -wpwd RAFDMG /ATD/DATA/2007/PACDEX/GV_N677F/PMS2D/RF13.20070523.014308.2d /ATD/DATA/2007/PACDEX/GV_N677F/PMS2D/RF13.20070523.014308.RP2.bi
set result = 0
if ( 0 == 0 ) then
echo #  msmv job for PMS2D/RF13.20070523.014308.RP2.bi -- OK -- `date`
date
#  msmv job for PMS2D/RF13.20070523.014308.RP2.bi -- OK -- Tue Apr 29 14:14:49 MDT 2008
endif
@ num ++
end
while ( 14 < = 14 )
set SFILE = RF14.20070524.173553.2d
set DFILE = RF14.20070524.173553.RP2.bi
echo msmv -wpwd RAFDMG /ATD/DATA/2007/PACDEX/GV_N677F/PMS2D/RF14.20070524.173553.2d /ATD/DATA/2007/PACDEX/GV_N677F/PMS2D/RF14.20070524.173553.RP2.bi
msmv -wpwd RAFDMG /ATD/DATA/2007/PACDEX/GV_N677F/PMS2D/RF14.20070524.173553.2d /ATD/DATA/2007/PACDEX/GV_N677F/PMS2D/RF14.20070524.173553.RP2.bi
set result = 0
if ( 0 == 0 ) then
echo #  msmv job for PMS2D/RF14.20070524.173553.RP2.bi -- OK -- `date`
date
#  msmv job for PMS2D/RF14.20070524.173553.RP2.bi -- OK -- Tue Apr 29 14:14:50 MDT 2008
endif
@ num ++
end
while ( 15 < = 14 )
echo #   Completed on `date`
date
#   Completed on Tue Apr 29 14:14:50 MDT 2008
exit
